#
# There is insufficient memory for the Java Runtime Environment to continue.
# Native memory allocation (mmap) failed to map 138412032 bytes for committing reserved memory.
# Possible reasons:
#   The system is out of physical RAM or swap space
#   In 32 bit mode, the process size limit was hit
# Possible solutions:
#   Reduce memory load on the system
#   Increase physical memory or swap space
#   Check if swap backing store is full
#   Use 64 bit Java on a 64 bit OS
#   Decrease Java heap size (-Xmx/-Xms)
#   Decrease number of Java threads
#   Decrease Java thread stack sizes (-Xss)
#   Set larger code cache with -XX:ReservedCodeCacheSize=
# This output file may be truncated or incomplete.
#
#  Out of Memory Error (os_linux.cpp:2671), pid=5156, tid=140573000316672
#
# JRE version: Java(TM) SE Runtime Environment (8.0_20-b26) (build 1.8.0_20-b26)
# Java VM: Java HotSpot(TM) 64-Bit Server VM (25.20-b23 mixed mode linux-amd64 compressed oops)
# Failed to write core dump. Core dumps have been disabled. To enable core dumping, try "ulimit -c unlimited" before starting Java again
#

---------------  T H R E A D  ---------------

Current thread (0x00007fd9d8073800):  VMThread [stack: 0x00007fd9b3afb000,0x00007fd9b3bfc000] [id=5189]

Stack: [0x00007fd9b3afb000,0x00007fd9b3bfc000],  sp=0x00007fd9b3bfa2f0,  free space=1020k
Native frames: (J=compiled Java code, j=interpreted, Vv=VM code, C=native code)
V  [libjvm.so+0xa76cea]  VMError::report_and_die()+0x2ca
V  [libjvm.so+0x4e52fb]  report_vm_out_of_memory(char const*, int, unsigned long, VMErrorType, char const*)+0x8b
V  [libjvm.so+0x8e4ec3]  os::Linux::commit_memory_impl(char*, unsigned long, bool)+0x103
V  [libjvm.so+0x8e5419]  os::pd_commit_memory(char*, unsigned long, unsigned long, bool)+0x29
V  [libjvm.so+0x8df0ea]  os::commit_memory(char*, unsigned long, unsigned long, bool)+0x2a
V  [libjvm.so+0x94f1f3]  PSVirtualSpace::expand_by(unsigned long)+0x53
V  [libjvm.so+0x9505f8]  PSYoungGen::resize_generation(unsigned long, unsigned long)+0xf8
V  [libjvm.so+0x94f752]  PSYoungGen::resize(unsigned long, unsigned long)+0x22
V  [libjvm.so+0x94ca33]  PSScavenge::invoke_no_policy()+0xf53
V  [libjvm.so+0x94d1b1]  PSScavenge::invoke()+0x41
V  [libjvm.so+0x9070d0]  ParallelScavengeHeap::failed_mem_allocate(unsigned long)+0x70
V  [libjvm.so+0xa78367]  VM_ParallelGCFailedAllocation::doit()+0x97
V  [libjvm.so+0xa7fa85]  VM_Operation::evaluate()+0x55
V  [libjvm.so+0xa7de5a]  VMThread::evaluate_operation(VM_Operation*)+0xba
V  [libjvm.so+0xa7e1de]  VMThread::loop()+0x1ce
V  [libjvm.so+0xa7e650]  VMThread::run()+0x70
V  [libjvm.so+0x8e75f8]  java_start(Thread*)+0x108

VM_Operation (0x00007fd9de2e7110): ParallelGCFailedAllocation, mode: safepoint, requested by thread 0x00007fd9d800a000


---------------  P R O C E S S  ---------------

Java Threads: ( => current thread )
  0x00007fd9d80b8000 JavaThread "Service Thread" daemon [_thread_blocked, id=5220, stack(0x00007fd9b2be1000,0x00007fd9b2ce2000)]
  0x00007fd9d80b3000 JavaThread "C1 CompilerThread2" daemon [_thread_blocked, id=5212, stack(0x00007fd9b2ce2000,0x00007fd9b2de3000)]
  0x00007fd9d80b1000 JavaThread "C2 CompilerThread1" daemon [_thread_blocked, id=5205, stack(0x00007fd9b2de3000,0x00007fd9b2ee4000)]
  0x00007fd9d80ae000 JavaThread "C2 CompilerThread0" daemon [_thread_blocked, id=5204, stack(0x00007fd9b2ee4000,0x00007fd9b2fe5000)]
  0x00007fd9d80ac000 JavaThread "Signal Dispatcher" daemon [_thread_blocked, id=5202, stack(0x00007fd9b2fe5000,0x00007fd9b30e6000)]
  0x00007fd9d807c800 JavaThread "Finalizer" daemon [_thread_blocked, id=5200, stack(0x00007fd9b38f9000,0x00007fd9b39fa000)]
  0x00007fd9d807a800 JavaThread "Reference Handler" daemon [_thread_blocked, id=5197, stack(0x00007fd9b39fa000,0x00007fd9b3afb000)]
  0x00007fd9d800a000 JavaThread "main" [_thread_blocked, id=5172, stack(0x00007fd9de1e8000,0x00007fd9de2e9000)]

Other Threads:
=>0x00007fd9d8073800 VMThread [stack: 0x00007fd9b3afb000,0x00007fd9b3bfc000] [id=5189]
  0x00007fd9d80ba800 WatcherThread [stack: 0x00007fd9b2ae0000,0x00007fd9b2be1000] [id=5221]

VM state:at safepoint (normal execution)

VM Mutex/Monitor currently owned by a thread:  ([mutex/lock_event])
[0x00007fd9d8006670] Threads_lock - owner thread: 0x00007fd9d8073800
[0x00007fd9d8006b70] Heap_lock - owner thread: 0x00007fd9d800a000

Heap:
 PSYoungGen      total 135168K, used 14316K [0x00000000eab00000, 0x00000000f3f00000, 0x0000000100000000)
  eden space 120832K, 0% used [0x00000000eab00000,0x00000000eab00000,0x00000000f2100000)
  from space 14336K, 99% used [0x00000000f2100000,0x00000000f2efb300,0x00000000f2f00000)
  to   space 12288K, 0% used [0x00000000f2f00000,0x00000000f2f00000,0x00000000f3b00000)
 ParOldGen       total 40960K, used 34832K [0x00000000c0000000, 0x00000000c2800000, 0x00000000eab00000)
  object space 40960K, 85% used [0x00000000c0000000,0x00000000c22041c8,0x00000000c2800000)
 Metaspace       used 6458K, capacity 7348K, committed 7552K, reserved 1056768K
  class space    used 619K, capacity 620K, committed 640K, reserved 1048576K

Card table byte_map: [0x00007fd9c7dbc000,0x00007fd9c7fbd000] byte_map_base: 0x00007fd9c77bc000

Marking Bits: (ParMarkBitMap*) 0x00007fd9dd6c4ac0
 Begin Bits: [0x00007fd9c5862000, 0x00007fd9c6862000)
 End Bits:   [0x00007fd9c6862000, 0x00007fd9c7862000)

Polling page: 0x00007fd9de30a000

CodeCache: size=245760Kb used=8150Kb max_used=8150Kb free=237609Kb
 bounds [0x00007fd9c837d000, 0x00007fd9c8b7d000, 0x00007fd9d737d000]
 total_blobs=2375 nmethods=2111 adapters=178
 compilation: enabled

Compilation events (10 events):
Event: 12.992 Thread 0x00007fd9d80b3000 2595       2       com.android.dx.dex.file.FieldIdsSection::get (49 bytes)
Event: 12.992 Thread 0x00007fd9d80b3000 nmethod 2595 0x00007fd9c8b74fd0 code [0x00007fd9c8b75180, 0x00007fd9c8b75538]
Event: 12.992 Thread 0x00007fd9d80b3000 2610       2       com.android.dx.dex.code.LocalList$Entry::isStart (16 bytes)
Event: 12.993 Thread 0x00007fd9d80b3000 nmethod 2610 0x00007fd9c8b75750 code [0x00007fd9c8b758a0, 0x00007fd9c8b75a10]
Event: 12.993 Thread 0x00007fd9d80b3000 2598       2       com.android.dx.dex.file.MethodIdsSection::get (49 bytes)
Event: 12.993 Thread 0x00007fd9d80b3000 nmethod 2598 0x00007fd9c8b75a90 code [0x00007fd9c8b75c40, 0x00007fd9c8b75ff8]
Event: 12.993 Thread 0x00007fd9d80b3000 2606       2       com.android.dx.rop.code.RegisterSpecList$Expander::<init> (41 bytes)
Event: 12.993 Thread 0x00007fd9d80b3000 nmethod 2606 0x00007fd9c8b76210 code [0x00007fd9c8b76380, 0x00007fd9c8b765c8]
Event: 12.993 Thread 0x00007fd9d80b3000 2593       2       com.android.dx.dex.code.form.Form11x::codeSize (2 bytes)
Event: 13.006 Thread 0x00007fd9d80b3000 nmethod 2593 0x00007fd9c8b76750 code [0x00007fd9c8b768a0, 0x00007fd9c8b769f0]

GC Heap History (10 events):
Event: 4.145 GC heap after
Heap after GC invocations=2 (full 0):
 PSYoungGen      total 33280K, used 2530K [0x00000000eab00000, 0x00000000ece00000, 0x0000000100000000)
  eden space 30720K, 0% used [0x00000000eab00000,0x00000000eab00000,0x00000000ec900000)
  from space 2560K, 98% used [0x00000000ecb80000,0x00000000ecdf8908,0x00000000ece00000)
  to   space 2560K, 0% used [0x00000000ec900000,0x00000000ec900000,0x00000000ecb80000)
 ParOldGen       total 40960K, used 3791K [0x00000000c0000000, 0x00000000c2800000, 0x00000000eab00000)
  object space 40960K, 9% used [0x00000000c0000000,0x00000000c03b3df0,0x00000000c2800000)
 Metaspace       used 5689K, capacity 6832K, committed 7040K, reserved 1056768K
  class space    used 579K, capacity 616K, committed 640K, reserved 1048576K
}
Event: 5.314 GC heap before
{Heap before GC invocations=3 (full 0):
 PSYoungGen      total 33280K, used 33250K [0x00000000eab00000, 0x00000000ece00000, 0x0000000100000000)
  eden space 30720K, 100% used [0x00000000eab00000,0x00000000ec900000,0x00000000ec900000)
  from space 2560K, 98% used [0x00000000ecb80000,0x00000000ecdf8908,0x00000000ece00000)
  to   space 2560K, 0% used [0x00000000ec900000,0x00000000ec900000,0x00000000ecb80000)
 ParOldGen       total 40960K, used 3791K [0x00000000c0000000, 0x00000000c2800000, 0x00000000eab00000)
  object space 40960K, 9% used [0x00000000c0000000,0x00000000c03b3df0,0x00000000c2800000)
 Metaspace       used 5748K, capacity 6896K, committed 7040K, reserved 1056768K
  class space    used 580K, capacity 616K, committed 640K, reserved 1048576K
Event: 5.400 GC heap after
Heap after GC invocations=3 (full 0):
 PSYoungGen      total 33280K, used 2549K [0x00000000eab00000, 0x00000000eec00000, 0x0000000100000000)
  eden space 30720K, 0% used [0x00000000eab00000,0x00000000eab00000,0x00000000ec900000)
  from space 2560K, 99% used [0x00000000ec900000,0x00000000ecb7d7b0,0x00000000ecb80000)
  to   space 2560K, 0% used [0x00000000ee980000,0x00000000ee980000,0x00000000eec00000)
 ParOldGen       total 40960K, used 8930K [0x00000000c0000000, 0x00000000c2800000, 0x00000000eab00000)
  object space 40960K, 21% used [0x00000000c0000000,0x00000000c08b8830,0x00000000c2800000)
 Metaspace       used 5748K, capacity 6896K, committed 7040K, reserved 1056768K
  class space    used 580K, capacity 616K, committed 640K, reserved 1048576K
}
Event: 6.058 GC heap before
{Heap before GC invocations=4 (full 0):
 PSYoungGen      total 33280K, used 33269K [0x00000000eab00000, 0x00000000eec00000, 0x0000000100000000)
  eden space 30720K, 100% used [0x00000000eab00000,0x00000000ec900000,0x00000000ec900000)
  from space 2560K, 99% used [0x00000000ec900000,0x00000000ecb7d7b0,0x00000000ecb80000)
  to   space 2560K, 0% used [0x00000000ee980000,0x00000000ee980000,0x00000000eec00000)
 ParOldGen       total 40960K, used 8930K [0x00000000c0000000, 0x00000000c2800000, 0x00000000eab00000)
  object space 40960K, 21% used [0x00000000c0000000,0x00000000c08b8830,0x00000000c2800000)
 Metaspace       used 5772K, capacity 6896K, committed 7040K, reserved 1056768K
  class space    used 580K, capacity 616K, committed 640K, reserved 1048576K
Event: 6.116 GC heap after
Heap after GC invocations=4 (full 0):
 PSYoungGen      total 64000K, used 2533K [0x00000000eab00000, 0x00000000eec00000, 0x0000000100000000)
  eden space 61440K, 0% used [0x00000000eab00000,0x00000000eab00000,0x00000000ee700000)
  from space 2560K, 98% used [0x00000000ee980000,0x00000000eebf97c0,0x00000000eec00000)
  to   space 2560K, 0% used [0x00000000ee700000,0x00000000ee700000,0x00000000ee980000)
 ParOldGen       total 40960K, used 13377K [0x00000000c0000000, 0x00000000c2800000, 0x00000000eab00000)
  object space 40960K, 32% used [0x00000000c0000000,0x00000000c0d105d0,0x00000000c2800000)
 Metaspace       used 5772K, capacity 6896K, committed 7040K, reserved 1056768K
  class space    used 580K, capacity 616K, committed 640K, reserved 1048576K
}
Event: 7.320 GC heap before
{Heap before GC invocations=5 (full 0):
 PSYoungGen      total 64000K, used 63973K [0x00000000eab00000, 0x00000000eec00000, 0x0000000100000000)
  eden space 61440K, 100% used [0x00000000eab00000,0x00000000ee700000,0x00000000ee700000)
  from space 2560K, 98% used [0x00000000ee980000,0x00000000eebf97c0,0x00000000eec00000)
  to   space 2560K, 0% used [0x00000000ee700000,0x00000000ee700000,0x00000000ee980000)
 ParOldGen       total 40960K, used 13377K [0x00000000c0000000, 0x00000000c2800000, 0x00000000eab00000)
  object space 40960K, 32% used [0x00000000c0000000,0x00000000c0d105d0,0x00000000c2800000)
 Metaspace       used 5871K, capacity 6960K, committed 7040K, reserved 1056768K
  class space    used 581K, capacity 616K, committed 640K, reserved 1048576K
Event: 7.412 GC heap after
Heap after GC invocations=5 (full 0):
 PSYoungGen      total 64000K, used 2535K [0x00000000eab00000, 0x00000000f3b00000, 0x0000000100000000)
  eden space 61440K, 0% used [0x00000000eab00000,0x00000000eab00000,0x00000000ee700000)
  from space 2560K, 99% used [0x00000000ee700000,0x00000000ee979ca8,0x00000000ee980000)
  to   space 12288K, 0% used [0x00000000f2f00000,0x00000000f2f00000,0x00000000f3b00000)
 ParOldGen       total 40960K, used 22739K [0x00000000c0000000, 0x00000000c2800000, 0x00000000eab00000)
  object space 40960K, 55% used [0x00000000c0000000,0x00000000c1634c90,0x00000000c2800000)
 Metaspace       used 5871K, capacity 6960K, committed 7040K, reserved 1056768K
  class space    used 581K, capacity 616K, committed 640K, reserved 1048576K
}
Event: 9.542 GC heap before
{Heap before GC invocations=6 (full 0):
 PSYoungGen      total 64000K, used 63975K [0x00000000eab00000, 0x00000000f3b00000, 0x0000000100000000)
  eden space 61440K, 100% used [0x00000000eab00000,0x00000000ee700000,0x00000000ee700000)
  from space 2560K, 99% used [0x00000000ee700000,0x00000000ee979ca8,0x00000000ee980000)
  to   space 12288K, 0% used [0x00000000f2f00000,0x00000000f2f00000,0x00000000f3b00000)
 ParOldGen       total 40960K, used 22739K [0x00000000c0000000, 0x00000000c2800000, 0x00000000eab00000)
  object space 40960K, 55% used [0x00000000c0000000,0x00000000c1634c90,0x00000000c2800000)
 Metaspace       used 6056K, capacity 7088K, committed 7296K, reserved 1056768K
  class space    used 600K, capacity 616K, committed 640K, reserved 1048576K
Event: 9.695 GC heap after
Heap after GC invocations=6 (full 0):
 PSYoungGen      total 133120K, used 11921K [0x00000000eab00000, 0x00000000f3f00000, 0x0000000100000000)
  eden space 120832K, 0% used [0x00000000eab00000,0x00000000eab00000,0x00000000f2100000)
  from space 12288K, 97% used [0x00000000f2f00000,0x00000000f3aa4460,0x00000000f3b00000)
  to   space 14336K, 0% used [0x00000000f2100000,0x00000000f2100000,0x00000000f2f00000)
 ParOldGen       total 40960K, used 22739K [0x00000000c0000000, 0x00000000c2800000, 0x00000000eab00000)
  object space 40960K, 55% used [0x00000000c0000000,0x00000000c1634c90,0x00000000c2800000)
 Metaspace       used 6056K, capacity 7088K, committed 7296K, reserved 1056768K
  class space    used 600K, capacity 616K, committed 640K, reserved 1048576K
}
Event: 13.646 GC heap before
{Heap before GC invocations=7 (full 0):
 PSYoungGen      total 133120K, used 132753K [0x00000000eab00000, 0x00000000f3f00000, 0x0000000100000000)
  eden space 120832K, 100% used [0x00000000eab00000,0x00000000f2100000,0x00000000f2100000)
  from space 12288K, 97% used [0x00000000f2f00000,0x00000000f3aa4460,0x00000000f3b00000)
  to   space 14336K, 0% used [0x00000000f2100000,0x00000000f2100000,0x00000000f2f00000)
 ParOldGen       total 40960K, used 22739K [0x00000000c0000000, 0x00000000c2800000, 0x00000000eab00000)
  object space 40960K, 55% used [0x00000000c0000000,0x00000000c1634c90,0x00000000c2800000)
 Metaspace       used 6458K, capacity 7348K, committed 7552K, reserved 1056768K
  class space    used 619K, capacity 620K, committed 640K, reserved 1048576K

Deoptimization events (10 events):
Event: 9.858 Thread 0x00007fd9d8135800 Uncommon trap: reason=unreached action=reinterpret pc=0x00007fd9c87b9898 method=java.util.HashMap.putVal(ILjava/lang/Object;Ljava/lang/Object;ZZ)Ljava/lang/Object; @ 109
Event: 10.937 Thread 0x00007fd9d800a000 Uncommon trap: reason=class_check action=maybe_recompile pc=0x00007fd9c87f00c0 method=java.util.Arrays.hashCode([Ljava/lang/Object;)I @ 43
Event: 10.937 Thread 0x00007fd9d800a000 Uncommon trap: reason=class_check action=maybe_recompile pc=0x00007fd9c87f00c0 method=java.util.Arrays.hashCode([Ljava/lang/Object;)I @ 43
Event: 10.937 Thread 0x00007fd9d800a000 Uncommon trap: reason=class_check action=maybe_recompile pc=0x00007fd9c87f00c0 method=java.util.Arrays.hashCode([Ljava/lang/Object;)I @ 43
Event: 10.937 Thread 0x00007fd9d800a000 Uncommon trap: reason=class_check action=maybe_recompile pc=0x00007fd9c87f00c0 method=java.util.Arrays.hashCode([Ljava/lang/Object;)I @ 43
Event: 10.937 Thread 0x00007fd9d800a000 Uncommon trap: reason=class_check action=maybe_recompile pc=0x00007fd9c8797580 method=java.util.Arrays.hashCode([Ljava/lang/Object;)I @ 43
Event: 12.891 Thread 0x00007fd9d800a000 Uncommon trap: reason=class_check action=maybe_recompile pc=0x00007fd9c86890e8 method=java.util.Arrays.equals([Ljava/lang/Object;[Ljava/lang/Object;)Z @ 62
Event: 12.891 Thread 0x00007fd9d800a000 Uncommon trap: reason=class_check action=maybe_recompile pc=0x00007fd9c86890e8 method=java.util.Arrays.equals([Ljava/lang/Object;[Ljava/lang/Object;)Z @ 62
Event: 12.891 Thread 0x00007fd9d800a000 Uncommon trap: reason=class_check action=maybe_recompile pc=0x00007fd9c86890e8 method=java.util.Arrays.equals([Ljava/lang/Object;[Ljava/lang/Object;)Z @ 62
Event: 12.891 Thread 0x00007fd9d800a000 Uncommon trap: reason=class_check action=maybe_recompile pc=0x00007fd9c86890e8 method=java.util.Arrays.equals([Ljava/lang/Object;[Ljava/lang/Object;)Z @ 62

Internal exceptions (10 events):
Event: 12.429 Thread 0x00007fd9d800a000 Exception <a 'java/security/PrivilegedActionException'> (0x00000000f2015428) thrown at [/HUDSON/workspace/8-2-build-linux-amd64/jdk8u20/1074/hotspot/src/share/vm/prims/jvm.cpp, line 1275]
Event: 12.431 Thread 0x00007fd9d800a000 Exception <a 'java/security/PrivilegedActionException'> (0x00000000f201a6c8) thrown at [/HUDSON/workspace/8-2-build-linux-amd64/jdk8u20/1074/hotspot/src/share/vm/prims/jvm.cpp, line 1275]
Event: 12.449 Thread 0x00007fd9d800a000 Exception <a 'java/security/PrivilegedActionException'> (0x00000000f2020d20) thrown at [/HUDSON/workspace/8-2-build-linux-amd64/jdk8u20/1074/hotspot/src/share/vm/prims/jvm.cpp, line 1275]
Event: 12.449 Thread 0x00007fd9d800a000 Exception <a 'java/security/PrivilegedActionException'> (0x00000000f2023d40) thrown at [/HUDSON/workspace/8-2-build-linux-amd64/jdk8u20/1074/hotspot/src/share/vm/prims/jvm.cpp, line 1275]
Event: 12.450 Thread 0x00007fd9d800a000 Exception <a 'java/security/PrivilegedActionException'> (0x00000000f2028c60) thrown at [/HUDSON/workspace/8-2-build-linux-amd64/jdk8u20/1074/hotspot/src/share/vm/prims/jvm.cpp, line 1275]
Event: 12.451 Thread 0x00007fd9d800a000 Exception <a 'java/security/PrivilegedActionException'> (0x00000000f202d408) thrown at [/HUDSON/workspace/8-2-build-linux-amd64/jdk8u20/1074/hotspot/src/share/vm/prims/jvm.cpp, line 1275]
Event: 12.477 Thread 0x00007fd9d800a000 Exception <a 'java/security/PrivilegedActionException'> (0x00000000f203e408) thrown at [/HUDSON/workspace/8-2-build-linux-amd64/jdk8u20/1074/hotspot/src/share/vm/prims/jvm.cpp, line 1275]
Event: 12.478 Thread 0x00007fd9d800a000 Exception <a 'java/security/PrivilegedActionException'> (0x00000000f2041490) thrown at [/HUDSON/workspace/8-2-build-linux-amd64/jdk8u20/1074/hotspot/src/share/vm/prims/jvm.cpp, line 1275]
Event: 12.480 Thread 0x00007fd9d800a000 Exception <a 'java/security/PrivilegedActionException'> (0x00000000f20446e8) thrown at [/HUDSON/workspace/8-2-build-linux-amd64/jdk8u20/1074/hotspot/src/share/vm/prims/jvm.cpp, line 1275]
Event: 12.561 Thread 0x00007fd9d800a000 Exception <a 'java/security/PrivilegedActionException'> (0x00000000f20551e0) thrown at [/HUDSON/workspace/8-2-build-linux-amd64/jdk8u20/1074/hotspot/src/share/vm/prims/jvm.cpp, line 1275]

Events (10 events):
Event: 12.891 Thread 0x00007fd9d800a000 Uncommon trap: trap_request=0xffffffde fr.pc=0x00007fd9c86890e8
Event: 12.891 Thread 0x00007fd9d800a000 DEOPT PACKING pc=0x00007fd9c86890e8 sp=0x00007fd9de2e7110
Event: 12.891 Thread 0x00007fd9d800a000 DEOPT UNPACKING pc=0x00007fd9c8381f69 sp=0x00007fd9de2e70c0 mode 2
Event: 12.891 Thread 0x00007fd9d800a000 Uncommon trap: trap_request=0xffffffde fr.pc=0x00007fd9c86890e8
Event: 12.891 Thread 0x00007fd9d800a000 DEOPT PACKING pc=0x00007fd9c86890e8 sp=0x00007fd9de2e7110
Event: 12.891 Thread 0x00007fd9d800a000 DEOPT UNPACKING pc=0x00007fd9c8381f69 sp=0x00007fd9de2e70c0 mode 2
Event: 12.891 Thread 0x00007fd9d800a000 Uncommon trap: trap_request=0xffffffde fr.pc=0x00007fd9c86890e8
Event: 12.891 Thread 0x00007fd9d800a000 DEOPT PACKING pc=0x00007fd9c86890e8 sp=0x00007fd9de2e7110
Event: 12.891 Thread 0x00007fd9d800a000 DEOPT UNPACKING pc=0x00007fd9c8381f69 sp=0x00007fd9de2e70c0 mode 2
Event: 13.545 Executing VM operation: ParallelGCFailedAllocation


Dynamic libraries:
00400000-00401000 r-xp 00000000 08:03 2625528                            /home/xerxes/program_files/jdk1.8.0_20/bin/java
00600000-00601000 rw-p 00000000 08:03 2625528                            /home/xerxes/program_files/jdk1.8.0_20/bin/java
0113e000-0115f000 rw-p 00000000 00:00 0                                  [heap]
c0000000-c2800000 rw-p 00000000 00:00 0 
c2800000-eab00000 ---p 00000000 00:00 0 
eab00000-f3f00000 rw-p 00000000 00:00 0 
fc300000-100000000 ---p 00000000 00:00 0 
100000000-1000a0000 rw-p 00000000 00:00 0 
1000a0000-140000000 ---p 00000000 00:00 0 
7fd974000000-7fd974021000 rw-p 00000000 00:00 0 
7fd974021000-7fd978000000 ---p 00000000 00:00 0 
7fd97c000000-7fd97c021000 rw-p 00000000 00:00 0 
7fd97c021000-7fd980000000 ---p 00000000 00:00 0 
7fd980000000-7fd980021000 rw-p 00000000 00:00 0 
7fd980021000-7fd984000000 ---p 00000000 00:00 0 
7fd984000000-7fd984051000 rw-p 00000000 00:00 0 
7fd984051000-7fd988000000 ---p 00000000 00:00 0 
7fd988000000-7fd988021000 rw-p 00000000 00:00 0 
7fd988021000-7fd98c000000 ---p 00000000 00:00 0 
7fd98c000000-7fd98c021000 rw-p 00000000 00:00 0 
7fd98c021000-7fd990000000 ---p 00000000 00:00 0 
7fd990000000-7fd990021000 rw-p 00000000 00:00 0 
7fd990021000-7fd994000000 ---p 00000000 00:00 0 
7fd994000000-7fd99512a000 rw-p 00000000 00:00 0 
7fd99512a000-7fd998000000 ---p 00000000 00:00 0 
7fd998000000-7fd9987d0000 rw-p 00000000 00:00 0 
7fd9987d0000-7fd99c000000 ---p 00000000 00:00 0 
7fd99c000000-7fd99c021000 rw-p 00000000 00:00 0 
7fd99c021000-7fd9a0000000 ---p 00000000 00:00 0 
7fd9a0000000-7fd9a130f000 rw-p 00000000 00:00 0 
7fd9a130f000-7fd9a4000000 ---p 00000000 00:00 0 
7fd9a4000000-7fd9a4021000 rw-p 00000000 00:00 0 
7fd9a4021000-7fd9a8000000 ---p 00000000 00:00 0 
7fd9a8000000-7fd9a8021000 rw-p 00000000 00:00 0 
7fd9a8021000-7fd9ac000000 ---p 00000000 00:00 0 
7fd9ac000000-7fd9ac27c000 rw-p 00000000 00:00 0 
7fd9ac27c000-7fd9b0000000 ---p 00000000 00:00 0 
7fd9b25db000-7fd9b25de000 ---p 00000000 00:00 0 
7fd9b25de000-7fd9b26dc000 rw-p 00000000 00:00 0 
7fd9b26dc000-7fd9b26df000 ---p 00000000 00:00 0 
7fd9b26df000-7fd9b27dd000 rw-p 00000000 00:00 0 
7fd9b27dd000-7fd9b27e0000 ---p 00000000 00:00 0 
7fd9b27e0000-7fd9b28de000 rw-p 00000000 00:00 0 
7fd9b28de000-7fd9b28e1000 ---p 00000000 00:00 0 
7fd9b28e1000-7fd9b29df000 rw-p 00000000 00:00 0 
7fd9b29df000-7fd9b29e2000 ---p 00000000 00:00 0 
7fd9b29e2000-7fd9b2ae0000 rw-p 00000000 00:00 0 
7fd9b2ae0000-7fd9b2ae1000 ---p 00000000 00:00 0 
7fd9b2ae1000-7fd9b2be1000 rw-p 00000000 00:00 0                          [stack:5221]
7fd9b2be1000-7fd9b2be4000 ---p 00000000 00:00 0 
7fd9b2be4000-7fd9b2ce2000 rw-p 00000000 00:00 0                          [stack:5220]
7fd9b2ce2000-7fd9b2ce5000 ---p 00000000 00:00 0 
7fd9b2ce5000-7fd9b2de3000 rw-p 00000000 00:00 0                          [stack:5212]
7fd9b2de3000-7fd9b2de6000 ---p 00000000 00:00 0 
7fd9b2de6000-7fd9b2ee4000 rw-p 00000000 00:00 0                          [stack:5205]
7fd9b2ee4000-7fd9b2ee7000 ---p 00000000 00:00 0 
7fd9b2ee7000-7fd9b2fe5000 rw-p 00000000 00:00 0                          [stack:5204]
7fd9b2fe5000-7fd9b2fe8000 ---p 00000000 00:00 0 
7fd9b2fe8000-7fd9b30e6000 rw-p 00000000 00:00 0                          [stack:5202]
7fd9b30e6000-7fd9b38f9000 r--p 00000000 08:03 1056786                    /usr/lib/locale/locale-archive
7fd9b38f9000-7fd9b38fc000 ---p 00000000 00:00 0 
7fd9b38fc000-7fd9b39fa000 rw-p 00000000 00:00 0                          [stack:5200]
7fd9b39fa000-7fd9b39fd000 ---p 00000000 00:00 0 
7fd9b39fd000-7fd9b3afb000 rw-p 00000000 00:00 0                          [stack:5197]
7fd9b3afb000-7fd9b3afc000 ---p 00000000 00:00 0 
7fd9b3afc000-7fd9b4000000 rw-p 00000000 00:00 0                          [stack:5189]
7fd9b4000000-7fd9b4021000 rw-p 00000000 00:00 0 
7fd9b4021000-7fd9b8000000 ---p 00000000 00:00 0 
7fd9b8000000-7fd9b8021000 rw-p 00000000 00:00 0 
7fd9b8021000-7fd9bc000000 ---p 00000000 00:00 0 
7fd9bc000000-7fd9bc021000 rw-p 00000000 00:00 0 
7fd9bc021000-7fd9c0000000 ---p 00000000 00:00 0 
7fd9c0000000-7fd9c0021000 rw-p 00000000 00:00 0 
7fd9c0021000-7fd9c4000000 ---p 00000000 00:00 0 
7fd9c4099000-7fd9c40a8000 r--s 000df000 08:03 924283                     /home/xerxes/program_files/adt-bundle/sdk/build-tools/23.0.1/lib/dx.jar
7fd9c40a8000-7fd9c4c16000 rw-p 00000000 00:00 0 
7fd9c4c16000-7fd9c4dec000 r--s 03ca8000 08:03 398403                     /home/xerxes/program_files/jdk1.8.0_20/jre/lib/rt.jar
7fd9c4dec000-7fd9c5522000 rw-p 00000000 00:00 0 
7fd9c5522000-7fd9c5662000 ---p 00000000 00:00 0 
7fd9c5662000-7fd9c7862000 rw-p 00000000 00:00 0 
7fd9c7862000-7fd9c7863000 ---p 00000000 00:00 0 
7fd9c7863000-7fd9c7963000 rw-p 00000000 00:00 0                          [stack:5188]
7fd9c7963000-7fd9c7964000 ---p 00000000 00:00 0 
7fd9c7964000-7fd9c7a64000 rw-p 00000000 00:00 0                          [stack:5185]
7fd9c7a64000-7fd9c7a65000 ---p 00000000 00:00 0 
7fd9c7a65000-7fd9c7b65000 rw-p 00000000 00:00 0                          [stack:5183]
7fd9c7b65000-7fd9c7b66000 ---p 00000000 00:00 0 
7fd9c7b66000-7fd9c7c7a000 rw-p 00000000 00:00 0                          [stack:5173]
7fd9c7c7a000-7fd9c7dbc000 ---p 00000000 00:00 0 
7fd9c7dbc000-7fd9c7dd0000 rw-p 00000000 00:00 0 
7fd9c7dd0000-7fd9c7f11000 ---p 00000000 00:00 0 
7fd9c7f11000-7fd9c7f5c000 rw-p 00000000 00:00 0 
7fd9c7f5c000-7fd9c7fbc000 ---p 00000000 00:00 0 
7fd9c7fbc000-7fd9c7fdd000 rw-p 00000000 00:00 0 
7fd9c7fdd000-7fd9c837d000 ---p 00000000 00:00 0 
7fd9c837d000-7fd9c8b7d000 rwxp 00000000 00:00 0 
7fd9c8b7d000-7fd9d737d000 ---p 00000000 00:00 0 
7fd9d737d000-7fd9d7397000 r-xp 00000000 08:03 398283                     /home/xerxes/program_files/jdk1.8.0_20/jre/lib/amd64/libzip.so
7fd9d7397000-7fd9d7597000 ---p 0001a000 08:03 398283                     /home/xerxes/program_files/jdk1.8.0_20/jre/lib/amd64/libzip.so
7fd9d7597000-7fd9d7598000 rw-p 0001a000 08:03 398283                     /home/xerxes/program_files/jdk1.8.0_20/jre/lib/amd64/libzip.so
7fd9d7598000-7fd9d75a3000 r-xp 00000000 08:03 131161                     /lib/x86_64-linux-gnu/libnss_files-2.19.so
7fd9d75a3000-7fd9d77a2000 ---p 0000b000 08:03 131161                     /lib/x86_64-linux-gnu/libnss_files-2.19.so
7fd9d77a2000-7fd9d77a3000 r--p 0000a000 08:03 131161                     /lib/x86_64-linux-gnu/libnss_files-2.19.so
7fd9d77a3000-7fd9d77a4000 rw-p 0000b000 08:03 131161                     /lib/x86_64-linux-gnu/libnss_files-2.19.so
7fd9d77a4000-7fd9d77af000 r-xp 00000000 08:03 131278                     /lib/x86_64-linux-gnu/libnss_nis-2.19.so
7fd9d77af000-7fd9d79ae000 ---p 0000b000 08:03 131278                     /lib/x86_64-linux-gnu/libnss_nis-2.19.so
7fd9d79ae000-7fd9d79af000 r--p 0000a000 08:03 131278                     /lib/x86_64-linux-gnu/libnss_nis-2.19.so
7fd9d79af000-7fd9d79b0000 rw-p 0000b000 08:03 131278                     /lib/x86_64-linux-gnu/libnss_nis-2.19.so
7fd9d79b0000-7fd9d79c7000 r-xp 00000000 08:03 131267                     /lib/x86_64-linux-gnu/libnsl-2.19.so
7fd9d79c7000-7fd9d7bc6000 ---p 00017000 08:03 131267                     /lib/x86_64-linux-gnu/libnsl-2.19.so
7fd9d7bc6000-7fd9d7bc7000 r--p 00016000 08:03 131267                     /lib/x86_64-linux-gnu/libnsl-2.19.so
7fd9d7bc7000-7fd9d7bc8000 rw-p 00017000 08:03 131267                     /lib/x86_64-linux-gnu/libnsl-2.19.so
7fd9d7bc8000-7fd9d7bca000 rw-p 00000000 00:00 0 
7fd9d7bca000-7fd9d7bd3000 r-xp 00000000 08:03 131175                     /lib/x86_64-linux-gnu/libnss_compat-2.19.so
7fd9d7bd3000-7fd9d7dd2000 ---p 00009000 08:03 131175                     /lib/x86_64-linux-gnu/libnss_compat-2.19.so
7fd9d7dd2000-7fd9d7dd3000 r--p 00008000 08:03 131175                     /lib/x86_64-linux-gnu/libnss_compat-2.19.so
7fd9d7dd3000-7fd9d7dd4000 rw-p 00009000 08:03 131175                     /lib/x86_64-linux-gnu/libnss_compat-2.19.so
7fd9d7dd4000-7fd9d7dfe000 r-xp 00000000 08:03 398260                     /home/xerxes/program_files/jdk1.8.0_20/jre/lib/amd64/libjava.so
7fd9d7dfe000-7fd9d7ffe000 ---p 0002a000 08:03 398260                     /home/xerxes/program_files/jdk1.8.0_20/jre/lib/amd64/libjava.so
7fd9d7ffe000-7fd9d8000000 rw-p 0002a000 08:03 398260                     /home/xerxes/program_files/jdk1.8.0_20/jre/lib/amd64/libjava.so
7fd9d8000000-7fd9d8374000 rw-p 00000000 00:00 0 
7fd9d8374000-7fd9dc000000 ---p 00000000 00:00 0 
7fd9dc00e000-7fd9dc050000 rw-p 00000000 00:00 0 
7fd9dc050000-7fd9dc05d000 r-xp 00000000 08:03 398225                     /home/xerxes/program_files/jdk1.8.0_20/jre/lib/amd64/libverify.so
7fd9dc05d000-7fd9dc25d000 ---p 0000d000 08:03 398225                     /home/xerxes/program_files/jdk1.8.0_20/jre/lib/amd64/libverify.so
7fd9dc25d000-7fd9dc25f000 rw-p 0000d000 08:03 398225                     /home/xerxes/program_files/jdk1.8.0_20/jre/lib/amd64/libverify.so
7fd9dc25f000-7fd9dc266000 r-xp 00000000 08:03 131275                     /lib/x86_64-linux-gnu/librt-2.19.so
7fd9dc266000-7fd9dc465000 ---p 00007000 08:03 131275                     /lib/x86_64-linux-gnu/librt-2.19.so
7fd9dc465000-7fd9dc466000 r--p 00006000 08:03 131275                     /lib/x86_64-linux-gnu/librt-2.19.so
7fd9dc466000-7fd9dc467000 rw-p 00007000 08:03 131275                     /lib/x86_64-linux-gnu/librt-2.19.so
7fd9dc467000-7fd9dc56c000 r-xp 00000000 08:03 131101                     /lib/x86_64-linux-gnu/libm-2.19.so
7fd9dc56c000-7fd9dc76b000 ---p 00105000 08:03 131101                     /lib/x86_64-linux-gnu/libm-2.19.so
7fd9dc76b000-7fd9dc76c000 r--p 00104000 08:03 131101                     /lib/x86_64-linux-gnu/libm-2.19.so
7fd9dc76c000-7fd9dc76d000 rw-p 00105000 08:03 131101                     /lib/x86_64-linux-gnu/libm-2.19.so
7fd9dc76d000-7fd9dd3d7000 r-xp 00000000 08:03 398147                     /home/xerxes/program_files/jdk1.8.0_20/jre/lib/amd64/server/libjvm.so
7fd9dd3d7000-7fd9dd5d6000 ---p 00c6a000 08:03 398147                     /home/xerxes/program_files/jdk1.8.0_20/jre/lib/amd64/server/libjvm.so
7fd9dd5d6000-7fd9dd6ad000 rw-p 00c69000 08:03 398147                     /home/xerxes/program_files/jdk1.8.0_20/jre/lib/amd64/server/libjvm.so
7fd9dd6ad000-7fd9dd6ef000 rw-p 00000000 00:00 0 
7fd9dd6ef000-7fd9dd8aa000 r-xp 00000000 08:03 131272                     /lib/x86_64-linux-gnu/libc-2.19.so
7fd9dd8aa000-7fd9ddaa9000 ---p 001bb000 08:03 131272                     /lib/x86_64-linux-gnu/libc-2.19.so
7fd9ddaa9000-7fd9ddaad000 r--p 001ba000 08:03 131272                     /lib/x86_64-linux-gnu/libc-2.19.so
7fd9ddaad000-7fd9ddaaf000 rw-p 001be000 08:03 131272                     /lib/x86_64-linux-gnu/libc-2.19.so
7fd9ddaaf000-7fd9ddab4000 rw-p 00000000 00:00 0 
7fd9ddab4000-7fd9ddab7000 r-xp 00000000 08:03 131166                     /lib/x86_64-linux-gnu/libdl-2.19.so
7fd9ddab7000-7fd9ddcb6000 ---p 00003000 08:03 131166                     /lib/x86_64-linux-gnu/libdl-2.19.so
7fd9ddcb6000-7fd9ddcb7000 r--p 00002000 08:03 131166                     /lib/x86_64-linux-gnu/libdl-2.19.so
7fd9ddcb7000-7fd9ddcb8000 rw-p 00003000 08:03 131166                     /lib/x86_64-linux-gnu/libdl-2.19.so
7fd9ddcb8000-7fd9ddccd000 r-xp 00000000 08:03 398291                     /home/xerxes/program_files/jdk1.8.0_20/lib/amd64/jli/libjli.so
7fd9ddccd000-7fd9ddecc000 ---p 00015000 08:03 398291                     /home/xerxes/program_files/jdk1.8.0_20/lib/amd64/jli/libjli.so
7fd9ddecc000-7fd9ddecd000 rw-p 00014000 08:03 398291                     /home/xerxes/program_files/jdk1.8.0_20/lib/amd64/jli/libjli.so
7fd9ddecd000-7fd9ddee6000 r-xp 00000000 08:03 131273                     /lib/x86_64-linux-gnu/libpthread-2.19.so
7fd9ddee6000-7fd9de0e5000 ---p 00019000 08:03 131273                     /lib/x86_64-linux-gnu/libpthread-2.19.so
7fd9de0e5000-7fd9de0e6000 r--p 00018000 08:03 131273                     /lib/x86_64-linux-gnu/libpthread-2.19.so
7fd9de0e6000-7fd9de0e7000 rw-p 00019000 08:03 131273                     /lib/x86_64-linux-gnu/libpthread-2.19.so
7fd9de0e7000-7fd9de0eb000 rw-p 00000000 00:00 0 
7fd9de0eb000-7fd9de10e000 r-xp 00000000 08:03 131269                     /lib/x86_64-linux-gnu/ld-2.19.so
7fd9de115000-7fd9de1e8000 rw-p 00000000 00:00 0 
7fd9de1e8000-7fd9de1eb000 ---p 00000000 00:00 0 
7fd9de1eb000-7fd9de301000 rw-p 00000000 00:00 0                          [stack:5172]
7fd9de301000-7fd9de309000 rw-s 00000000 08:03 924526                     /tmp/hsperfdata_xerxes/5156
7fd9de309000-7fd9de30a000 rw-p 00000000 00:00 0 
7fd9de30a000-7fd9de30b000 ---p 00000000 00:00 0 
7fd9de30b000-7fd9de30d000 rw-p 00000000 00:00 0 
7fd9de30d000-7fd9de30e000 r--p 00022000 08:03 131269                     /lib/x86_64-linux-gnu/ld-2.19.so
7fd9de30e000-7fd9de30f000 rw-p 00023000 08:03 131269                     /lib/x86_64-linux-gnu/ld-2.19.so
7fd9de30f000-7fd9de310000 rw-p 00000000 00:00 0 
7fff64c10000-7fff64c32000 rw-p 00000000 00:00 0                          [stack]
7fff64d8b000-7fff64d8d000 r-xp 00000000 00:00 0                          [vdso]
ffffffffff600000-ffffffffff601000 r-xp 00000000 00:00 0                  [vsyscall]

VM Arguments:
jvm_args: -Djava.awt.headless=true -Xmx1024M -Dfile.encoding=UTF-8 -Duser.country=US -Duser.language=en -Duser.variant 
java_command: com.android.dx.command.Main --dex --num-threads=4 --output /home/xerxes/finalyrproject/CDAMAPP/app/build/intermediates/pre-dexed/debug/com.android.support-appcompat-v7-23.1.1_efb16422d96c13181236296239f9ac0830fd4196.jar /home/xerxes/finalyrproject/CDAMAPP/app/build/intermediates/exploded-aar/com.android.support/appcompat-v7/23.1.1/jars/classes.jar
java_class_path (initial): /home/xerxes/program_files/adt-bundle/sdk/build-tools/23.0.1/lib/dx.jar
Launcher Type: SUN_STANDARD

Environment Variables:
JAVA_HOME=/home/xerxes/program_files/jdk1.8.0_20/bin
PATH=/home/xerxes/program_files/android-studio/bin:/home/xerxes/program_files/arduino-1.0.6:/home/xerxes/program_files/argouml-0.34:/home/xerxes/program_files/adt-bundle/sdk/tools:/home/xerxes/program_files/eclipse:/opt/lampp/bin:/home/xerxes/program_files/netbeans-7.1rc1/bin:/home/xerxes/program_files/jdk1.8.0_20/bin:/usr/local/sbin:/usr/local/bin:/usr/sbin:/usr/bin:/sbin:/bin:/usr/games:/usr/local/games
LD_LIBRARY_PATH=program_files/android-studio/bin:
SHELL=/bin/bash
DISPLAY=:0

Signal Handlers:
SIGSEGV: [libjvm.so+0xa77530], sa_mask[0]=11111111011111111101111111111110, sa_flags=SA_RESTART|SA_SIGINFO
SIGBUS: [libjvm.so+0xa77530], sa_mask[0]=11111111011111111101111111111110, sa_flags=SA_RESTART|SA_SIGINFO
SIGFPE: [libjvm.so+0x8e1d90], sa_mask[0]=11111111011111111101111111111110, sa_flags=SA_RESTART|SA_SIGINFO
SIGPIPE: [libjvm.so+0x8e1d90], sa_mask[0]=11111111011111111101111111111110, sa_flags=SA_RESTART|SA_SIGINFO
SIGXFSZ: [libjvm.so+0x8e1d90], sa_mask[0]=11111111011111111101111111111110, sa_flags=SA_RESTART|SA_SIGINFO
SIGILL: [libjvm.so+0x8e1d90], sa_mask[0]=11111111011111111101111111111110, sa_flags=SA_RESTART|SA_SIGINFO
SIGUSR1: SIG_DFL, sa_mask[0]=00000000000000000000000000000000, sa_flags=none
SIGUSR2: [libjvm.so+0x8e35c0], sa_mask[0]=00100000000000000000000000000000, sa_flags=SA_RESTART|SA_SIGINFO
SIGHUP: [libjvm.so+0x8e4980], sa_mask[0]=11111111011111111101111111111110, sa_flags=SA_RESTART|SA_SIGINFO
SIGINT: [libjvm.so+0x8e4980], sa_mask[0]=11111111011111111101111111111110, sa_flags=SA_RESTART|SA_SIGINFO
SIGTERM: [libjvm.so+0x8e4980], sa_mask[0]=11111111011111111101111111111110, sa_flags=SA_RESTART|SA_SIGINFO
SIGQUIT: [libjvm.so+0x8e4980], sa_mask[0]=11111111011111111101111111111110, sa_flags=SA_RESTART|SA_SIGINFO


---------------  S Y S T E M  ---------------

OS:DISTRIB_ID=Ubuntu
DISTRIB_RELEASE=14.04
DISTRIB_CODENAME=trusty
DISTRIB_DESCRIPTION="Ubuntu 14.04.2 LTS"

uname:Linux 3.13.0-49-generic #81-Ubuntu SMP Tue Mar 24 19:29:48 UTC 2015 x86_64
libc:glibc 2.19 NPTL 2.19 
rlimit: STACK 8192k, CORE 0k, NPROC 30235, NOFILE 4096, AS infinity
load average:26.39 8.40 3.66

/proc/meminfo:
MemTotal:        3891756 kB
MemFree:          119736 kB
Buffers:             516 kB
Cached:           172416 kB
SwapCached:         9324 kB
Active:          2617008 kB
Inactive:         993092 kB
Active(anon):    2616064 kB
Inactive(anon):   987288 kB
Active(file):        944 kB
Inactive(file):     5804 kB
Unevictable:          56 kB
Mlocked:              56 kB
SwapTotal:        262140 kB
SwapFree:              0 kB
Dirty:               140 kB
Writeback:            20 kB
AnonPages:       3428012 kB
Mapped:            28072 kB
Shmem:            166072 kB
Slab:              66540 kB
SReclaimable:      30916 kB
SUnreclaim:        35624 kB
KernelStack:        5400 kB
PageTables:        39592 kB
NFS_Unstable:          0 kB
Bounce:                0 kB
WritebackTmp:          0 kB
CommitLimit:     2208016 kB
Committed_AS:    6878856 kB
VmallocTotal:   34359738367 kB
VmallocUsed:      402368 kB
VmallocChunk:   34359327400 kB
HardwareCorrupted:     0 kB
AnonHugePages:   2127872 kB
HugePages_Total:       0
HugePages_Free:        0
HugePages_Rsvd:        0
HugePages_Surp:        0
Hugepagesize:       2048 kB
DirectMap4k:       67380 kB
DirectMap2M:     3971072 kB


CPU:total 4 (2 cores per cpu, 2 threads per core) family 6 model 58 stepping 9, cmov, cx8, fxsr, mmx, sse, sse2, sse3, ssse3, sse4.1, sse4.2, popcnt, avx, aes, clmul, erms, ht, tsc, tscinvbit, tscinv

/proc/cpuinfo:
processor	: 0
vendor_id	: GenuineIntel
cpu family	: 6
model		: 58
model name	: Intel(R) Core(TM) i5-3230M CPU @ 2.60GHz
stepping	: 9
microcode	: 0x15
cpu MHz		: 2601.000
cache size	: 3072 KB
physical id	: 0
siblings	: 4
core id		: 0
cpu cores	: 2
apicid		: 0
initial apicid	: 0
fpu		: yes
fpu_exception	: yes
cpuid level	: 13
wp		: yes
flags		: fpu vme de pse tsc msr pae mce cx8 apic sep mtrr pge mca cmov pat pse36 clflush dts acpi mmx fxsr sse sse2 ss ht tm pbe syscall nx rdtscp lm constant_tsc arch_perfmon pebs bts rep_good nopl xtopology nonstop_tsc aperfmperf eagerfpu pni pclmulqdq dtes64 monitor ds_cpl vmx est tm2 ssse3 cx16 xtpr pdcm pcid sse4_1 sse4_2 x2apic popcnt tsc_deadline_timer aes xsave avx f16c rdrand lahf_lm ida arat epb xsaveopt pln pts dtherm tpr_shadow vnmi flexpriority ept vpid fsgsbase smep erms
bogomips	: 5188.52
clflush size	: 64
cache_alignment	: 64
address sizes	: 36 bits physical, 48 bits virtual
power management:

processor	: 1
vendor_id	: GenuineIntel
cpu family	: 6
model		: 58
model name	: Intel(R) Core(TM) i5-3230M CPU @ 2.60GHz
stepping	: 9
microcode	: 0x15
cpu MHz		: 1200.000
cache size	: 3072 KB
physical id	: 0
siblings	: 4
core id		: 0
cpu cores	: 2
apicid		: 1
initial apicid	: 1
fpu		: yes
fpu_exception	: yes
cpuid level	: 13
wp		: yes
flags		: fpu vme de pse tsc msr pae mce cx8 apic sep mtrr pge mca cmov pat pse36 clflush dts acpi mmx fxsr sse sse2 ss ht tm pbe syscall nx rdtscp lm constant_tsc arch_perfmon pebs bts rep_good nopl xtopology nonstop_tsc aperfmperf eagerfpu pni pclmulqdq dtes64 monitor ds_cpl vmx est tm2 ssse3 cx16 xtpr pdcm pcid sse4_1 sse4_2 x2apic popcnt tsc_deadline_timer aes xsave avx f16c rdrand lahf_lm ida arat epb xsaveopt pln pts dtherm tpr_shadow vnmi flexpriority ept vpid fsgsbase smep erms
bogomips	: 5188.52
clflush size	: 64
cache_alignment	: 64
address sizes	: 36 bits physical, 48 bits virtual
power management:

processor	: 2
vendor_id	: GenuineIntel
cpu family	: 6
model		: 58
model name	: Intel(R) Core(TM) i5-3230M CPU @ 2.60GHz
stepping	: 9
microcode	: 0x15
cpu MHz		: 2601.000
cache size	: 3072 KB
physical id	: 0
siblings	: 4
core id		: 1
cpu cores	: 2
apicid		: 2
initial apicid	: 2
fpu		: yes
fpu_exception	: yes
cpuid level	: 13
wp		: yes
flags		: fpu vme de pse tsc msr pae mce cx8 apic sep mtrr pge mca cmov pat pse36 clflush dts acpi mmx fxsr sse sse2 ss ht tm pbe syscall nx rdtscp lm constant_tsc arch_perfmon pebs bts rep_good nopl xtopology nonstop_tsc aperfmperf eagerfpu pni pclmulqdq dtes64 monitor ds_cpl vmx est tm2 ssse3 cx16 xtpr pdcm pcid sse4_1 sse4_2 x2apic popcnt tsc_deadline_timer aes xsave avx f16c rdrand lahf_lm ida arat epb xsaveopt pln pts dtherm tpr_shadow vnmi flexpriority ept vpid fsgsbase smep erms
bogomips	: 5188.52
clflush size	: 64
cache_alignment	: 64
address sizes	: 36 bits physical, 48 bits virtual
power management:

processor	: 3
vendor_id	: GenuineIntel
cpu family	: 6
model		: 58
model name	: Intel(R) Core(TM) i5-3230M CPU @ 2.60GHz
stepping	: 9
microcode	: 0x15
cpu MHz		: 2601.000
cache size	: 3072 KB
physical id	: 0
siblings	: 4
core id		: 1
cpu cores	: 2
apicid		: 3
initial apicid	: 3
fpu		: yes
fpu_exception	: yes
cpuid level	: 13
wp		: yes
flags		: fpu vme de pse tsc msr pae mce cx8 apic sep mtrr pge mca cmov pat pse36 clflush dts acpi mmx fxsr sse sse2 ss ht tm pbe syscall nx rdtscp lm constant_tsc arch_perfmon pebs bts rep_good nopl xtopology nonstop_tsc aperfmperf eagerfpu pni pclmulqdq dtes64 monitor ds_cpl vmx est tm2 ssse3 cx16 xtpr pdcm pcid sse4_1 sse4_2 x2apic popcnt tsc_deadline_timer aes xsave avx f16c rdrand lahf_lm ida arat epb xsaveopt pln pts dtherm tpr_shadow vnmi flexpriority ept vpid fsgsbase smep erms
bogomips	: 5188.52
clflush size	: 64
cache_alignment	: 64
address sizes	: 36 bits physical, 48 bits virtual
power management:



Memory: 4k page, physical 3891756k(119240k free), swap 262140k(0k free)

vm_info: Java HotSpot(TM) 64-Bit Server VM (25.20-b23) for linux-amd64 JRE (1.8.0_20-b26), built on Jul 30 2014 13:13:52 by "java_re" with gcc 4.3.0 20080428 (Red Hat 4.3.0-8)

time: Sun Feb  7 04:04:06 2016
elapsed time: 67 seconds (0d 0h 1m 7s)

