#
# There is insufficient memory for the Java Runtime Environment to continue.
# Native memory allocation (mmap) failed to map 136314880 bytes for committing reserved memory.
# Possible reasons:
#   The system is out of physical RAM or swap space
#   In 32 bit mode, the process size limit was hit
# Possible solutions:
#   Reduce memory load on the system
#   Increase physical memory or swap space
#   Check if swap backing store is full
#   Use 64 bit Java on a 64 bit OS
#   Decrease Java heap size (-Xmx/-Xms)
#   Decrease number of Java threads
#   Decrease Java thread stack sizes (-Xss)
#   Set larger code cache with -XX:ReservedCodeCacheSize=
# This output file may be truncated or incomplete.
#
#  Out of Memory Error (os_linux.cpp:2671), pid=5599, tid=140233777723136
#
# JRE version: Java(TM) SE Runtime Environment (8.0_20-b26) (build 1.8.0_20-b26)
# Java VM: Java HotSpot(TM) 64-Bit Server VM (25.20-b23 mixed mode linux-amd64 compressed oops)
# Failed to write core dump. Core dumps have been disabled. To enable core dumping, try "ulimit -c unlimited" before starting Java again
#

---------------  T H R E A D  ---------------

Current thread (0x00007f8ad0073800):  VMThread [stack: 0x00007f8ab871b000,0x00007f8ab881c000] [id=5623]

Stack: [0x00007f8ab871b000,0x00007f8ab881c000],  sp=0x00007f8ab881a170,  free space=1020k
Native frames: (J=compiled Java code, j=interpreted, Vv=VM code, C=native code)
V  [libjvm.so+0xa76cea]  VMError::report_and_die()+0x2ca
V  [libjvm.so+0x4e52fb]  report_vm_out_of_memory(char const*, int, unsigned long, VMErrorType, char const*)+0x8b
V  [libjvm.so+0x8e4ec3]  os::Linux::commit_memory_impl(char*, unsigned long, bool)+0x103
V  [libjvm.so+0x8e5419]  os::pd_commit_memory(char*, unsigned long, unsigned long, bool)+0x29
V  [libjvm.so+0x8df0ea]  os::commit_memory(char*, unsigned long, unsigned long, bool)+0x2a
V  [libjvm.so+0x94f1f3]  PSVirtualSpace::expand_by(unsigned long)+0x53
V  [libjvm.so+0x9505f8]  PSYoungGen::resize_generation(unsigned long, unsigned long)+0xf8
V  [libjvm.so+0x94f752]  PSYoungGen::resize(unsigned long, unsigned long)+0x22
V  [libjvm.so+0x94ca33]  PSScavenge::invoke_no_policy()+0xf53
V  [libjvm.so+0x94d1b1]  PSScavenge::invoke()+0x41
V  [libjvm.so+0x9070d0]  ParallelScavengeHeap::failed_mem_allocate(unsigned long)+0x70
V  [libjvm.so+0xa78367]  VM_ParallelGCFailedAllocation::doit()+0x97
V  [libjvm.so+0xa7fa85]  VM_Operation::evaluate()+0x55
V  [libjvm.so+0xa7de5a]  VMThread::evaluate_operation(VM_Operation*)+0xba
V  [libjvm.so+0xa7e1de]  VMThread::loop()+0x1ce
V  [libjvm.so+0xa7e650]  VMThread::run()+0x70
V  [libjvm.so+0x8e75f8]  java_start(Thread*)+0x108

VM_Operation (0x00007f8aa76e9d60): ParallelGCFailedAllocation, mode: safepoint, requested by thread 0x00007f8ad0129800


---------------  P R O C E S S  ---------------

Java Threads: ( => current thread )
  0x00007f8ad013a800 JavaThread "pool-1-thread-4" [_thread_blocked, id=5657, stack(0x00007f8aa71e7000,0x00007f8aa72e8000)]
  0x00007f8ad012e800 JavaThread "pool-1-thread-3" [_thread_blocked, id=5656, stack(0x00007f8aa72e8000,0x00007f8aa73e9000)]
  0x00007f8ad012d000 JavaThread "pool-1-thread-2" [_thread_blocked, id=5655, stack(0x00007f8aa73e9000,0x00007f8aa74ea000)]
  0x00007f8ad012c000 JavaThread "pool-2-thread-1" [_thread_blocked, id=5654, stack(0x00007f8aa74ea000,0x00007f8aa75eb000)]
  0x00007f8ad0129800 JavaThread "pool-1-thread-1" [_thread_blocked, id=5653, stack(0x00007f8aa75eb000,0x00007f8aa76ec000)]
  0x00007f8ad00b8000 JavaThread "Service Thread" daemon [_thread_blocked, id=5636, stack(0x00007f8ab8014000,0x00007f8ab8115000)]
  0x00007f8ad00b3000 JavaThread "C1 CompilerThread2" daemon [_thread_blocked, id=5635, stack(0x00007f8ab8115000,0x00007f8ab8216000)]
  0x00007f8ad00b1000 JavaThread "C2 CompilerThread1" daemon [_thread_blocked, id=5634, stack(0x00007f8ab8216000,0x00007f8ab8317000)]
  0x00007f8ad00ae000 JavaThread "C2 CompilerThread0" daemon [_thread_blocked, id=5633, stack(0x00007f8ab8317000,0x00007f8ab8418000)]
  0x00007f8ad00ac000 JavaThread "Signal Dispatcher" daemon [_thread_blocked, id=5632, stack(0x00007f8ab8418000,0x00007f8ab8519000)]
  0x00007f8ad007c800 JavaThread "Finalizer" daemon [_thread_blocked, id=5627, stack(0x00007f8ab8519000,0x00007f8ab861a000)]
  0x00007f8ad007a800 JavaThread "Reference Handler" daemon [_thread_blocked, id=5625, stack(0x00007f8ab861a000,0x00007f8ab871b000)]
  0x00007f8ad000a000 JavaThread "main" [_thread_blocked, id=5604, stack(0x00007f8ad6d94000,0x00007f8ad6e95000)]

Other Threads:
=>0x00007f8ad0073800 VMThread [stack: 0x00007f8ab871b000,0x00007f8ab881c000] [id=5623]
  0x00007f8ad00ba800 WatcherThread [stack: 0x00007f8aa76ec000,0x00007f8aa77ed000] [id=5637]

VM state:at safepoint (normal execution)

VM Mutex/Monitor currently owned by a thread:  ([mutex/lock_event])
[0x00007f8ad00065b0] Threads_lock - owner thread: 0x00007f8ad0073800
[0x00007f8ad0006ab0] Heap_lock - owner thread: 0x00007f8ad0129800

Heap:
 PSYoungGen      total 134656K, used 13823K [0x00000000eab00000, 0x00000000f3e00000, 0x0000000100000000)
  eden space 120832K, 0% used [0x00000000eab00000,0x00000000eab00000,0x00000000f2100000)
  from space 13824K, 99% used [0x00000000f2100000,0x00000000f2e7fd70,0x00000000f2e80000)
  to   space 11776K, 0% used [0x00000000f2e80000,0x00000000f2e80000,0x00000000f3a00000)
 ParOldGen       total 40960K, used 32193K [0x00000000c0000000, 0x00000000c2800000, 0x00000000eab00000)
  object space 40960K, 78% used [0x00000000c0000000,0x00000000c1f70680,0x00000000c2800000)
 Metaspace       used 6052K, capacity 7024K, committed 7296K, reserved 1056768K
  class space    used 599K, capacity 616K, committed 640K, reserved 1048576K

Card table byte_map: [0x00007f8ac0824000,0x00007f8ac0a25000] byte_map_base: 0x00007f8ac0224000

Marking Bits: (ParMarkBitMap*) 0x00007f8ad6270ac0
 Begin Bits: [0x00007f8aba000000, 0x00007f8abb000000)
 End Bits:   [0x00007f8abb000000, 0x00007f8abc000000)

Polling page: 0x00007f8ad6eb6000

CodeCache: size=245760Kb used=6071Kb max_used=6071Kb free=239688Kb
 bounds [0x00007f8ac0de5000, 0x00007f8ac13e5000, 0x00007f8acfde5000]
 total_blobs=1831 nmethods=1568 adapters=178
 compilation: enabled

Compilation events (10 events):
Event: 8.154 Thread 0x00007f8ad00b3000 nmethod 1887 0x00007f8ac13c89d0 code [0x00007f8ac13c8b40, 0x00007f8ac13c8db8]
Event: 8.174 Thread 0x00007f8ad00b3000 1923       2       com.android.dx.cf.code.Ropper::addSetupBlocks (535 bytes)
Event: 8.197 Thread 0x00007f8ad00b3000 nmethod 1923 0x00007f8ac13c8f10 code [0x00007f8ac13c9560, 0x00007f8ac13cbe28]
Event: 8.197 Thread 0x00007f8ad00b3000 1925 %     3       com.android.dx.rop.code.DexTranslationAdvice::totalRopWidth @ 10 (36 bytes)
Event: 8.198 Thread 0x00007f8ad00b3000 nmethod 1925% 0x00007f8ac13d0690 code [0x00007f8ac13d0860, 0x00007f8ac13d10a8]
Event: 8.198 Thread 0x00007f8ad00b3000 1921   !   2       com.android.dx.cf.code.BasicBlocker::doit (156 bytes)
Event: 8.199 Thread 0x00007f8ad00b3000 nmethod 1921 0x00007f8ac13d1410 code [0x00007f8ac13d1600, 0x00007f8ac13d1c78]
Event: 8.199 Thread 0x00007f8ad00b3000 1916       2       com.android.dx.ssa.ConstCollector::run (236 bytes)
Event: 8.217 Thread 0x00007f8ad00b3000 nmethod 1916 0x00007f8ac13d2610 code [0x00007f8ac13d29e0, 0x00007f8ac13d3b58]
Event: 8.217 Thread 0x00007f8ad00b3000 1926 %     3       com.android.dx.ssa.back.SsaToRop$1::visitBlock @ 50 (97 bytes)

GC Heap History (10 events):
Event: 2.413 GC heap after
Heap after GC invocations=2 (full 0):
 PSYoungGen      total 33280K, used 2535K [0x00000000eab00000, 0x00000000ece00000, 0x0000000100000000)
  eden space 30720K, 0% used [0x00000000eab00000,0x00000000eab00000,0x00000000ec900000)
  from space 2560K, 99% used [0x00000000ecb80000,0x00000000ecdf9c78,0x00000000ece00000)
  to   space 2560K, 0% used [0x00000000ec900000,0x00000000ec900000,0x00000000ecb80000)
 ParOldGen       total 40960K, used 4514K [0x00000000c0000000, 0x00000000c2800000, 0x00000000eab00000)
  object space 40960K, 11% used [0x00000000c0000000,0x00000000c04689a8,0x00000000c2800000)
 Metaspace       used 5557K, capacity 6704K, committed 6784K, reserved 1056768K
  class space    used 575K, capacity 616K, committed 640K, reserved 1048576K
}
Event: 3.562 GC heap before
{Heap before GC invocations=3 (full 0):
 PSYoungGen      total 33280K, used 33255K [0x00000000eab00000, 0x00000000ece00000, 0x0000000100000000)
  eden space 30720K, 100% used [0x00000000eab00000,0x00000000ec900000,0x00000000ec900000)
  from space 2560K, 99% used [0x00000000ecb80000,0x00000000ecdf9c78,0x00000000ece00000)
  to   space 2560K, 0% used [0x00000000ec900000,0x00000000ec900000,0x00000000ecb80000)
 ParOldGen       total 40960K, used 4514K [0x00000000c0000000, 0x00000000c2800000, 0x00000000eab00000)
  object space 40960K, 11% used [0x00000000c0000000,0x00000000c04689a8,0x00000000c2800000)
 Metaspace       used 5652K, capacity 6768K, committed 7040K, reserved 1056768K
  class space    used 578K, capacity 616K, committed 640K, reserved 1048576K
Event: 3.624 GC heap after
Heap after GC invocations=3 (full 0):
 PSYoungGen      total 33280K, used 2530K [0x00000000eab00000, 0x00000000eec00000, 0x0000000100000000)
  eden space 30720K, 0% used [0x00000000eab00000,0x00000000eab00000,0x00000000ec900000)
  from space 2560K, 98% used [0x00000000ec900000,0x00000000ecb78970,0x00000000ecb80000)
  to   space 2560K, 0% used [0x00000000ee980000,0x00000000ee980000,0x00000000eec00000)
 ParOldGen       total 40960K, used 8965K [0x00000000c0000000, 0x00000000c2800000, 0x00000000eab00000)
  object space 40960K, 21% used [0x00000000c0000000,0x00000000c08c15b0,0x00000000c2800000)
 Metaspace       used 5652K, capacity 6768K, committed 7040K, reserved 1056768K
  class space    used 578K, capacity 616K, committed 640K, reserved 1048576K
}
Event: 4.305 GC heap before
{Heap before GC invocations=4 (full 0):
 PSYoungGen      total 33280K, used 33250K [0x00000000eab00000, 0x00000000eec00000, 0x0000000100000000)
  eden space 30720K, 100% used [0x00000000eab00000,0x00000000ec900000,0x00000000ec900000)
  from space 2560K, 98% used [0x00000000ec900000,0x00000000ecb78970,0x00000000ecb80000)
  to   space 2560K, 0% used [0x00000000ee980000,0x00000000ee980000,0x00000000eec00000)
 ParOldGen       total 40960K, used 8965K [0x00000000c0000000, 0x00000000c2800000, 0x00000000eab00000)
  object space 40960K, 21% used [0x00000000c0000000,0x00000000c08c15b0,0x00000000c2800000)
 Metaspace       used 5691K, capacity 6768K, committed 7040K, reserved 1056768K
  class space    used 578K, capacity 616K, committed 640K, reserved 1048576K
Event: 4.358 GC heap after
Heap after GC invocations=4 (full 0):
 PSYoungGen      total 64000K, used 2530K [0x00000000eab00000, 0x00000000eec00000, 0x0000000100000000)
  eden space 61440K, 0% used [0x00000000eab00000,0x00000000eab00000,0x00000000ee700000)
  from space 2560K, 98% used [0x00000000ee980000,0x00000000eebf8970,0x00000000eec00000)
  to   space 2560K, 0% used [0x00000000ee700000,0x00000000ee700000,0x00000000ee980000)
 ParOldGen       total 40960K, used 13276K [0x00000000c0000000, 0x00000000c2800000, 0x00000000eab00000)
  object space 40960K, 32% used [0x00000000c0000000,0x00000000c0cf71a0,0x00000000c2800000)
 Metaspace       used 5691K, capacity 6768K, committed 7040K, reserved 1056768K
  class space    used 578K, capacity 616K, committed 640K, reserved 1048576K
}
Event: 5.694 GC heap before
{Heap before GC invocations=5 (full 0):
 PSYoungGen      total 64000K, used 63970K [0x00000000eab00000, 0x00000000eec00000, 0x0000000100000000)
  eden space 61440K, 100% used [0x00000000eab00000,0x00000000ee700000,0x00000000ee700000)
  from space 2560K, 98% used [0x00000000ee980000,0x00000000eebf8970,0x00000000eec00000)
  to   space 2560K, 0% used [0x00000000ee700000,0x00000000ee700000,0x00000000ee980000)
 ParOldGen       total 40960K, used 13276K [0x00000000c0000000, 0x00000000c2800000, 0x00000000eab00000)
  object space 40960K, 32% used [0x00000000c0000000,0x00000000c0cf71a0,0x00000000c2800000)
 Metaspace       used 5864K, capacity 6896K, committed 7040K, reserved 1056768K
  class space    used 597K, capacity 616K, committed 640K, reserved 1048576K
Event: 5.821 GC heap after
Heap after GC invocations=5 (full 0):
 PSYoungGen      total 64000K, used 2536K [0x00000000eab00000, 0x00000000f3a00000, 0x0000000100000000)
  eden space 61440K, 0% used [0x00000000eab00000,0x00000000eab00000,0x00000000ee700000)
  from space 2560K, 99% used [0x00000000ee700000,0x00000000ee97a3e8,0x00000000ee980000)
  to   space 11776K, 0% used [0x00000000f2e80000,0x00000000f2e80000,0x00000000f3a00000)
 ParOldGen       total 40960K, used 22496K [0x00000000c0000000, 0x00000000c2800000, 0x00000000eab00000)
  object space 40960K, 54% used [0x00000000c0000000,0x00000000c15f8298,0x00000000c2800000)
 Metaspace       used 5864K, capacity 6896K, committed 7040K, reserved 1056768K
  class space    used 597K, capacity 616K, committed 640K, reserved 1048576K
}
Event: 6.771 GC heap before
{Heap before GC invocations=6 (full 0):
 PSYoungGen      total 64000K, used 63976K [0x00000000eab00000, 0x00000000f3a00000, 0x0000000100000000)
  eden space 61440K, 100% used [0x00000000eab00000,0x00000000ee700000,0x00000000ee700000)
  from space 2560K, 99% used [0x00000000ee700000,0x00000000ee97a3e8,0x00000000ee980000)
  to   space 11776K, 0% used [0x00000000f2e80000,0x00000000f2e80000,0x00000000f3a00000)
 ParOldGen       total 40960K, used 22496K [0x00000000c0000000, 0x00000000c2800000, 0x00000000eab00000)
  object space 40960K, 54% used [0x00000000c0000000,0x00000000c15f8298,0x00000000c2800000)
 Metaspace       used 5903K, capacity 6896K, committed 7040K, reserved 1056768K
  class space    used 597K, capacity 616K, committed 640K, reserved 1048576K
Event: 6.877 GC heap after
Heap after GC invocations=6 (full 0):
 PSYoungGen      total 132608K, used 11752K [0x00000000eab00000, 0x00000000f3e00000, 0x0000000100000000)
  eden space 120832K, 0% used [0x00000000eab00000,0x00000000eab00000,0x00000000f2100000)
  from space 11776K, 99% used [0x00000000f2e80000,0x00000000f39fa228,0x00000000f3a00000)
  to   space 13824K, 0% used [0x00000000f2100000,0x00000000f2100000,0x00000000f2e80000)
 ParOldGen       total 40960K, used 22608K [0x00000000c0000000, 0x00000000c2800000, 0x00000000eab00000)
  object space 40960K, 55% used [0x00000000c0000000,0x00000000c1614090,0x00000000c2800000)
 Metaspace       used 5903K, capacity 6896K, committed 7040K, reserved 1056768K
  class space    used 597K, capacity 616K, committed 640K, reserved 1048576K
}
Event: 8.241 GC heap before
{Heap before GC invocations=7 (full 0):
 PSYoungGen      total 132608K, used 132584K [0x00000000eab00000, 0x00000000f3e00000, 0x0000000100000000)
  eden space 120832K, 100% used [0x00000000eab00000,0x00000000f2100000,0x00000000f2100000)
  from space 11776K, 99% used [0x00000000f2e80000,0x00000000f39fa228,0x00000000f3a00000)
  to   space 13824K, 0% used [0x00000000f2100000,0x00000000f2100000,0x00000000f2e80000)
 ParOldGen       total 40960K, used 22608K [0x00000000c0000000, 0x00000000c2800000, 0x00000000eab00000)
  object space 40960K, 55% used [0x00000000c0000000,0x00000000c1614090,0x00000000c2800000)
 Metaspace       used 6052K, capacity 7024K, committed 7296K, reserved 1056768K
  class space    used 599K, capacity 616K, committed 640K, reserved 1048576K

Deoptimization events (9 events):
Event: 2.603 Thread 0x00007f8ad000a000 Uncommon trap: reason=null_check action=make_not_entrant pc=0x00007f8ac1096358 method=com.android.dx.ssa.SsaRenamer.getLocalForNewReg(I)Lcom/android/dx/rop/code/LocalItem; @ 19
Event: 2.603 Thread 0x00007f8ad000a000 Uncommon trap: reason=null_check action=make_not_entrant pc=0x00007f8ac10b3298 method=com.android.dx.ssa.SsaRenamer.getLocalForNewReg(I)Lcom/android/dx/rop/code/LocalItem; @ 19
Event: 4.120 Thread 0x00007f8ad012e800 Uncommon trap: reason=bimorphic action=maybe_recompile pc=0x00007f8ac1026eb0 method=java.util.HashMap.getNode(ILjava/lang/Object;)Ljava/util/HashMap$Node; @ 126
Event: 4.776 Thread 0x00007f8ad000a000 Uncommon trap: reason=bimorphic action=maybe_recompile pc=0x00007f8ac1026eb0 method=java.util.HashMap.getNode(ILjava/lang/Object;)Ljava/util/HashMap$Node; @ 126
Event: 5.145 Thread 0x00007f8ad013a800 Uncommon trap: reason=bimorphic action=maybe_recompile pc=0x00007f8ac1026eb0 method=java.util.HashMap.getNode(ILjava/lang/Object;)Ljava/util/HashMap$Node; @ 126
Event: 5.145 Thread 0x00007f8ad013a800 Uncommon trap: reason=bimorphic action=maybe_recompile pc=0x00007f8ac1026eb0 method=java.util.HashMap.getNode(ILjava/lang/Object;)Ljava/util/HashMap$Node; @ 126
Event: 5.272 Thread 0x00007f8ad012d000 Uncommon trap: reason=bimorphic action=maybe_recompile pc=0x00007f8ac0fe813c method=java.util.HashMap.getNode(ILjava/lang/Object;)Ljava/util/HashMap$Node; @ 126
Event: 6.015 Thread 0x00007f8ad012e800 Uncommon trap: reason=unreached action=reinterpret pc=0x00007f8ac1250644 method=java.util.HashMap.getNode(ILjava/lang/Object;)Ljava/util/HashMap$Node; @ 84
Event: 6.239 Thread 0x00007f8ad000a000 Uncommon trap: reason=unreached action=reinterpret pc=0x00007f8ac125880c method=java.util.HashMap.getNode(ILjava/lang/Object;)Ljava/util/HashMap$Node; @ 84

Internal exceptions (10 events):
Event: 1.746 Thread 0x00007f8ad000a000 Exception <a 'java/security/PrivilegedActionException'> (0x00000000eaf85d60) thrown at [/HUDSON/workspace/8-2-build-linux-amd64/jdk8u20/1074/hotspot/src/share/vm/prims/jvm.cpp, line 1275]
Event: 1.785 Thread 0x00007f8ad000a000 Exception <a 'java/security/PrivilegedActionException'> (0x00000000eb0178a8) thrown at [/HUDSON/workspace/8-2-build-linux-amd64/jdk8u20/1074/hotspot/src/share/vm/prims/jvm.cpp, line 1275]
Event: 2.177 Thread 0x00007f8ad012e800 Exception <a 'java/security/PrivilegedActionException'> (0x00000000eb791398) thrown at [/HUDSON/workspace/8-2-build-linux-amd64/jdk8u20/1074/hotspot/src/share/vm/prims/jvm.cpp, line 1275]
Event: 2.418 Thread 0x00007f8ad013a800 Exception <a 'java/security/PrivilegedActionException'> (0x00000000eac33c80) thrown at [/HUDSON/workspace/8-2-build-linux-amd64/jdk8u20/1074/hotspot/src/share/vm/prims/jvm.cpp, line 1275]
Event: 2.603 Thread 0x00007f8ad000a000 Implicit null exception at 0x00007f8ac10941ef to 0x00007f8ac1096335
Event: 2.603 Thread 0x00007f8ad000a000 Implicit null exception at 0x00007f8ac10b0902 to 0x00007f8ac10b3275
Event: 3.292 Thread 0x00007f8ad013a800 Exception <a 'java/security/PrivilegedActionException'> (0x00000000ec1c1a70) thrown at [/HUDSON/workspace/8-2-build-linux-amd64/jdk8u20/1074/hotspot/src/share/vm/prims/jvm.cpp, line 1275]
Event: 5.593 Thread 0x00007f8ad012d000 Exception <a 'java/lang/ArrayIndexOutOfBoundsException': 18> (0x00000000ee4540f0) thrown at [/HUDSON/workspace/8-2-build-linux-amd64/jdk8u20/1074/hotspot/src/share/vm/interpreter/interpreterRuntime.cpp, line 366]
Event: 5.593 Thread 0x00007f8ad012d000 Exception <a 'java/lang/ArrayIndexOutOfBoundsException': 145> (0x00000000ee455b88) thrown at [/HUDSON/workspace/8-2-build-linux-amd64/jdk8u20/1074/hotspot/src/share/vm/interpreter/interpreterRuntime.cpp, line 366]
Event: 5.606 Thread 0x00007f8ad012d000 Exception <a 'java/lang/ArrayIndexOutOfBoundsException': 40> (0x00000000ee456da0) thrown at [/HUDSON/workspace/8-2-build-linux-amd64/jdk8u20/1074/hotspot/src/share/vm/interpreter/interpreterRuntime.cpp, line 366]

Events (10 events):
Event: 7.516 Thread 0x00007f8ad012e800 DEOPT UNPACKING pc=0x00007f8ac0e2c373 sp=0x00007f8aa73e6b48 mode 0
Event: 7.804 Thread 0x00007f8ad013a800 DEOPT PACKING pc=0x00007f8ac11f0e35 sp=0x00007f8aa72e5ef0
Event: 7.804 Thread 0x00007f8ad013a800 DEOPT UNPACKING pc=0x00007f8ac0e2c373 sp=0x00007f8aa72e5c68 mode 0
Event: 7.811 Thread 0x00007f8ad012e800 DEOPT PACKING pc=0x00007f8ac1226c6c sp=0x00007f8aa73e6d90
Event: 7.811 Thread 0x00007f8ad012e800 DEOPT UNPACKING pc=0x00007f8ac0e2c373 sp=0x00007f8aa73e6af8 mode 0
Event: 8.217 loading class java/util/HashMap$KeySet
Event: 8.217 loading class java/util/HashMap$KeySet done
Event: 8.217 loading class java/util/HashMap$KeyIterator
Event: 8.217 loading class java/util/HashMap$KeyIterator done
Event: 8.227 Executing VM operation: ParallelGCFailedAllocation


Dynamic libraries:
00400000-00401000 r-xp 00000000 08:03 2625528                            /home/xerxes/program_files/jdk1.8.0_20/bin/java
00600000-00601000 rw-p 00000000 08:03 2625528                            /home/xerxes/program_files/jdk1.8.0_20/bin/java
01eba000-01edb000 rw-p 00000000 00:00 0                                  [heap]
c0000000-c2800000 rw-p 00000000 00:00 0 
c2800000-eab00000 ---p 00000000 00:00 0 
eab00000-f3e00000 rw-p 00000000 00:00 0 
fc000000-100000000 ---p 00000000 00:00 0 
100000000-1000a0000 rw-p 00000000 00:00 0 
1000a0000-140000000 ---p 00000000 00:00 0 
7f8a6c000000-7f8a6c021000 rw-p 00000000 00:00 0 
7f8a6c021000-7f8a70000000 ---p 00000000 00:00 0 
7f8a74000000-7f8a7402f000 rw-p 00000000 00:00 0 
7f8a7402f000-7f8a78000000 ---p 00000000 00:00 0 
7f8a78000000-7f8a78035000 rw-p 00000000 00:00 0 
7f8a78035000-7f8a7c000000 ---p 00000000 00:00 0 
7f8a7c000000-7f8a7c021000 rw-p 00000000 00:00 0 
7f8a7c021000-7f8a80000000 ---p 00000000 00:00 0 
7f8a80000000-7f8a80021000 rw-p 00000000 00:00 0 
7f8a80021000-7f8a84000000 ---p 00000000 00:00 0 
7f8a84000000-7f8a84021000 rw-p 00000000 00:00 0 
7f8a84021000-7f8a88000000 ---p 00000000 00:00 0 
7f8a88000000-7f8a88021000 rw-p 00000000 00:00 0 
7f8a88021000-7f8a8c000000 ---p 00000000 00:00 0 
7f8a8c000000-7f8a8cb3b000 rw-p 00000000 00:00 0 
7f8a8cb3b000-7f8a90000000 ---p 00000000 00:00 0 
7f8a90000000-7f8a906fc000 rw-p 00000000 00:00 0 
7f8a906fc000-7f8a94000000 ---p 00000000 00:00 0 
7f8a94000000-7f8a94021000 rw-p 00000000 00:00 0 
7f8a94021000-7f8a98000000 ---p 00000000 00:00 0 
7f8a98000000-7f8a98717000 rw-p 00000000 00:00 0 
7f8a98717000-7f8a9c000000 ---p 00000000 00:00 0 
7f8a9c000000-7f8a9c021000 rw-p 00000000 00:00 0 
7f8a9c021000-7f8aa0000000 ---p 00000000 00:00 0 
7f8aa0000000-7f8aa0021000 rw-p 00000000 00:00 0 
7f8aa0021000-7f8aa4000000 ---p 00000000 00:00 0 
7f8aa71e7000-7f8aa71ea000 ---p 00000000 00:00 0 
7f8aa71ea000-7f8aa72e8000 rw-p 00000000 00:00 0                          [stack:5657]
7f8aa72e8000-7f8aa72eb000 ---p 00000000 00:00 0 
7f8aa72eb000-7f8aa73e9000 rw-p 00000000 00:00 0                          [stack:5656]
7f8aa73e9000-7f8aa73ec000 ---p 00000000 00:00 0 
7f8aa73ec000-7f8aa74ea000 rw-p 00000000 00:00 0                          [stack:5655]
7f8aa74ea000-7f8aa74ed000 ---p 00000000 00:00 0 
7f8aa74ed000-7f8aa75eb000 rw-p 00000000 00:00 0                          [stack:5654]
7f8aa75eb000-7f8aa75ee000 ---p 00000000 00:00 0 
7f8aa75ee000-7f8aa76ec000 rw-p 00000000 00:00 0                          [stack:5653]
7f8aa76ec000-7f8aa76ed000 ---p 00000000 00:00 0 
7f8aa76ed000-7f8aa77ed000 rw-p 00000000 00:00 0                          [stack:5637]
7f8aa77ed000-7f8aa8000000 r--p 00000000 08:03 1056786                    /usr/lib/locale/locale-archive
7f8aa8000000-7f8aa8021000 rw-p 00000000 00:00 0 
7f8aa8021000-7f8aac000000 ---p 00000000 00:00 0 
7f8aac000000-7f8aac27c000 rw-p 00000000 00:00 0 
7f8aac27c000-7f8ab0000000 ---p 00000000 00:00 0 
7f8ab0000000-7f8ab0021000 rw-p 00000000 00:00 0 
7f8ab0021000-7f8ab4000000 ---p 00000000 00:00 0 
7f8ab4000000-7f8ab4021000 rw-p 00000000 00:00 0 
7f8ab4021000-7f8ab8000000 ---p 00000000 00:00 0 
7f8ab8014000-7f8ab8017000 ---p 00000000 00:00 0 
7f8ab8017000-7f8ab8115000 rw-p 00000000 00:00 0                          [stack:5636]
7f8ab8115000-7f8ab8118000 ---p 00000000 00:00 0 
7f8ab8118000-7f8ab8216000 rw-p 00000000 00:00 0                          [stack:5635]
7f8ab8216000-7f8ab8219000 ---p 00000000 00:00 0 
7f8ab8219000-7f8ab8317000 rw-p 00000000 00:00 0                          [stack:5634]
7f8ab8317000-7f8ab831a000 ---p 00000000 00:00 0 
7f8ab831a000-7f8ab8418000 rw-p 00000000 00:00 0                          [stack:5633]
7f8ab8418000-7f8ab841b000 ---p 00000000 00:00 0 
7f8ab841b000-7f8ab8519000 rw-p 00000000 00:00 0                          [stack:5632]
7f8ab8519000-7f8ab851c000 ---p 00000000 00:00 0 
7f8ab851c000-7f8ab861a000 rw-p 00000000 00:00 0                          [stack:5627]
7f8ab861a000-7f8ab861d000 ---p 00000000 00:00 0 
7f8ab861d000-7f8ab871b000 rw-p 00000000 00:00 0                          [stack:5625]
7f8ab871b000-7f8ab871c000 ---p 00000000 00:00 0 
7f8ab871c000-7f8ab962a000 rw-p 00000000 00:00 0                          [stack:5623]
7f8ab962a000-7f8ab9800000 r--s 03ca8000 08:03 398403                     /home/xerxes/program_files/jdk1.8.0_20/jre/lib/rt.jar
7f8ab9800000-7f8ab9e80000 rw-p 00000000 00:00 0 
7f8ab9e80000-7f8aba000000 ---p 00000000 00:00 0 
7f8aba000000-7f8abc000000 rw-p 00000000 00:00 0 
7f8abc000000-7f8abc021000 rw-p 00000000 00:00 0 
7f8abc021000-7f8ac0000000 ---p 00000000 00:00 0 
7f8ac0025000-7f8ac0420000 rw-p 00000000 00:00 0 
7f8ac0420000-7f8ac0421000 ---p 00000000 00:00 0 
7f8ac0421000-7f8ac0521000 rw-p 00000000 00:00 0                          [stack:5614]
7f8ac0521000-7f8ac0522000 ---p 00000000 00:00 0 
7f8ac0522000-7f8ac0622000 rw-p 00000000 00:00 0                          [stack:5610]
7f8ac0622000-7f8ac0623000 ---p 00000000 00:00 0 
7f8ac0623000-7f8ac0723000 rw-p 00000000 00:00 0                          [stack:5608]
7f8ac0723000-7f8ac0724000 ---p 00000000 00:00 0 
7f8ac0724000-7f8ac0838000 rw-p 00000000 00:00 0                          [stack:5607]
7f8ac0838000-7f8ac0979000 ---p 00000000 00:00 0 
7f8ac0979000-7f8ac09c3000 rw-p 00000000 00:00 0 
7f8ac09c3000-7f8ac0a24000 ---p 00000000 00:00 0 
7f8ac0a24000-7f8ac0a3d000 rw-p 00000000 00:00 0 
7f8ac0a3d000-7f8ac0de5000 ---p 00000000 00:00 0 
7f8ac0de5000-7f8ac13e5000 rwxp 00000000 00:00 0 
7f8ac13e5000-7f8acfde5000 ---p 00000000 00:00 0 
7f8acfde5000-7f8acfdff000 r-xp 00000000 08:03 398283                     /home/xerxes/program_files/jdk1.8.0_20/jre/lib/amd64/libzip.so
7f8acfdff000-7f8acffff000 ---p 0001a000 08:03 398283                     /home/xerxes/program_files/jdk1.8.0_20/jre/lib/amd64/libzip.so
7f8acffff000-7f8ad0000000 rw-p 0001a000 08:03 398283                     /home/xerxes/program_files/jdk1.8.0_20/jre/lib/amd64/libzip.so
7f8ad0000000-7f8ad0374000 rw-p 00000000 00:00 0 
7f8ad0374000-7f8ad4000000 ---p 00000000 00:00 0 
7f8ad400e000-7f8ad401d000 r--s 000df000 08:03 924283                     /home/xerxes/program_files/adt-bundle/sdk/build-tools/23.0.1/lib/dx.jar
7f8ad401d000-7f8ad4052000 rw-p 00000000 00:00 0 
7f8ad4052000-7f8ad4194000 ---p 00000000 00:00 0 
7f8ad4194000-7f8ad419f000 r-xp 00000000 08:03 131161                     /lib/x86_64-linux-gnu/libnss_files-2.19.so
7f8ad419f000-7f8ad439e000 ---p 0000b000 08:03 131161                     /lib/x86_64-linux-gnu/libnss_files-2.19.so
7f8ad439e000-7f8ad439f000 r--p 0000a000 08:03 131161                     /lib/x86_64-linux-gnu/libnss_files-2.19.so
7f8ad439f000-7f8ad43a0000 rw-p 0000b000 08:03 131161                     /lib/x86_64-linux-gnu/libnss_files-2.19.so
7f8ad43a0000-7f8ad43ab000 r-xp 00000000 08:03 131278                     /lib/x86_64-linux-gnu/libnss_nis-2.19.so
7f8ad43ab000-7f8ad45aa000 ---p 0000b000 08:03 131278                     /lib/x86_64-linux-gnu/libnss_nis-2.19.so
7f8ad45aa000-7f8ad45ab000 r--p 0000a000 08:03 131278                     /lib/x86_64-linux-gnu/libnss_nis-2.19.so
7f8ad45ab000-7f8ad45ac000 rw-p 0000b000 08:03 131278                     /lib/x86_64-linux-gnu/libnss_nis-2.19.so
7f8ad45ac000-7f8ad45c3000 r-xp 00000000 08:03 131267                     /lib/x86_64-linux-gnu/libnsl-2.19.so
7f8ad45c3000-7f8ad47c2000 ---p 00017000 08:03 131267                     /lib/x86_64-linux-gnu/libnsl-2.19.so
7f8ad47c2000-7f8ad47c3000 r--p 00016000 08:03 131267                     /lib/x86_64-linux-gnu/libnsl-2.19.so
7f8ad47c3000-7f8ad47c4000 rw-p 00017000 08:03 131267                     /lib/x86_64-linux-gnu/libnsl-2.19.so
7f8ad47c4000-7f8ad47c6000 rw-p 00000000 00:00 0 
7f8ad47c6000-7f8ad47cf000 r-xp 00000000 08:03 131175                     /lib/x86_64-linux-gnu/libnss_compat-2.19.so
7f8ad47cf000-7f8ad49ce000 ---p 00009000 08:03 131175                     /lib/x86_64-linux-gnu/libnss_compat-2.19.so
7f8ad49ce000-7f8ad49cf000 r--p 00008000 08:03 131175                     /lib/x86_64-linux-gnu/libnss_compat-2.19.so
7f8ad49cf000-7f8ad49d0000 rw-p 00009000 08:03 131175                     /lib/x86_64-linux-gnu/libnss_compat-2.19.so
7f8ad49d0000-7f8ad49fa000 r-xp 00000000 08:03 398260                     /home/xerxes/program_files/jdk1.8.0_20/jre/lib/amd64/libjava.so
7f8ad49fa000-7f8ad4bfa000 ---p 0002a000 08:03 398260                     /home/xerxes/program_files/jdk1.8.0_20/jre/lib/amd64/libjava.so
7f8ad4bfa000-7f8ad4bfc000 rw-p 0002a000 08:03 398260                     /home/xerxes/program_files/jdk1.8.0_20/jre/lib/amd64/libjava.so
7f8ad4bfc000-7f8ad4c09000 r-xp 00000000 08:03 398225                     /home/xerxes/program_files/jdk1.8.0_20/jre/lib/amd64/libverify.so
7f8ad4c09000-7f8ad4e09000 ---p 0000d000 08:03 398225                     /home/xerxes/program_files/jdk1.8.0_20/jre/lib/amd64/libverify.so
7f8ad4e09000-7f8ad4e0b000 rw-p 0000d000 08:03 398225                     /home/xerxes/program_files/jdk1.8.0_20/jre/lib/amd64/libverify.so
7f8ad4e0b000-7f8ad4e12000 r-xp 00000000 08:03 131275                     /lib/x86_64-linux-gnu/librt-2.19.so
7f8ad4e12000-7f8ad5011000 ---p 00007000 08:03 131275                     /lib/x86_64-linux-gnu/librt-2.19.so
7f8ad5011000-7f8ad5012000 r--p 00006000 08:03 131275                     /lib/x86_64-linux-gnu/librt-2.19.so
7f8ad5012000-7f8ad5013000 rw-p 00007000 08:03 131275                     /lib/x86_64-linux-gnu/librt-2.19.so
7f8ad5013000-7f8ad5118000 r-xp 00000000 08:03 131101                     /lib/x86_64-linux-gnu/libm-2.19.so
7f8ad5118000-7f8ad5317000 ---p 00105000 08:03 131101                     /lib/x86_64-linux-gnu/libm-2.19.so
7f8ad5317000-7f8ad5318000 r--p 00104000 08:03 131101                     /lib/x86_64-linux-gnu/libm-2.19.so
7f8ad5318000-7f8ad5319000 rw-p 00105000 08:03 131101                     /lib/x86_64-linux-gnu/libm-2.19.so
7f8ad5319000-7f8ad5f83000 r-xp 00000000 08:03 398147                     /home/xerxes/program_files/jdk1.8.0_20/jre/lib/amd64/server/libjvm.so
7f8ad5f83000-7f8ad6182000 ---p 00c6a000 08:03 398147                     /home/xerxes/program_files/jdk1.8.0_20/jre/lib/amd64/server/libjvm.so
7f8ad6182000-7f8ad6259000 rw-p 00c69000 08:03 398147                     /home/xerxes/program_files/jdk1.8.0_20/jre/lib/amd64/server/libjvm.so
7f8ad6259000-7f8ad629b000 rw-p 00000000 00:00 0 
7f8ad629b000-7f8ad6456000 r-xp 00000000 08:03 131272                     /lib/x86_64-linux-gnu/libc-2.19.so
7f8ad6456000-7f8ad6655000 ---p 001bb000 08:03 131272                     /lib/x86_64-linux-gnu/libc-2.19.so
7f8ad6655000-7f8ad6659000 r--p 001ba000 08:03 131272                     /lib/x86_64-linux-gnu/libc-2.19.so
7f8ad6659000-7f8ad665b000 rw-p 001be000 08:03 131272                     /lib/x86_64-linux-gnu/libc-2.19.so
7f8ad665b000-7f8ad6660000 rw-p 00000000 00:00 0 
7f8ad6660000-7f8ad6663000 r-xp 00000000 08:03 131166                     /lib/x86_64-linux-gnu/libdl-2.19.so
7f8ad6663000-7f8ad6862000 ---p 00003000 08:03 131166                     /lib/x86_64-linux-gnu/libdl-2.19.so
7f8ad6862000-7f8ad6863000 r--p 00002000 08:03 131166                     /lib/x86_64-linux-gnu/libdl-2.19.so
7f8ad6863000-7f8ad6864000 rw-p 00003000 08:03 131166                     /lib/x86_64-linux-gnu/libdl-2.19.so
7f8ad6864000-7f8ad6879000 r-xp 00000000 08:03 398291                     /home/xerxes/program_files/jdk1.8.0_20/lib/amd64/jli/libjli.so
7f8ad6879000-7f8ad6a78000 ---p 00015000 08:03 398291                     /home/xerxes/program_files/jdk1.8.0_20/lib/amd64/jli/libjli.so
7f8ad6a78000-7f8ad6a79000 rw-p 00014000 08:03 398291                     /home/xerxes/program_files/jdk1.8.0_20/lib/amd64/jli/libjli.so
7f8ad6a79000-7f8ad6a92000 r-xp 00000000 08:03 131273                     /lib/x86_64-linux-gnu/libpthread-2.19.so
7f8ad6a92000-7f8ad6c91000 ---p 00019000 08:03 131273                     /lib/x86_64-linux-gnu/libpthread-2.19.so
7f8ad6c91000-7f8ad6c92000 r--p 00018000 08:03 131273                     /lib/x86_64-linux-gnu/libpthread-2.19.so
7f8ad6c92000-7f8ad6c93000 rw-p 00019000 08:03 131273                     /lib/x86_64-linux-gnu/libpthread-2.19.so
7f8ad6c93000-7f8ad6c97000 rw-p 00000000 00:00 0 
7f8ad6c97000-7f8ad6cba000 r-xp 00000000 08:03 131269                     /lib/x86_64-linux-gnu/ld-2.19.so
7f8ad6cc1000-7f8ad6d94000 rw-p 00000000 00:00 0 
7f8ad6d94000-7f8ad6d97000 ---p 00000000 00:00 0 
7f8ad6d97000-7f8ad6ead000 rw-p 00000000 00:00 0                          [stack:5604]
7f8ad6ead000-7f8ad6eb5000 rw-s 00000000 08:03 924530                     /tmp/hsperfdata_xerxes/5599
7f8ad6eb5000-7f8ad6eb6000 rw-p 00000000 00:00 0 
7f8ad6eb6000-7f8ad6eb7000 ---p 00000000 00:00 0 
7f8ad6eb7000-7f8ad6eb9000 rw-p 00000000 00:00 0 
7f8ad6eb9000-7f8ad6eba000 r--p 00022000 08:03 131269                     /lib/x86_64-linux-gnu/ld-2.19.so
7f8ad6eba000-7f8ad6ebb000 rw-p 00023000 08:03 131269                     /lib/x86_64-linux-gnu/ld-2.19.so
7f8ad6ebb000-7f8ad6ebc000 rw-p 00000000 00:00 0 
7ffe7342a000-7ffe7344c000 rw-p 00000000 00:00 0                          [stack]
7ffe735c1000-7ffe735c3000 r-xp 00000000 00:00 0                          [vdso]
ffffffffff600000-ffffffffff601000 r-xp 00000000 00:00 0                  [vsyscall]

VM Arguments:
jvm_args: -Djava.awt.headless=true -Xmx1024M -Dfile.encoding=UTF-8 -Duser.country=US -Duser.language=en -Duser.variant 
java_command: com.android.dx.command.Main --dex --num-threads=4 --output /home/xerxes/finalyrproject/CDAMAPP/app/build/intermediates/pre-dexed/debug/httpclient-4.3.6_d21c035c69b0d82d23f94e7ebfc8bf3f4a9f73b5.jar /home/xerxes/finalyrproject/CDAMAPP/app/libs/httpclient-4.3.6.jar
java_class_path (initial): /home/xerxes/program_files/adt-bundle/sdk/build-tools/23.0.1/lib/dx.jar
Launcher Type: SUN_STANDARD

Environment Variables:
JAVA_HOME=/home/xerxes/program_files/jdk1.8.0_20/bin
PATH=/home/xerxes/program_files/android-studio/bin:/home/xerxes/program_files/arduino-1.0.6:/home/xerxes/program_files/argouml-0.34:/home/xerxes/program_files/adt-bundle/sdk/tools:/home/xerxes/program_files/eclipse:/opt/lampp/bin:/home/xerxes/program_files/netbeans-7.1rc1/bin:/home/xerxes/program_files/jdk1.8.0_20/bin:/usr/local/sbin:/usr/local/bin:/usr/sbin:/usr/bin:/sbin:/bin:/usr/games:/usr/local/games
LD_LIBRARY_PATH=program_files/android-studio/bin:
SHELL=/bin/bash
DISPLAY=:0

Signal Handlers:
SIGSEGV: [libjvm.so+0xa77530], sa_mask[0]=11111111011111111101111111111110, sa_flags=SA_RESTART|SA_SIGINFO
SIGBUS: [libjvm.so+0xa77530], sa_mask[0]=11111111011111111101111111111110, sa_flags=SA_RESTART|SA_SIGINFO
SIGFPE: [libjvm.so+0x8e1d90], sa_mask[0]=11111111011111111101111111111110, sa_flags=SA_RESTART|SA_SIGINFO
SIGPIPE: [libjvm.so+0x8e1d90], sa_mask[0]=11111111011111111101111111111110, sa_flags=SA_RESTART|SA_SIGINFO
SIGXFSZ: [libjvm.so+0x8e1d90], sa_mask[0]=11111111011111111101111111111110, sa_flags=SA_RESTART|SA_SIGINFO
SIGILL: [libjvm.so+0x8e1d90], sa_mask[0]=11111111011111111101111111111110, sa_flags=SA_RESTART|SA_SIGINFO
SIGUSR1: SIG_DFL, sa_mask[0]=00000000000000000000000000000000, sa_flags=none
SIGUSR2: [libjvm.so+0x8e35c0], sa_mask[0]=00100000000000000000000000000000, sa_flags=SA_RESTART|SA_SIGINFO
SIGHUP: [libjvm.so+0x8e4980], sa_mask[0]=11111111011111111101111111111110, sa_flags=SA_RESTART|SA_SIGINFO
SIGINT: [libjvm.so+0x8e4980], sa_mask[0]=11111111011111111101111111111110, sa_flags=SA_RESTART|SA_SIGINFO
SIGTERM: [libjvm.so+0x8e4980], sa_mask[0]=11111111011111111101111111111110, sa_flags=SA_RESTART|SA_SIGINFO
SIGQUIT: [libjvm.so+0x8e4980], sa_mask[0]=11111111011111111101111111111110, sa_flags=SA_RESTART|SA_SIGINFO


---------------  S Y S T E M  ---------------

OS:DISTRIB_ID=Ubuntu
DISTRIB_RELEASE=14.04
DISTRIB_CODENAME=trusty
DISTRIB_DESCRIPTION="Ubuntu 14.04.2 LTS"

uname:Linux 3.13.0-49-generic #81-Ubuntu SMP Tue Mar 24 19:29:48 UTC 2015 x86_64
libc:glibc 2.19 NPTL 2.19 
rlimit: STACK 8192k, CORE 0k, NPROC 30235, NOFILE 4096, AS infinity
load average:17.90 9.41 4.36

/proc/meminfo:
MemTotal:        3891756 kB
MemFree:          143024 kB
Buffers:             444 kB
Cached:           197500 kB
SwapCached:         9412 kB
Active:          2579808 kB
Inactive:        1008272 kB
Active(anon):    2575228 kB
Inactive(anon):   983628 kB
Active(file):       4580 kB
Inactive(file):    24644 kB
Unevictable:          56 kB
Mlocked:              56 kB
SwapTotal:        262140 kB
SwapFree:              0 kB
Dirty:               176 kB
Writeback:             0 kB
AnonPages:       3380928 kB
Mapped:            36816 kB
Shmem:            168448 kB
Slab:              64832 kB
SReclaimable:      29140 kB
SUnreclaim:        35692 kB
KernelStack:        5416 kB
PageTables:        39176 kB
NFS_Unstable:          0 kB
Bounce:                0 kB
WritebackTmp:          0 kB
CommitLimit:     2208016 kB
Committed_AS:    6874040 kB
VmallocTotal:   34359738367 kB
VmallocUsed:      402368 kB
VmallocChunk:   34359327400 kB
HardwareCorrupted:     0 kB
AnonHugePages:   2117632 kB
HugePages_Total:       0
HugePages_Free:        0
HugePages_Rsvd:        0
HugePages_Surp:        0
Hugepagesize:       2048 kB
DirectMap4k:       67380 kB
DirectMap2M:     3971072 kB


CPU:total 4 (2 cores per cpu, 2 threads per core) family 6 model 58 stepping 9, cmov, cx8, fxsr, mmx, sse, sse2, sse3, ssse3, sse4.1, sse4.2, popcnt, avx, aes, clmul, erms, ht, tsc, tscinvbit, tscinv

/proc/cpuinfo:
processor	: 0
vendor_id	: GenuineIntel
cpu family	: 6
model		: 58
model name	: Intel(R) Core(TM) i5-3230M CPU @ 2.60GHz
stepping	: 9
microcode	: 0x15
cpu MHz		: 2601.000
cache size	: 3072 KB
physical id	: 0
siblings	: 4
core id		: 0
cpu cores	: 2
apicid		: 0
initial apicid	: 0
fpu		: yes
fpu_exception	: yes
cpuid level	: 13
wp		: yes
flags		: fpu vme de pse tsc msr pae mce cx8 apic sep mtrr pge mca cmov pat pse36 clflush dts acpi mmx fxsr sse sse2 ss ht tm pbe syscall nx rdtscp lm constant_tsc arch_perfmon pebs bts rep_good nopl xtopology nonstop_tsc aperfmperf eagerfpu pni pclmulqdq dtes64 monitor ds_cpl vmx est tm2 ssse3 cx16 xtpr pdcm pcid sse4_1 sse4_2 x2apic popcnt tsc_deadline_timer aes xsave avx f16c rdrand lahf_lm ida arat epb xsaveopt pln pts dtherm tpr_shadow vnmi flexpriority ept vpid fsgsbase smep erms
bogomips	: 5188.52
clflush size	: 64
cache_alignment	: 64
address sizes	: 36 bits physical, 48 bits virtual
power management:

processor	: 1
vendor_id	: GenuineIntel
cpu family	: 6
model		: 58
model name	: Intel(R) Core(TM) i5-3230M CPU @ 2.60GHz
stepping	: 9
microcode	: 0x15
cpu MHz		: 2601.000
cache size	: 3072 KB
physical id	: 0
siblings	: 4
core id		: 0
cpu cores	: 2
apicid		: 1
initial apicid	: 1
fpu		: yes
fpu_exception	: yes
cpuid level	: 13
wp		: yes
flags		: fpu vme de pse tsc msr pae mce cx8 apic sep mtrr pge mca cmov pat pse36 clflush dts acpi mmx fxsr sse sse2 ss ht tm pbe syscall nx rdtscp lm constant_tsc arch_perfmon pebs bts rep_good nopl xtopology nonstop_tsc aperfmperf eagerfpu pni pclmulqdq dtes64 monitor ds_cpl vmx est tm2 ssse3 cx16 xtpr pdcm pcid sse4_1 sse4_2 x2apic popcnt tsc_deadline_timer aes xsave avx f16c rdrand lahf_lm ida arat epb xsaveopt pln pts dtherm tpr_shadow vnmi flexpriority ept vpid fsgsbase smep erms
bogomips	: 5188.52
clflush size	: 64
cache_alignment	: 64
address sizes	: 36 bits physical, 48 bits virtual
power management:

processor	: 2
vendor_id	: GenuineIntel
cpu family	: 6
model		: 58
model name	: Intel(R) Core(TM) i5-3230M CPU @ 2.60GHz
stepping	: 9
microcode	: 0x15
cpu MHz		: 1300.000
cache size	: 3072 KB
physical id	: 0
siblings	: 4
core id		: 1
cpu cores	: 2
apicid		: 2
initial apicid	: 2
fpu		: yes
fpu_exception	: yes
cpuid level	: 13
wp		: yes
flags		: fpu vme de pse tsc msr pae mce cx8 apic sep mtrr pge mca cmov pat pse36 clflush dts acpi mmx fxsr sse sse2 ss ht tm pbe syscall nx rdtscp lm constant_tsc arch_perfmon pebs bts rep_good nopl xtopology nonstop_tsc aperfmperf eagerfpu pni pclmulqdq dtes64 monitor ds_cpl vmx est tm2 ssse3 cx16 xtpr pdcm pcid sse4_1 sse4_2 x2apic popcnt tsc_deadline_timer aes xsave avx f16c rdrand lahf_lm ida arat epb xsaveopt pln pts dtherm tpr_shadow vnmi flexpriority ept vpid fsgsbase smep erms
bogomips	: 5188.52
clflush size	: 64
cache_alignment	: 64
address sizes	: 36 bits physical, 48 bits virtual
power management:

processor	: 3
vendor_id	: GenuineIntel
cpu family	: 6
model		: 58
model name	: Intel(R) Core(TM) i5-3230M CPU @ 2.60GHz
stepping	: 9
microcode	: 0x15
cpu MHz		: 2601.000
cache size	: 3072 KB
physical id	: 0
siblings	: 4
core id		: 1
cpu cores	: 2
apicid		: 3
initial apicid	: 3
fpu		: yes
fpu_exception	: yes
cpuid level	: 13
wp		: yes
flags		: fpu vme de pse tsc msr pae mce cx8 apic sep mtrr pge mca cmov pat pse36 clflush dts acpi mmx fxsr sse sse2 ss ht tm pbe syscall nx rdtscp lm constant_tsc arch_perfmon pebs bts rep_good nopl xtopology nonstop_tsc aperfmperf eagerfpu pni pclmulqdq dtes64 monitor ds_cpl vmx est tm2 ssse3 cx16 xtpr pdcm pcid sse4_1 sse4_2 x2apic popcnt tsc_deadline_timer aes xsave avx f16c rdrand lahf_lm ida arat epb xsaveopt pln pts dtherm tpr_shadow vnmi flexpriority ept vpid fsgsbase smep erms
bogomips	: 5188.52
clflush size	: 64
cache_alignment	: 64
address sizes	: 36 bits physical, 48 bits virtual
power management:



Memory: 4k page, physical 3891756k(143024k free), swap 262140k(0k free)

vm_info: Java HotSpot(TM) 64-Bit Server VM (25.20-b23) for linux-amd64 JRE (1.8.0_20-b26), built on Jul 30 2014 13:13:52 by "java_re" with gcc 4.3.0 20080428 (Red Hat 4.3.0-8)

time: Sun Feb  7 04:05:19 2016
elapsed time: 23 seconds (0d 0h 0m 23s)

