#
# There is insufficient memory for the Java Runtime Environment to continue.
# Native memory allocation (mmap) failed to map 140509184 bytes for committing reserved memory.
# Possible reasons:
#   The system is out of physical RAM or swap space
#   In 32 bit mode, the process size limit was hit
# Possible solutions:
#   Reduce memory load on the system
#   Increase physical memory or swap space
#   Check if swap backing store is full
#   Use 64 bit Java on a 64 bit OS
#   Decrease Java heap size (-Xmx/-Xms)
#   Decrease number of Java threads
#   Decrease Java thread stack sizes (-Xss)
#   Set larger code cache with -XX:ReservedCodeCacheSize=
# This output file may be truncated or incomplete.
#
#  Out of Memory Error (os_linux.cpp:2671), pid=5017, tid=140476568037120
#
# JRE version: Java(TM) SE Runtime Environment (8.0_20-b26) (build 1.8.0_20-b26)
# Java VM: Java HotSpot(TM) 64-Bit Server VM (25.20-b23 mixed mode linux-amd64 compressed oops)
# Failed to write core dump. Core dumps have been disabled. To enable core dumping, try "ulimit -c unlimited" before starting Java again
#

---------------  T H R E A D  ---------------

Current thread (0x00007fc360073800):  VMThread [stack: 0x00007fc33fdfe000,0x00007fc33feff000] [id=5047]

Stack: [0x00007fc33fdfe000,0x00007fc33feff000],  sp=0x00007fc33fefd070,  free space=1020k
Native frames: (J=compiled Java code, j=interpreted, Vv=VM code, C=native code)
V  [libjvm.so+0xa76cea]  VMError::report_and_die()+0x2ca
V  [libjvm.so+0x4e52fb]  report_vm_out_of_memory(char const*, int, unsigned long, VMErrorType, char const*)+0x8b
V  [libjvm.so+0x8e4ec3]  os::Linux::commit_memory_impl(char*, unsigned long, bool)+0x103
V  [libjvm.so+0x8e5419]  os::pd_commit_memory(char*, unsigned long, unsigned long, bool)+0x29
V  [libjvm.so+0x8df0ea]  os::commit_memory(char*, unsigned long, unsigned long, bool)+0x2a
V  [libjvm.so+0x94f1f3]  PSVirtualSpace::expand_by(unsigned long)+0x53
V  [libjvm.so+0x9505f8]  PSYoungGen::resize_generation(unsigned long, unsigned long)+0xf8
V  [libjvm.so+0x94f752]  PSYoungGen::resize(unsigned long, unsigned long)+0x22
V  [libjvm.so+0x94ca33]  PSScavenge::invoke_no_policy()+0xf53
V  [libjvm.so+0x94d1b1]  PSScavenge::invoke()+0x41
V  [libjvm.so+0x9070d0]  ParallelScavengeHeap::failed_mem_allocate(unsigned long)+0x70
V  [libjvm.so+0xa78367]  VM_ParallelGCFailedAllocation::doit()+0x97
V  [libjvm.so+0xa7fa85]  VM_Operation::evaluate()+0x55
V  [libjvm.so+0xa7de5a]  VMThread::evaluate_operation(VM_Operation*)+0xba
V  [libjvm.so+0xa7e1de]  VMThread::loop()+0x1ce
V  [libjvm.so+0xa7e650]  VMThread::run()+0x70
V  [libjvm.so+0x8e75f8]  java_start(Thread*)+0x108

VM_Operation (0x00007fc36655bdb0): ParallelGCFailedAllocation, mode: safepoint, requested by thread 0x00007fc36000a000


---------------  P R O C E S S  ---------------

Java Threads: ( => current thread )
  0x00007fc3600b8000 JavaThread "Service Thread" daemon [_thread_blocked, id=5071, stack(0x00007fc33eee4000,0x00007fc33efe5000)]
  0x00007fc3600b3000 JavaThread "C1 CompilerThread2" daemon [_thread_blocked, id=5069, stack(0x00007fc33efe5000,0x00007fc33f0e6000)]
  0x00007fc3600b1000 JavaThread "C2 CompilerThread1" daemon [_thread_blocked, id=5067, stack(0x00007fc33f0e6000,0x00007fc33f1e7000)]
  0x00007fc3600ae800 JavaThread "C2 CompilerThread0" daemon [_thread_blocked, id=5066, stack(0x00007fc33f1e7000,0x00007fc33f2e8000)]
  0x00007fc3600ac000 JavaThread "Signal Dispatcher" daemon [_thread_blocked, id=5065, stack(0x00007fc33f2e8000,0x00007fc33f3e9000)]
  0x00007fc36007c800 JavaThread "Finalizer" daemon [_thread_blocked, id=5049, stack(0x00007fc33fbfc000,0x00007fc33fcfd000)]
  0x00007fc36007a800 JavaThread "Reference Handler" daemon [_thread_blocked, id=5048, stack(0x00007fc33fcfd000,0x00007fc33fdfe000)]
  0x00007fc36000a000 JavaThread "main" [_thread_blocked, id=5028, stack(0x00007fc36645d000,0x00007fc36655e000)]

Other Threads:
=>0x00007fc360073800 VMThread [stack: 0x00007fc33fdfe000,0x00007fc33feff000] [id=5047]
  0x00007fc3600ba800 WatcherThread [stack: 0x00007fc33ede3000,0x00007fc33eee4000] [id=5072]

VM state:at safepoint (normal execution)

VM Mutex/Monitor currently owned by a thread:  ([mutex/lock_event])
[0x00007fc360006670] Threads_lock - owner thread: 0x00007fc360073800
[0x00007fc360006b70] Heap_lock - owner thread: 0x00007fc36000a000

Heap:
 PSYoungGen      total 135168K, used 13823K [0x00000000eab00000, 0x00000000f3e00000, 0x0000000100000000)
  eden space 121344K, 0% used [0x00000000eab00000,0x00000000eab00000,0x00000000f2180000)
  from space 13824K, 99% used [0x00000000f2180000,0x00000000f2effc08,0x00000000f2f00000)
  to   space 12288K, 0% used [0x00000000f2f00000,0x00000000f2f00000,0x00000000f3b00000)
 ParOldGen       total 40960K, used 36044K [0x00000000c0000000, 0x00000000c2800000, 0x00000000eab00000)
  object space 40960K, 88% used [0x00000000c0000000,0x00000000c2333368,0x00000000c2800000)
 Metaspace       used 6452K, capacity 7380K, committed 7680K, reserved 1056768K
  class space    used 619K, capacity 652K, committed 768K, reserved 1048576K

Card table byte_map: [0x00007fc34ffe8000,0x00007fc3501e9000] byte_map_base: 0x00007fc34f9e8000

Marking Bits: (ParMarkBitMap*) 0x00007fc365939ac0
 Begin Bits: [0x00007fc34da8e000, 0x00007fc34ea8e000)
 End Bits:   [0x00007fc34ea8e000, 0x00007fc34fa8e000)

Polling page: 0x00007fc36657f000

CodeCache: size=245760Kb used=7426Kb max_used=7426Kb free=238333Kb
 bounds [0x00007fc3505a9000, 0x00007fc350cf9000, 0x00007fc35f5a9000]
 total_blobs=2280 nmethods=2017 adapters=178
 compilation: enabled

Compilation events (10 events):
Event: 11.429 Thread 0x00007fc3600b3000 nmethod 2249 0x00007fc350cec490 code [0x00007fc350cec5e0, 0x00007fc350cec730]
Event: 11.429 Thread 0x00007fc3600b3000 2237       3       com.android.dx.dex.file.MethodIdsSection::get (49 bytes)
Event: 11.429 Thread 0x00007fc3600b3000 nmethod 2237 0x00007fc350cec7d0 code [0x00007fc350cec9a0, 0x00007fc350ced1b8]
Event: 11.429 Thread 0x00007fc3600b3000 2239       3       com.android.dx.dex.code.LocalList$Entry::isStart (16 bytes)
Event: 11.429 Thread 0x00007fc3600b3000 nmethod 2239 0x00007fc350ced450 code [0x00007fc350ced5c0, 0x00007fc350ced790]
Event: 11.429 Thread 0x00007fc3600b3000 2228   !   3       com.android.dx.dex.code.LocalList$Entry::<init> (91 bytes)
Event: 11.449 Thread 0x00007fc3600b3000 nmethod 2228 0x00007fc350ced810 code [0x00007fc350ceda00, 0x00007fc350cee1b8]
Event: 11.449 Thread 0x00007fc3600b3000 2255       3       com.android.dx.rop.code.RegisterSpecList::withExpandedRegisters (56 bytes)
Event: 11.450 Thread 0x00007fc3600b3000 nmethod 2255 0x00007fc350cee510 code [0x00007fc350cee700, 0x00007fc350cef168]
Event: 11.450 Thread 0x00007fc3600b3000 2252       3       com.android.dx.dex.code.StdCatchBuilder::build (262 bytes)

GC Heap History (10 events):
Event: 2.382 GC heap after
Heap after GC invocations=2 (full 0):
 PSYoungGen      total 33280K, used 2550K [0x00000000eab00000, 0x00000000ece00000, 0x0000000100000000)
  eden space 30720K, 0% used [0x00000000eab00000,0x00000000eab00000,0x00000000ec900000)
  from space 2560K, 99% used [0x00000000ecb80000,0x00000000ecdfd840,0x00000000ece00000)
  to   space 2560K, 0% used [0x00000000ec900000,0x00000000ec900000,0x00000000ecb80000)
 ParOldGen       total 40960K, used 4126K [0x00000000c0000000, 0x00000000c2800000, 0x00000000eab00000)
  object space 40960K, 10% used [0x00000000c0000000,0x00000000c0407bd0,0x00000000c2800000)
 Metaspace       used 5658K, capacity 6768K, committed 7040K, reserved 1056768K
  class space    used 579K, capacity 616K, committed 640K, reserved 1048576K
}
Event: 3.537 GC heap before
{Heap before GC invocations=3 (full 0):
 PSYoungGen      total 33280K, used 33270K [0x00000000eab00000, 0x00000000ece00000, 0x0000000100000000)
  eden space 30720K, 100% used [0x00000000eab00000,0x00000000ec900000,0x00000000ec900000)
  from space 2560K, 99% used [0x00000000ecb80000,0x00000000ecdfd840,0x00000000ece00000)
  to   space 2560K, 0% used [0x00000000ec900000,0x00000000ec900000,0x00000000ecb80000)
 ParOldGen       total 40960K, used 4126K [0x00000000c0000000, 0x00000000c2800000, 0x00000000eab00000)
  object space 40960K, 10% used [0x00000000c0000000,0x00000000c0407bd0,0x00000000c2800000)
 Metaspace       used 5717K, capacity 6832K, committed 7040K, reserved 1056768K
  class space    used 580K, capacity 616K, committed 640K, reserved 1048576K
Event: 3.575 GC heap after
Heap after GC invocations=3 (full 0):
 PSYoungGen      total 33280K, used 2550K [0x00000000eab00000, 0x00000000eec00000, 0x0000000100000000)
  eden space 30720K, 0% used [0x00000000eab00000,0x00000000eab00000,0x00000000ec900000)
  from space 2560K, 99% used [0x00000000ec900000,0x00000000ecb7d968,0x00000000ecb80000)
  to   space 2560K, 0% used [0x00000000ee980000,0x00000000ee980000,0x00000000eec00000)
 ParOldGen       total 40960K, used 9007K [0x00000000c0000000, 0x00000000c2800000, 0x00000000eab00000)
  object space 40960K, 21% used [0x00000000c0000000,0x00000000c08cbec0,0x00000000c2800000)
 Metaspace       used 5717K, capacity 6832K, committed 7040K, reserved 1056768K
  class space    used 580K, capacity 616K, committed 640K, reserved 1048576K
}
Event: 4.334 GC heap before
{Heap before GC invocations=4 (full 0):
 PSYoungGen      total 33280K, used 33270K [0x00000000eab00000, 0x00000000eec00000, 0x0000000100000000)
  eden space 30720K, 100% used [0x00000000eab00000,0x00000000ec900000,0x00000000ec900000)
  from space 2560K, 99% used [0x00000000ec900000,0x00000000ecb7d968,0x00000000ecb80000)
  to   space 2560K, 0% used [0x00000000ee980000,0x00000000ee980000,0x00000000eec00000)
 ParOldGen       total 40960K, used 9007K [0x00000000c0000000, 0x00000000c2800000, 0x00000000eab00000)
  object space 40960K, 21% used [0x00000000c0000000,0x00000000c08cbec0,0x00000000c2800000)
 Metaspace       used 5760K, capacity 6896K, committed 7040K, reserved 1056768K
  class space    used 581K, capacity 616K, committed 640K, reserved 1048576K
Event: 4.383 GC heap after
Heap after GC invocations=4 (full 0):
 PSYoungGen      total 64000K, used 2535K [0x00000000eab00000, 0x00000000eec00000, 0x0000000100000000)
  eden space 61440K, 0% used [0x00000000eab00000,0x00000000eab00000,0x00000000ee700000)
  from space 2560K, 99% used [0x00000000ee980000,0x00000000eebf9fc0,0x00000000eec00000)
  to   space 2560K, 0% used [0x00000000ee700000,0x00000000ee700000,0x00000000ee980000)
 ParOldGen       total 40960K, used 13421K [0x00000000c0000000, 0x00000000c2800000, 0x00000000eab00000)
  object space 40960K, 32% used [0x00000000c0000000,0x00000000c0d1b5a8,0x00000000c2800000)
 Metaspace       used 5760K, capacity 6896K, committed 7040K, reserved 1056768K
  class space    used 581K, capacity 616K, committed 640K, reserved 1048576K
}
Event: 5.412 GC heap before
{Heap before GC invocations=5 (full 0):
 PSYoungGen      total 64000K, used 63975K [0x00000000eab00000, 0x00000000eec00000, 0x0000000100000000)
  eden space 61440K, 100% used [0x00000000eab00000,0x00000000ee700000,0x00000000ee700000)
  from space 2560K, 99% used [0x00000000ee980000,0x00000000eebf9fc0,0x00000000eec00000)
  to   space 2560K, 0% used [0x00000000ee700000,0x00000000ee700000,0x00000000ee980000)
 ParOldGen       total 40960K, used 13421K [0x00000000c0000000, 0x00000000c2800000, 0x00000000eab00000)
  object space 40960K, 32% used [0x00000000c0000000,0x00000000c0d1b5a8,0x00000000c2800000)
 Metaspace       used 5860K, capacity 6960K, committed 7040K, reserved 1056768K
  class space    used 581K, capacity 616K, committed 640K, reserved 1048576K
Event: 5.494 GC heap after
Heap after GC invocations=5 (full 0):
 PSYoungGen      total 64000K, used 2530K [0x00000000eab00000, 0x00000000f3b00000, 0x0000000100000000)
  eden space 61440K, 0% used [0x00000000eab00000,0x00000000eab00000,0x00000000ee700000)
  from space 2560K, 98% used [0x00000000ee700000,0x00000000ee9789f0,0x00000000ee980000)
  to   space 12288K, 0% used [0x00000000f2f00000,0x00000000f2f00000,0x00000000f3b00000)
 ParOldGen       total 40960K, used 23055K [0x00000000c0000000, 0x00000000c2800000, 0x00000000eab00000)
  object space 40960K, 56% used [0x00000000c0000000,0x00000000c1683fb8,0x00000000c2800000)
 Metaspace       used 5860K, capacity 6960K, committed 7040K, reserved 1056768K
  class space    used 581K, capacity 616K, committed 640K, reserved 1048576K
}
Event: 6.453 GC heap before
{Heap before GC invocations=6 (full 0):
 PSYoungGen      total 64000K, used 63970K [0x00000000eab00000, 0x00000000f3b00000, 0x0000000100000000)
  eden space 61440K, 100% used [0x00000000eab00000,0x00000000ee700000,0x00000000ee700000)
  from space 2560K, 98% used [0x00000000ee700000,0x00000000ee9789f0,0x00000000ee980000)
  to   space 12288K, 0% used [0x00000000f2f00000,0x00000000f2f00000,0x00000000f3b00000)
 ParOldGen       total 40960K, used 23055K [0x00000000c0000000, 0x00000000c2800000, 0x00000000eab00000)
  object space 40960K, 56% used [0x00000000c0000000,0x00000000c1683fb8,0x00000000c2800000)
 Metaspace       used 6011K, capacity 7024K, committed 7296K, reserved 1056768K
  class space    used 600K, capacity 616K, committed 640K, reserved 1048576K
Event: 6.530 GC heap after
Heap after GC invocations=6 (full 0):
 PSYoungGen      total 133632K, used 11191K [0x00000000eab00000, 0x00000000f3e00000, 0x0000000100000000)
  eden space 121344K, 0% used [0x00000000eab00000,0x00000000eab00000,0x00000000f2180000)
  from space 12288K, 91% used [0x00000000f2f00000,0x00000000f39edc60,0x00000000f3b00000)
  to   space 13824K, 0% used [0x00000000f2180000,0x00000000f2180000,0x00000000f2f00000)
 ParOldGen       total 40960K, used 23063K [0x00000000c0000000, 0x00000000c2800000, 0x00000000eab00000)
  object space 40960K, 56% used [0x00000000c0000000,0x00000000c1685fb8,0x00000000c2800000)
 Metaspace       used 6011K, capacity 7024K, committed 7296K, reserved 1056768K
  class space    used 600K, capacity 616K, committed 640K, reserved 1048576K
}
Event: 11.461 GC heap before
{Heap before GC invocations=7 (full 0):
 PSYoungGen      total 133632K, used 132535K [0x00000000eab00000, 0x00000000f3e00000, 0x0000000100000000)
  eden space 121344K, 100% used [0x00000000eab00000,0x00000000f2180000,0x00000000f2180000)
  from space 12288K, 91% used [0x00000000f2f00000,0x00000000f39edc60,0x00000000f3b00000)
  to   space 13824K, 0% used [0x00000000f2180000,0x00000000f2180000,0x00000000f2f00000)
 ParOldGen       total 40960K, used 23063K [0x00000000c0000000, 0x00000000c2800000, 0x00000000eab00000)
  object space 40960K, 56% used [0x00000000c0000000,0x00000000c1685fb8,0x00000000c2800000)
 Metaspace       used 6452K, capacity 7380K, committed 7680K, reserved 1056768K
  class space    used 619K, capacity 652K, committed 768K, reserved 1048576K

Deoptimization events (10 events):
Event: 6.200 Thread 0x00007fc36000a000 Uncommon trap: reason=unreached action=reinterpret pc=0x00007fc350a03b64 method=java.util.HashMap.putVal(ILjava/lang/Object;Ljava/lang/Object;ZZ)Ljava/lang/Object; @ 109
Event: 8.133 Thread 0x00007fc36000a000 Uncommon trap: reason=class_check action=maybe_recompile pc=0x00007fc3509e0840 method=java.util.Arrays.hashCode([Ljava/lang/Object;)I @ 43
Event: 8.133 Thread 0x00007fc36000a000 Uncommon trap: reason=class_check action=maybe_recompile pc=0x00007fc3509e0840 method=java.util.Arrays.hashCode([Ljava/lang/Object;)I @ 43
Event: 8.133 Thread 0x00007fc36000a000 Uncommon trap: reason=class_check action=maybe_recompile pc=0x00007fc3509e0840 method=java.util.Arrays.hashCode([Ljava/lang/Object;)I @ 43
Event: 8.133 Thread 0x00007fc36000a000 Uncommon trap: reason=class_check action=maybe_recompile pc=0x00007fc3509e0840 method=java.util.Arrays.hashCode([Ljava/lang/Object;)I @ 43
Event: 8.133 Thread 0x00007fc36000a000 Uncommon trap: reason=class_check action=maybe_recompile pc=0x00007fc3509d2240 method=java.util.Arrays.hashCode([Ljava/lang/Object;)I @ 43
Event: 11.237 Thread 0x00007fc36000a000 Uncommon trap: reason=speculate_class_check action=maybe_recompile pc=0x00007fc350830ba4 method=com.android.dx.util.FixedSizeList.equals(Ljava/lang/Object;)Z @ 25
Event: 11.361 Thread 0x00007fc36000a000 Uncommon trap: reason=speculate_class_check action=maybe_recompile pc=0x00007fc350830ba4 method=com.android.dx.util.FixedSizeList.equals(Ljava/lang/Object;)Z @ 25
Event: 11.362 Thread 0x00007fc36000a000 Uncommon trap: reason=speculate_class_check action=maybe_recompile pc=0x00007fc350830ba4 method=com.android.dx.util.FixedSizeList.equals(Ljava/lang/Object;)Z @ 25
Event: 11.362 Thread 0x00007fc36000a000 Uncommon trap: reason=speculate_class_check action=maybe_recompile pc=0x00007fc350830ba4 method=com.android.dx.util.FixedSizeList.equals(Ljava/lang/Object;)Z @ 25

Internal exceptions (10 events):
Event: 11.181 Thread 0x00007fc36000a000 Exception <a 'java/security/PrivilegedActionException'> (0x00000000f2030380) thrown at [/HUDSON/workspace/8-2-build-linux-amd64/jdk8u20/1074/hotspot/src/share/vm/prims/jvm.cpp, line 1275]
Event: 11.182 Thread 0x00007fc36000a000 Exception <a 'java/security/PrivilegedActionException'> (0x00000000f2035620) thrown at [/HUDSON/workspace/8-2-build-linux-amd64/jdk8u20/1074/hotspot/src/share/vm/prims/jvm.cpp, line 1275]
Event: 11.185 Thread 0x00007fc36000a000 Exception <a 'java/security/PrivilegedActionException'> (0x00000000f203bc78) thrown at [/HUDSON/workspace/8-2-build-linux-amd64/jdk8u20/1074/hotspot/src/share/vm/prims/jvm.cpp, line 1275]
Event: 11.186 Thread 0x00007fc36000a000 Exception <a 'java/security/PrivilegedActionException'> (0x00000000f203ec98) thrown at [/HUDSON/workspace/8-2-build-linux-amd64/jdk8u20/1074/hotspot/src/share/vm/prims/jvm.cpp, line 1275]
Event: 11.187 Thread 0x00007fc36000a000 Exception <a 'java/security/PrivilegedActionException'> (0x00000000f2043bb8) thrown at [/HUDSON/workspace/8-2-build-linux-amd64/jdk8u20/1074/hotspot/src/share/vm/prims/jvm.cpp, line 1275]
Event: 11.190 Thread 0x00007fc36000a000 Exception <a 'java/security/PrivilegedActionException'> (0x00000000f2048360) thrown at [/HUDSON/workspace/8-2-build-linux-amd64/jdk8u20/1074/hotspot/src/share/vm/prims/jvm.cpp, line 1275]
Event: 11.233 Thread 0x00007fc36000a000 Exception <a 'java/security/PrivilegedActionException'> (0x00000000f2059380) thrown at [/HUDSON/workspace/8-2-build-linux-amd64/jdk8u20/1074/hotspot/src/share/vm/prims/jvm.cpp, line 1275]
Event: 11.237 Thread 0x00007fc36000a000 Exception <a 'java/security/PrivilegedActionException'> (0x00000000f205c408) thrown at [/HUDSON/workspace/8-2-build-linux-amd64/jdk8u20/1074/hotspot/src/share/vm/prims/jvm.cpp, line 1275]
Event: 11.238 Thread 0x00007fc36000a000 Exception <a 'java/security/PrivilegedActionException'> (0x00000000f205f660) thrown at [/HUDSON/workspace/8-2-build-linux-amd64/jdk8u20/1074/hotspot/src/share/vm/prims/jvm.cpp, line 1275]
Event: 11.259 Thread 0x00007fc36000a000 Exception <a 'java/security/PrivilegedActionException'> (0x00000000f2070158) thrown at [/HUDSON/workspace/8-2-build-linux-amd64/jdk8u20/1074/hotspot/src/share/vm/prims/jvm.cpp, line 1275]

Events (10 events):
Event: 11.361 Thread 0x00007fc36000a000 Uncommon trap: trap_request=0xffffff76 fr.pc=0x00007fc350830ba4
Event: 11.361 Thread 0x00007fc36000a000 DEOPT PACKING pc=0x00007fc350830ba4 sp=0x00007fc36655c150
Event: 11.361 Thread 0x00007fc36000a000 DEOPT UNPACKING pc=0x00007fc3505adf69 sp=0x00007fc36655c130 mode 2
Event: 11.362 Thread 0x00007fc36000a000 Uncommon trap: trap_request=0xffffff76 fr.pc=0x00007fc350830ba4
Event: 11.362 Thread 0x00007fc36000a000 DEOPT PACKING pc=0x00007fc350830ba4 sp=0x00007fc36655c150
Event: 11.362 Thread 0x00007fc36000a000 DEOPT UNPACKING pc=0x00007fc3505adf69 sp=0x00007fc36655c130 mode 2
Event: 11.362 Thread 0x00007fc36000a000 Uncommon trap: trap_request=0xffffff76 fr.pc=0x00007fc350830ba4
Event: 11.362 Thread 0x00007fc36000a000 DEOPT PACKING pc=0x00007fc350830ba4 sp=0x00007fc36655c150
Event: 11.362 Thread 0x00007fc36000a000 DEOPT UNPACKING pc=0x00007fc3505adf69 sp=0x00007fc36655c130 mode 2
Event: 11.461 Executing VM operation: ParallelGCFailedAllocation


Dynamic libraries:
00400000-00401000 r-xp 00000000 08:03 2625528                            /home/xerxes/program_files/jdk1.8.0_20/bin/java
00600000-00601000 rw-p 00000000 08:03 2625528                            /home/xerxes/program_files/jdk1.8.0_20/bin/java
01a47000-01a68000 rw-p 00000000 00:00 0                                  [heap]
c0000000-c2800000 rw-p 00000000 00:00 0 
c2800000-eab00000 ---p 00000000 00:00 0 
eab00000-f3e00000 rw-p 00000000 00:00 0 
fc400000-100000000 ---p 00000000 00:00 0 
100000000-1000c0000 rw-p 00000000 00:00 0 
1000c0000-140000000 ---p 00000000 00:00 0 
7fc2fc000000-7fc2fc021000 rw-p 00000000 00:00 0 
7fc2fc021000-7fc300000000 ---p 00000000 00:00 0 
7fc304000000-7fc304021000 rw-p 00000000 00:00 0 
7fc304021000-7fc308000000 ---p 00000000 00:00 0 
7fc308000000-7fc308021000 rw-p 00000000 00:00 0 
7fc308021000-7fc30c000000 ---p 00000000 00:00 0 
7fc30c000000-7fc30c04b000 rw-p 00000000 00:00 0 
7fc30c04b000-7fc310000000 ---p 00000000 00:00 0 
7fc310000000-7fc310021000 rw-p 00000000 00:00 0 
7fc310021000-7fc314000000 ---p 00000000 00:00 0 
7fc314000000-7fc314021000 rw-p 00000000 00:00 0 
7fc314021000-7fc318000000 ---p 00000000 00:00 0 
7fc318000000-7fc318021000 rw-p 00000000 00:00 0 
7fc318021000-7fc31c000000 ---p 00000000 00:00 0 
7fc31c000000-7fc31cf56000 rw-p 00000000 00:00 0 
7fc31cf56000-7fc320000000 ---p 00000000 00:00 0 
7fc320000000-7fc320919000 rw-p 00000000 00:00 0 
7fc320919000-7fc324000000 ---p 00000000 00:00 0 
7fc324000000-7fc324021000 rw-p 00000000 00:00 0 
7fc324021000-7fc328000000 ---p 00000000 00:00 0 
7fc328000000-7fc328c88000 rw-p 00000000 00:00 0 
7fc328c88000-7fc32c000000 ---p 00000000 00:00 0 
7fc32c000000-7fc32c021000 rw-p 00000000 00:00 0 
7fc32c021000-7fc330000000 ---p 00000000 00:00 0 
7fc330000000-7fc330021000 rw-p 00000000 00:00 0 
7fc330021000-7fc334000000 ---p 00000000 00:00 0 
7fc334000000-7fc33427d000 rw-p 00000000 00:00 0 
7fc33427d000-7fc338000000 ---p 00000000 00:00 0 
7fc338000000-7fc338021000 rw-p 00000000 00:00 0 
7fc338021000-7fc33c000000 ---p 00000000 00:00 0 
7fc33e8de000-7fc33e8e1000 ---p 00000000 00:00 0 
7fc33e8e1000-7fc33e9df000 rw-p 00000000 00:00 0 
7fc33e9df000-7fc33e9e2000 ---p 00000000 00:00 0 
7fc33e9e2000-7fc33eae0000 rw-p 00000000 00:00 0 
7fc33eae0000-7fc33eae3000 ---p 00000000 00:00 0 
7fc33eae3000-7fc33ebe1000 rw-p 00000000 00:00 0 
7fc33ebe1000-7fc33ebe4000 ---p 00000000 00:00 0 
7fc33ebe4000-7fc33ece2000 rw-p 00000000 00:00 0 
7fc33ece2000-7fc33ece5000 ---p 00000000 00:00 0 
7fc33ece5000-7fc33ede3000 rw-p 00000000 00:00 0 
7fc33ede3000-7fc33ede4000 ---p 00000000 00:00 0 
7fc33ede4000-7fc33eee4000 rw-p 00000000 00:00 0                          [stack:5072]
7fc33eee4000-7fc33eee7000 ---p 00000000 00:00 0 
7fc33eee7000-7fc33efe5000 rw-p 00000000 00:00 0                          [stack:5071]
7fc33efe5000-7fc33efe8000 ---p 00000000 00:00 0 
7fc33efe8000-7fc33f0e6000 rw-p 00000000 00:00 0                          [stack:5069]
7fc33f0e6000-7fc33f0e9000 ---p 00000000 00:00 0 
7fc33f0e9000-7fc33f1e7000 rw-p 00000000 00:00 0                          [stack:5067]
7fc33f1e7000-7fc33f1ea000 ---p 00000000 00:00 0 
7fc33f1ea000-7fc33f2e8000 rw-p 00000000 00:00 0                          [stack:5066]
7fc33f2e8000-7fc33f2eb000 ---p 00000000 00:00 0 
7fc33f2eb000-7fc33f3e9000 rw-p 00000000 00:00 0                          [stack:5065]
7fc33f3e9000-7fc33fbfc000 r--p 00000000 08:03 1056786                    /usr/lib/locale/locale-archive
7fc33fbfc000-7fc33fbff000 ---p 00000000 00:00 0 
7fc33fbff000-7fc33fcfd000 rw-p 00000000 00:00 0                          [stack:5049]
7fc33fcfd000-7fc33fd00000 ---p 00000000 00:00 0 
7fc33fd00000-7fc33fdfe000 rw-p 00000000 00:00 0                          [stack:5048]
7fc33fdfe000-7fc33fdff000 ---p 00000000 00:00 0 
7fc33fdff000-7fc340000000 rw-p 00000000 00:00 0                          [stack:5047]
7fc340000000-7fc340021000 rw-p 00000000 00:00 0 
7fc340021000-7fc344000000 ---p 00000000 00:00 0 
7fc344000000-7fc344021000 rw-p 00000000 00:00 0 
7fc344021000-7fc348000000 ---p 00000000 00:00 0 
7fc348000000-7fc348021000 rw-p 00000000 00:00 0 
7fc348021000-7fc34c000000 ---p 00000000 00:00 0 
7fc34c017000-7fc34c026000 r--s 000df000 08:03 924283                     /home/xerxes/program_files/adt-bundle/sdk/build-tools/23.0.1/lib/dx.jar
7fc34c026000-7fc34ceb8000 rw-p 00000000 00:00 0 
7fc34ceb8000-7fc34d08e000 r--s 03ca8000 08:03 398403                     /home/xerxes/program_files/jdk1.8.0_20/jre/lib/rt.jar
7fc34d08e000-7fc34d74e000 rw-p 00000000 00:00 0 
7fc34d74e000-7fc34d88e000 ---p 00000000 00:00 0 
7fc34d88e000-7fc34fa8e000 rw-p 00000000 00:00 0 
7fc34fa8e000-7fc34fa8f000 ---p 00000000 00:00 0 
7fc34fa8f000-7fc34fb8f000 rw-p 00000000 00:00 0                          [stack:5038]
7fc34fb8f000-7fc34fb90000 ---p 00000000 00:00 0 
7fc34fb90000-7fc34fc90000 rw-p 00000000 00:00 0                          [stack:5037]
7fc34fc90000-7fc34fc91000 ---p 00000000 00:00 0 
7fc34fc91000-7fc34fd91000 rw-p 00000000 00:00 0                          [stack:5036]
7fc34fd91000-7fc34fd92000 ---p 00000000 00:00 0 
7fc34fd92000-7fc34fea6000 rw-p 00000000 00:00 0                          [stack:5035]
7fc34fea6000-7fc34ffe8000 ---p 00000000 00:00 0 
7fc34ffe8000-7fc34fffc000 rw-p 00000000 00:00 0 
7fc34fffc000-7fc35013d000 ---p 00000000 00:00 0 
7fc35013d000-7fc350187000 rw-p 00000000 00:00 0 
7fc350187000-7fc3501e8000 ---p 00000000 00:00 0 
7fc3501e8000-7fc350207000 rw-p 00000000 00:00 0 
7fc350207000-7fc3505a9000 ---p 00000000 00:00 0 
7fc3505a9000-7fc350cf9000 rwxp 00000000 00:00 0 
7fc350cf9000-7fc35f5a9000 ---p 00000000 00:00 0 
7fc35f5a9000-7fc35f5c3000 r-xp 00000000 08:03 398283                     /home/xerxes/program_files/jdk1.8.0_20/jre/lib/amd64/libzip.so
7fc35f5c3000-7fc35f7c3000 ---p 0001a000 08:03 398283                     /home/xerxes/program_files/jdk1.8.0_20/jre/lib/amd64/libzip.so
7fc35f7c3000-7fc35f7c4000 rw-p 0001a000 08:03 398283                     /home/xerxes/program_files/jdk1.8.0_20/jre/lib/amd64/libzip.so
7fc35f7c4000-7fc35f7cf000 r-xp 00000000 08:03 131161                     /lib/x86_64-linux-gnu/libnss_files-2.19.so
7fc35f7cf000-7fc35f9ce000 ---p 0000b000 08:03 131161                     /lib/x86_64-linux-gnu/libnss_files-2.19.so
7fc35f9ce000-7fc35f9cf000 r--p 0000a000 08:03 131161                     /lib/x86_64-linux-gnu/libnss_files-2.19.so
7fc35f9cf000-7fc35f9d0000 rw-p 0000b000 08:03 131161                     /lib/x86_64-linux-gnu/libnss_files-2.19.so
7fc35f9d0000-7fc35f9db000 r-xp 00000000 08:03 131278                     /lib/x86_64-linux-gnu/libnss_nis-2.19.so
7fc35f9db000-7fc35fbda000 ---p 0000b000 08:03 131278                     /lib/x86_64-linux-gnu/libnss_nis-2.19.so
7fc35fbda000-7fc35fbdb000 r--p 0000a000 08:03 131278                     /lib/x86_64-linux-gnu/libnss_nis-2.19.so
7fc35fbdb000-7fc35fbdc000 rw-p 0000b000 08:03 131278                     /lib/x86_64-linux-gnu/libnss_nis-2.19.so
7fc35fbdc000-7fc35fbf3000 r-xp 00000000 08:03 131267                     /lib/x86_64-linux-gnu/libnsl-2.19.so
7fc35fbf3000-7fc35fdf2000 ---p 00017000 08:03 131267                     /lib/x86_64-linux-gnu/libnsl-2.19.so
7fc35fdf2000-7fc35fdf3000 r--p 00016000 08:03 131267                     /lib/x86_64-linux-gnu/libnsl-2.19.so
7fc35fdf3000-7fc35fdf4000 rw-p 00017000 08:03 131267                     /lib/x86_64-linux-gnu/libnsl-2.19.so
7fc35fdf4000-7fc35fdf6000 rw-p 00000000 00:00 0 
7fc35fdf6000-7fc35fdff000 r-xp 00000000 08:03 131175                     /lib/x86_64-linux-gnu/libnss_compat-2.19.so
7fc35fdff000-7fc35fffe000 ---p 00009000 08:03 131175                     /lib/x86_64-linux-gnu/libnss_compat-2.19.so
7fc35fffe000-7fc35ffff000 r--p 00008000 08:03 131175                     /lib/x86_64-linux-gnu/libnss_compat-2.19.so
7fc35ffff000-7fc360000000 rw-p 00009000 08:03 131175                     /lib/x86_64-linux-gnu/libnss_compat-2.19.so
7fc360000000-7fc360374000 rw-p 00000000 00:00 0 
7fc360374000-7fc364000000 ---p 00000000 00:00 0 
7fc364002000-7fc364099000 rw-p 00000000 00:00 0 
7fc364099000-7fc3640c3000 r-xp 00000000 08:03 398260                     /home/xerxes/program_files/jdk1.8.0_20/jre/lib/amd64/libjava.so
7fc3640c3000-7fc3642c3000 ---p 0002a000 08:03 398260                     /home/xerxes/program_files/jdk1.8.0_20/jre/lib/amd64/libjava.so
7fc3642c3000-7fc3642c5000 rw-p 0002a000 08:03 398260                     /home/xerxes/program_files/jdk1.8.0_20/jre/lib/amd64/libjava.so
7fc3642c5000-7fc3642d2000 r-xp 00000000 08:03 398225                     /home/xerxes/program_files/jdk1.8.0_20/jre/lib/amd64/libverify.so
7fc3642d2000-7fc3644d2000 ---p 0000d000 08:03 398225                     /home/xerxes/program_files/jdk1.8.0_20/jre/lib/amd64/libverify.so
7fc3644d2000-7fc3644d4000 rw-p 0000d000 08:03 398225                     /home/xerxes/program_files/jdk1.8.0_20/jre/lib/amd64/libverify.so
7fc3644d4000-7fc3644db000 r-xp 00000000 08:03 131275                     /lib/x86_64-linux-gnu/librt-2.19.so
7fc3644db000-7fc3646da000 ---p 00007000 08:03 131275                     /lib/x86_64-linux-gnu/librt-2.19.so
7fc3646da000-7fc3646db000 r--p 00006000 08:03 131275                     /lib/x86_64-linux-gnu/librt-2.19.so
7fc3646db000-7fc3646dc000 rw-p 00007000 08:03 131275                     /lib/x86_64-linux-gnu/librt-2.19.so
7fc3646dc000-7fc3647e1000 r-xp 00000000 08:03 131101                     /lib/x86_64-linux-gnu/libm-2.19.so
7fc3647e1000-7fc3649e0000 ---p 00105000 08:03 131101                     /lib/x86_64-linux-gnu/libm-2.19.so
7fc3649e0000-7fc3649e1000 r--p 00104000 08:03 131101                     /lib/x86_64-linux-gnu/libm-2.19.so
7fc3649e1000-7fc3649e2000 rw-p 00105000 08:03 131101                     /lib/x86_64-linux-gnu/libm-2.19.so
7fc3649e2000-7fc36564c000 r-xp 00000000 08:03 398147                     /home/xerxes/program_files/jdk1.8.0_20/jre/lib/amd64/server/libjvm.so
7fc36564c000-7fc36584b000 ---p 00c6a000 08:03 398147                     /home/xerxes/program_files/jdk1.8.0_20/jre/lib/amd64/server/libjvm.so
7fc36584b000-7fc365922000 rw-p 00c69000 08:03 398147                     /home/xerxes/program_files/jdk1.8.0_20/jre/lib/amd64/server/libjvm.so
7fc365922000-7fc365964000 rw-p 00000000 00:00 0 
7fc365964000-7fc365b1f000 r-xp 00000000 08:03 131272                     /lib/x86_64-linux-gnu/libc-2.19.so
7fc365b1f000-7fc365d1e000 ---p 001bb000 08:03 131272                     /lib/x86_64-linux-gnu/libc-2.19.so
7fc365d1e000-7fc365d22000 r--p 001ba000 08:03 131272                     /lib/x86_64-linux-gnu/libc-2.19.so
7fc365d22000-7fc365d24000 rw-p 001be000 08:03 131272                     /lib/x86_64-linux-gnu/libc-2.19.so
7fc365d24000-7fc365d29000 rw-p 00000000 00:00 0 
7fc365d29000-7fc365d2c000 r-xp 00000000 08:03 131166                     /lib/x86_64-linux-gnu/libdl-2.19.so
7fc365d2c000-7fc365f2b000 ---p 00003000 08:03 131166                     /lib/x86_64-linux-gnu/libdl-2.19.so
7fc365f2b000-7fc365f2c000 r--p 00002000 08:03 131166                     /lib/x86_64-linux-gnu/libdl-2.19.so
7fc365f2c000-7fc365f2d000 rw-p 00003000 08:03 131166                     /lib/x86_64-linux-gnu/libdl-2.19.so
7fc365f2d000-7fc365f42000 r-xp 00000000 08:03 398291                     /home/xerxes/program_files/jdk1.8.0_20/lib/amd64/jli/libjli.so
7fc365f42000-7fc366141000 ---p 00015000 08:03 398291                     /home/xerxes/program_files/jdk1.8.0_20/lib/amd64/jli/libjli.so
7fc366141000-7fc366142000 rw-p 00014000 08:03 398291                     /home/xerxes/program_files/jdk1.8.0_20/lib/amd64/jli/libjli.so
7fc366142000-7fc36615b000 r-xp 00000000 08:03 131273                     /lib/x86_64-linux-gnu/libpthread-2.19.so
7fc36615b000-7fc36635a000 ---p 00019000 08:03 131273                     /lib/x86_64-linux-gnu/libpthread-2.19.so
7fc36635a000-7fc36635b000 r--p 00018000 08:03 131273                     /lib/x86_64-linux-gnu/libpthread-2.19.so
7fc36635b000-7fc36635c000 rw-p 00019000 08:03 131273                     /lib/x86_64-linux-gnu/libpthread-2.19.so
7fc36635c000-7fc366360000 rw-p 00000000 00:00 0 
7fc366360000-7fc366383000 r-xp 00000000 08:03 131269                     /lib/x86_64-linux-gnu/ld-2.19.so
7fc36638a000-7fc36645d000 rw-p 00000000 00:00 0 
7fc36645d000-7fc366460000 ---p 00000000 00:00 0 
7fc366460000-7fc366576000 rw-p 00000000 00:00 0                          [stack:5028]
7fc366576000-7fc36657e000 rw-s 00000000 08:03 918488                     /tmp/hsperfdata_xerxes/5017
7fc36657e000-7fc36657f000 rw-p 00000000 00:00 0 
7fc36657f000-7fc366580000 ---p 00000000 00:00 0 
7fc366580000-7fc366582000 rw-p 00000000 00:00 0 
7fc366582000-7fc366583000 r--p 00022000 08:03 131269                     /lib/x86_64-linux-gnu/ld-2.19.so
7fc366583000-7fc366584000 rw-p 00023000 08:03 131269                     /lib/x86_64-linux-gnu/ld-2.19.so
7fc366584000-7fc366585000 rw-p 00000000 00:00 0 
7ffc4323a000-7ffc4325c000 rw-p 00000000 00:00 0                          [stack]
7ffc4327d000-7ffc4327f000 r-xp 00000000 00:00 0                          [vdso]
ffffffffff600000-ffffffffff601000 r-xp 00000000 00:00 0                  [vsyscall]

VM Arguments:
jvm_args: -Djava.awt.headless=true -Xmx1024M -Dfile.encoding=UTF-8 -Duser.country=US -Duser.language=en -Duser.variant 
java_command: com.android.dx.command.Main --dex --num-threads=4 --output /home/xerxes/finalyrproject/CDAMAPP/app/build/intermediates/pre-dexed/debug/com.android.support-appcompat-v7-23.1.1_efb16422d96c13181236296239f9ac0830fd4196.jar /home/xerxes/finalyrproject/CDAMAPP/app/build/intermediates/exploded-aar/com.android.support/appcompat-v7/23.1.1/jars/classes.jar
java_class_path (initial): /home/xerxes/program_files/adt-bundle/sdk/build-tools/23.0.1/lib/dx.jar
Launcher Type: SUN_STANDARD

Environment Variables:
JAVA_HOME=/home/xerxes/program_files/jdk1.8.0_20/bin
PATH=/home/xerxes/program_files/android-studio/bin:/home/xerxes/program_files/arduino-1.0.6:/home/xerxes/program_files/argouml-0.34:/home/xerxes/program_files/adt-bundle/sdk/tools:/home/xerxes/program_files/eclipse:/opt/lampp/bin:/home/xerxes/program_files/netbeans-7.1rc1/bin:/home/xerxes/program_files/jdk1.8.0_20/bin:/usr/local/sbin:/usr/local/bin:/usr/sbin:/usr/bin:/sbin:/bin:/usr/games:/usr/local/games
LD_LIBRARY_PATH=program_files/android-studio/bin:
SHELL=/bin/bash
DISPLAY=:0

Signal Handlers:
SIGSEGV: [libjvm.so+0xa77530], sa_mask[0]=11111111011111111101111111111110, sa_flags=SA_RESTART|SA_SIGINFO
SIGBUS: [libjvm.so+0xa77530], sa_mask[0]=11111111011111111101111111111110, sa_flags=SA_RESTART|SA_SIGINFO
SIGFPE: [libjvm.so+0x8e1d90], sa_mask[0]=11111111011111111101111111111110, sa_flags=SA_RESTART|SA_SIGINFO
SIGPIPE: [libjvm.so+0x8e1d90], sa_mask[0]=11111111011111111101111111111110, sa_flags=SA_RESTART|SA_SIGINFO
SIGXFSZ: [libjvm.so+0x8e1d90], sa_mask[0]=11111111011111111101111111111110, sa_flags=SA_RESTART|SA_SIGINFO
SIGILL: [libjvm.so+0x8e1d90], sa_mask[0]=11111111011111111101111111111110, sa_flags=SA_RESTART|SA_SIGINFO
SIGUSR1: SIG_DFL, sa_mask[0]=00000000000000000000000000000000, sa_flags=none
SIGUSR2: [libjvm.so+0x8e35c0], sa_mask[0]=00100000000000000000000000000000, sa_flags=SA_RESTART|SA_SIGINFO
SIGHUP: [libjvm.so+0x8e4980], sa_mask[0]=11111111011111111101111111111110, sa_flags=SA_RESTART|SA_SIGINFO
SIGINT: [libjvm.so+0x8e4980], sa_mask[0]=11111111011111111101111111111110, sa_flags=SA_RESTART|SA_SIGINFO
SIGTERM: [libjvm.so+0x8e4980], sa_mask[0]=11111111011111111101111111111110, sa_flags=SA_RESTART|SA_SIGINFO
SIGQUIT: [libjvm.so+0x8e4980], sa_mask[0]=11111111011111111101111111111110, sa_flags=SA_RESTART|SA_SIGINFO


---------------  S Y S T E M  ---------------

OS:DISTRIB_ID=Ubuntu
DISTRIB_RELEASE=14.04
DISTRIB_CODENAME=trusty
DISTRIB_DESCRIPTION="Ubuntu 14.04.2 LTS"

uname:Linux 3.13.0-49-generic #81-Ubuntu SMP Tue Mar 24 19:29:48 UTC 2015 x86_64
libc:glibc 2.19 NPTL 2.19 
rlimit: STACK 8192k, CORE 0k, NPROC 30235, NOFILE 4096, AS infinity
load average:5.18 2.28 1.63

/proc/meminfo:
MemTotal:        3891756 kB
MemFree:          108208 kB
Buffers:            1092 kB
Cached:           253988 kB
SwapCached:         8724 kB
Active:          2638192 kB
Inactive:         976580 kB
Active(anon):    2624972 kB
Inactive(anon):   958072 kB
Active(file):      13220 kB
Inactive(file):    18508 kB
Unevictable:          56 kB
Mlocked:              56 kB
SwapTotal:        262140 kB
SwapFree:              0 kB
Dirty:               832 kB
Writeback:             0 kB
AnonPages:       3351368 kB
Mapped:            47360 kB
Shmem:            223068 kB
Slab:              73392 kB
SReclaimable:      37232 kB
SUnreclaim:        36160 kB
KernelStack:        5656 kB
PageTables:        40548 kB
NFS_Unstable:          0 kB
Bounce:                0 kB
WritebackTmp:          0 kB
CommitLimit:     2208016 kB
Committed_AS:    7401288 kB
VmallocTotal:   34359738367 kB
VmallocUsed:      402368 kB
VmallocChunk:   34359327560 kB
HardwareCorrupted:     0 kB
AnonHugePages:   1300480 kB
HugePages_Total:       0
HugePages_Free:        0
HugePages_Rsvd:        0
HugePages_Surp:        0
Hugepagesize:       2048 kB
DirectMap4k:       71476 kB
DirectMap2M:     3966976 kB


CPU:total 4 (2 cores per cpu, 2 threads per core) family 6 model 58 stepping 9, cmov, cx8, fxsr, mmx, sse, sse2, sse3, ssse3, sse4.1, sse4.2, popcnt, avx, aes, clmul, erms, ht, tsc, tscinvbit, tscinv

/proc/cpuinfo:
processor	: 0
vendor_id	: GenuineIntel
cpu family	: 6
model		: 58
model name	: Intel(R) Core(TM) i5-3230M CPU @ 2.60GHz
stepping	: 9
microcode	: 0x15
cpu MHz		: 2601.000
cache size	: 3072 KB
physical id	: 0
siblings	: 4
core id		: 0
cpu cores	: 2
apicid		: 0
initial apicid	: 0
fpu		: yes
fpu_exception	: yes
cpuid level	: 13
wp		: yes
flags		: fpu vme de pse tsc msr pae mce cx8 apic sep mtrr pge mca cmov pat pse36 clflush dts acpi mmx fxsr sse sse2 ss ht tm pbe syscall nx rdtscp lm constant_tsc arch_perfmon pebs bts rep_good nopl xtopology nonstop_tsc aperfmperf eagerfpu pni pclmulqdq dtes64 monitor ds_cpl vmx est tm2 ssse3 cx16 xtpr pdcm pcid sse4_1 sse4_2 x2apic popcnt tsc_deadline_timer aes xsave avx f16c rdrand lahf_lm ida arat epb xsaveopt pln pts dtherm tpr_shadow vnmi flexpriority ept vpid fsgsbase smep erms
bogomips	: 5188.36
clflush size	: 64
cache_alignment	: 64
address sizes	: 36 bits physical, 48 bits virtual
power management:

processor	: 1
vendor_id	: GenuineIntel
cpu family	: 6
model		: 58
model name	: Intel(R) Core(TM) i5-3230M CPU @ 2.60GHz
stepping	: 9
microcode	: 0x15
cpu MHz		: 2601.000
cache size	: 3072 KB
physical id	: 0
siblings	: 4
core id		: 0
cpu cores	: 2
apicid		: 1
initial apicid	: 1
fpu		: yes
fpu_exception	: yes
cpuid level	: 13
wp		: yes
flags		: fpu vme de pse tsc msr pae mce cx8 apic sep mtrr pge mca cmov pat pse36 clflush dts acpi mmx fxsr sse sse2 ss ht tm pbe syscall nx rdtscp lm constant_tsc arch_perfmon pebs bts rep_good nopl xtopology nonstop_tsc aperfmperf eagerfpu pni pclmulqdq dtes64 monitor ds_cpl vmx est tm2 ssse3 cx16 xtpr pdcm pcid sse4_1 sse4_2 x2apic popcnt tsc_deadline_timer aes xsave avx f16c rdrand lahf_lm ida arat epb xsaveopt pln pts dtherm tpr_shadow vnmi flexpriority ept vpid fsgsbase smep erms
bogomips	: 5188.36
clflush size	: 64
cache_alignment	: 64
address sizes	: 36 bits physical, 48 bits virtual
power management:

processor	: 2
vendor_id	: GenuineIntel
cpu family	: 6
model		: 58
model name	: Intel(R) Core(TM) i5-3230M CPU @ 2.60GHz
stepping	: 9
microcode	: 0x15
cpu MHz		: 2601.000
cache size	: 3072 KB
physical id	: 0
siblings	: 4
core id		: 1
cpu cores	: 2
apicid		: 2
initial apicid	: 2
fpu		: yes
fpu_exception	: yes
cpuid level	: 13
wp		: yes
flags		: fpu vme de pse tsc msr pae mce cx8 apic sep mtrr pge mca cmov pat pse36 clflush dts acpi mmx fxsr sse sse2 ss ht tm pbe syscall nx rdtscp lm constant_tsc arch_perfmon pebs bts rep_good nopl xtopology nonstop_tsc aperfmperf eagerfpu pni pclmulqdq dtes64 monitor ds_cpl vmx est tm2 ssse3 cx16 xtpr pdcm pcid sse4_1 sse4_2 x2apic popcnt tsc_deadline_timer aes xsave avx f16c rdrand lahf_lm ida arat epb xsaveopt pln pts dtherm tpr_shadow vnmi flexpriority ept vpid fsgsbase smep erms
bogomips	: 5188.36
clflush size	: 64
cache_alignment	: 64
address sizes	: 36 bits physical, 48 bits virtual
power management:

processor	: 3
vendor_id	: GenuineIntel
cpu family	: 6
model		: 58
model name	: Intel(R) Core(TM) i5-3230M CPU @ 2.60GHz
stepping	: 9
microcode	: 0x15
cpu MHz		: 2601.000
cache size	: 3072 KB
physical id	: 0
siblings	: 4
core id		: 1
cpu cores	: 2
apicid		: 3
initial apicid	: 3
fpu		: yes
fpu_exception	: yes
cpuid level	: 13
wp		: yes
flags		: fpu vme de pse tsc msr pae mce cx8 apic sep mtrr pge mca cmov pat pse36 clflush dts acpi mmx fxsr sse sse2 ss ht tm pbe syscall nx rdtscp lm constant_tsc arch_perfmon pebs bts rep_good nopl xtopology nonstop_tsc aperfmperf eagerfpu pni pclmulqdq dtes64 monitor ds_cpl vmx est tm2 ssse3 cx16 xtpr pdcm pcid sse4_1 sse4_2 x2apic popcnt tsc_deadline_timer aes xsave avx f16c rdrand lahf_lm ida arat epb xsaveopt pln pts dtherm tpr_shadow vnmi flexpriority ept vpid fsgsbase smep erms
bogomips	: 5188.36
clflush size	: 64
cache_alignment	: 64
address sizes	: 36 bits physical, 48 bits virtual
power management:



Memory: 4k page, physical 3891756k(108208k free), swap 262140k(0k free)

vm_info: Java HotSpot(TM) 64-Bit Server VM (25.20-b23) for linux-amd64 JRE (1.8.0_20-b26), built on Jul 30 2014 13:13:52 by "java_re" with gcc 4.3.0 20080428 (Red Hat 4.3.0-8)

time: Sun Feb  7 04:35:34 2016
elapsed time: 14 seconds (0d 0h 0m 14s)

