#
# There is insufficient memory for the Java Runtime Environment to continue.
# Native memory allocation (mmap) failed to map 139460608 bytes for committing reserved memory.
# Possible reasons:
#   The system is out of physical RAM or swap space
#   In 32 bit mode, the process size limit was hit
# Possible solutions:
#   Reduce memory load on the system
#   Increase physical memory or swap space
#   Check if swap backing store is full
#   Use 64 bit Java on a 64 bit OS
#   Decrease Java heap size (-Xmx/-Xms)
#   Decrease number of Java threads
#   Decrease Java thread stack sizes (-Xss)
#   Set larger code cache with -XX:ReservedCodeCacheSize=
# This output file may be truncated or incomplete.
#
#  Out of Memory Error (os_linux.cpp:2671), pid=5567, tid=140262453475072
#
# JRE version: Java(TM) SE Runtime Environment (8.0_20-b26) (build 1.8.0_20-b26)
# Java VM: Java HotSpot(TM) 64-Bit Server VM (25.20-b23 mixed mode linux-amd64 compressed oops)
# Failed to write core dump. Core dumps have been disabled. To enable core dumping, try "ulimit -c unlimited" before starting Java again
#

---------------  T H R E A D  ---------------

Current thread (0x00007f9178073800):  VMThread [stack: 0x00007f9165a6f000,0x00007f9165b70000] [id=5592]

Stack: [0x00007f9165a6f000,0x00007f9165b70000],  sp=0x00007f9165b6e170,  free space=1020k
Native frames: (J=compiled Java code, j=interpreted, Vv=VM code, C=native code)
V  [libjvm.so+0xa76cea]  VMError::report_and_die()+0x2ca
V  [libjvm.so+0x4e52fb]  report_vm_out_of_memory(char const*, int, unsigned long, VMErrorType, char const*)+0x8b
V  [libjvm.so+0x8e4ec3]  os::Linux::commit_memory_impl(char*, unsigned long, bool)+0x103
V  [libjvm.so+0x8e5419]  os::pd_commit_memory(char*, unsigned long, unsigned long, bool)+0x29
V  [libjvm.so+0x8df0ea]  os::commit_memory(char*, unsigned long, unsigned long, bool)+0x2a
V  [libjvm.so+0x94f1f3]  PSVirtualSpace::expand_by(unsigned long)+0x53
V  [libjvm.so+0x9505f8]  PSYoungGen::resize_generation(unsigned long, unsigned long)+0xf8
V  [libjvm.so+0x94f752]  PSYoungGen::resize(unsigned long, unsigned long)+0x22
V  [libjvm.so+0x94ca33]  PSScavenge::invoke_no_policy()+0xf53
V  [libjvm.so+0x94d1b1]  PSScavenge::invoke()+0x41
V  [libjvm.so+0x9070d0]  ParallelScavengeHeap::failed_mem_allocate(unsigned long)+0x70
V  [libjvm.so+0xa78367]  VM_ParallelGCFailedAllocation::doit()+0x97
V  [libjvm.so+0xa7fa85]  VM_Operation::evaluate()+0x55
V  [libjvm.so+0xa7de5a]  VMThread::evaluate_operation(VM_Operation*)+0xba
V  [libjvm.so+0xa7e1de]  VMThread::loop()+0x1ce
V  [libjvm.so+0xa7e650]  VMThread::run()+0x70
V  [libjvm.so+0x8e75f8]  java_start(Thread*)+0x108

VM_Operation (0x00007f91801bc130): ParallelGCFailedAllocation, mode: safepoint, requested by thread 0x00007f917800a000


---------------  P R O C E S S  ---------------

Java Threads: ( => current thread )
  0x00007f91780b8800 JavaThread "Service Thread" daemon [_thread_blocked, id=5618, stack(0x00007f9164b55000,0x00007f9164c56000)]
  0x00007f91780b3000 JavaThread "C1 CompilerThread2" daemon [_thread_blocked, id=5615, stack(0x00007f9164c56000,0x00007f9164d57000)]
  0x00007f91780b1000 JavaThread "C2 CompilerThread1" daemon [_thread_blocked, id=5612, stack(0x00007f9164d57000,0x00007f9164e58000)]
  0x00007f91780ae800 JavaThread "C2 CompilerThread0" daemon [_thread_blocked, id=5611, stack(0x00007f9164e58000,0x00007f9164f59000)]
  0x00007f91780ac000 JavaThread "Signal Dispatcher" daemon [_thread_blocked, id=5609, stack(0x00007f9164f59000,0x00007f916505a000)]
  0x00007f917807c800 JavaThread "Finalizer" daemon [_thread_blocked, id=5600, stack(0x00007f916586d000,0x00007f916596e000)]
  0x00007f917807a800 JavaThread "Reference Handler" daemon [_thread_blocked, id=5597, stack(0x00007f916596e000,0x00007f9165a6f000)]
  0x00007f917800a000 JavaThread "main" [_thread_blocked, id=5571, stack(0x00007f91800bd000,0x00007f91801be000)]

Other Threads:
=>0x00007f9178073800 VMThread [stack: 0x00007f9165a6f000,0x00007f9165b70000] [id=5592]
  0x00007f91780bb000 WatcherThread [stack: 0x00007f9164a54000,0x00007f9164b55000] [id=5620]

VM state:at safepoint (normal execution)

VM Mutex/Monitor currently owned by a thread:  ([mutex/lock_event])
[0x00007f9178006670] Threads_lock - owner thread: 0x00007f9178073800
[0x00007f9178006b70] Heap_lock - owner thread: 0x00007f917800a000

Heap:
 PSYoungGen      total 135168K, used 13795K [0x00000000eab00000, 0x00000000f3e00000, 0x0000000100000000)
  eden space 121344K, 0% used [0x00000000eab00000,0x00000000eab00000,0x00000000f2180000)
  from space 13824K, 99% used [0x00000000f2180000,0x00000000f2ef8ea0,0x00000000f2f00000)
  to   space 12288K, 0% used [0x00000000f2f00000,0x00000000f2f00000,0x00000000f3b00000)
 ParOldGen       total 40960K, used 35529K [0x00000000c0000000, 0x00000000c2800000, 0x00000000eab00000)
  object space 40960K, 86% used [0x00000000c0000000,0x00000000c22b2488,0x00000000c2800000)
 Metaspace       used 6254K, capacity 7156K, committed 7296K, reserved 1056768K
  class space    used 607K, capacity 620K, committed 640K, reserved 1048576K

Card table byte_map: [0x00007f917cce1000,0x00007f917cee2000] byte_map_base: 0x00007f917c6e1000

Marking Bits: (ParMarkBitMap*) 0x00007f917f599ac0
 Begin Bits: [0x00007f9167000000, 0x00007f9168000000)
 End Bits:   [0x00007f9168000000, 0x00007f9169000000)

Polling page: 0x00007f91801df000

CodeCache: size=245760Kb used=6457Kb max_used=6463Kb free=239302Kb
 bounds [0x00007f9169000000, 0x00007f9169660000, 0x00007f9178000000]
 total_blobs=2052 nmethods=1788 adapters=178
 compilation: enabled

Compilation events (10 events):
Event: 8.765 Thread 0x00007f91780b3000 2039       2       com.android.dx.dex.file.StringDataItem::writeSize (17 bytes)
Event: 8.765 Thread 0x00007f91780b3000 nmethod 2039 0x00007f916962af10 code [0x00007f916962b080, 0x00007f916962b230]
Event: 8.765 Thread 0x00007f91780b3000 2040       2       com.android.dx.rop.cst.CstString::getUtf16Size (8 bytes)
Event: 8.765 Thread 0x00007f91780b3000 nmethod 2040 0x00007f916962ab90 code [0x00007f916962ad00, 0x00007f916962ae50]
Event: 8.765 Thread 0x00007f91780b3000 2042       2       com.android.dx.rop.cst.CstString::getUtf8Size (8 bytes)
Event: 8.765 Thread 0x00007f91780b3000 nmethod 2042 0x00007f9169643d10 code [0x00007f9169643e60, 0x00007f9169643fb0]
Event: 8.765 Thread 0x00007f91780b3000 2036       1       com.android.dx.dex.file.DexFile::getStringData (5 bytes)
Event: 8.765 Thread 0x00007f91780b3000 nmethod 2036 0x00007f916962f2d0 code [0x00007f916962f420, 0x00007f916962f530]
Event: 8.765 Thread 0x00007f91780b3000 2037       2       com.android.dx.dex.file.StringIdItem::addContents (36 bytes)
Event: 8.766 Thread 0x00007f91780b3000 nmethod 2037 0x00007f91696434d0 code [0x00007f9169643660, 0x00007f9169643978]

GC Heap History (10 events):
Event: 2.061 GC heap after
Heap after GC invocations=2 (full 0):
 PSYoungGen      total 33280K, used 2534K [0x00000000eab00000, 0x00000000ece00000, 0x0000000100000000)
  eden space 30720K, 0% used [0x00000000eab00000,0x00000000eab00000,0x00000000ec900000)
  from space 2560K, 98% used [0x00000000ecb80000,0x00000000ecdf9820,0x00000000ece00000)
  to   space 2560K, 0% used [0x00000000ec900000,0x00000000ec900000,0x00000000ecb80000)
 ParOldGen       total 40960K, used 4560K [0x00000000c0000000, 0x00000000c2800000, 0x00000000eab00000)
  object space 40960K, 11% used [0x00000000c0000000,0x00000000c04740d0,0x00000000c2800000)
 Metaspace       used 5662K, capacity 6768K, committed 7040K, reserved 1056768K
  class space    used 580K, capacity 616K, committed 640K, reserved 1048576K
}
Event: 3.139 GC heap before
{Heap before GC invocations=3 (full 0):
 PSYoungGen      total 33280K, used 33254K [0x00000000eab00000, 0x00000000ece00000, 0x0000000100000000)
  eden space 30720K, 100% used [0x00000000eab00000,0x00000000ec900000,0x00000000ec900000)
  from space 2560K, 98% used [0x00000000ecb80000,0x00000000ecdf9820,0x00000000ece00000)
  to   space 2560K, 0% used [0x00000000ec900000,0x00000000ec900000,0x00000000ecb80000)
 ParOldGen       total 40960K, used 4560K [0x00000000c0000000, 0x00000000c2800000, 0x00000000eab00000)
  object space 40960K, 11% used [0x00000000c0000000,0x00000000c04740d0,0x00000000c2800000)
 Metaspace       used 5718K, capacity 6832K, committed 7040K, reserved 1056768K
  class space    used 580K, capacity 616K, committed 640K, reserved 1048576K
Event: 3.209 GC heap after
Heap after GC invocations=3 (full 0):
 PSYoungGen      total 33280K, used 2532K [0x00000000eab00000, 0x00000000eec00000, 0x0000000100000000)
  eden space 30720K, 0% used [0x00000000eab00000,0x00000000eab00000,0x00000000ec900000)
  from space 2560K, 98% used [0x00000000ec900000,0x00000000ecb79168,0x00000000ecb80000)
  to   space 2560K, 0% used [0x00000000ee980000,0x00000000ee980000,0x00000000eec00000)
 ParOldGen       total 40960K, used 9396K [0x00000000c0000000, 0x00000000c2800000, 0x00000000eab00000)
  object space 40960K, 22% used [0x00000000c0000000,0x00000000c092d0d8,0x00000000c2800000)
 Metaspace       used 5718K, capacity 6832K, committed 7040K, reserved 1056768K
  class space    used 580K, capacity 616K, committed 640K, reserved 1048576K
}
Event: 3.920 GC heap before
{Heap before GC invocations=4 (full 0):
 PSYoungGen      total 33280K, used 33252K [0x00000000eab00000, 0x00000000eec00000, 0x0000000100000000)
  eden space 30720K, 100% used [0x00000000eab00000,0x00000000ec900000,0x00000000ec900000)
  from space 2560K, 98% used [0x00000000ec900000,0x00000000ecb79168,0x00000000ecb80000)
  to   space 2560K, 0% used [0x00000000ee980000,0x00000000ee980000,0x00000000eec00000)
 ParOldGen       total 40960K, used 9396K [0x00000000c0000000, 0x00000000c2800000, 0x00000000eab00000)
  object space 40960K, 22% used [0x00000000c0000000,0x00000000c092d0d8,0x00000000c2800000)
 Metaspace       used 5758K, capacity 6896K, committed 7040K, reserved 1056768K
  class space    used 580K, capacity 616K, committed 640K, reserved 1048576K
Event: 3.989 GC heap after
Heap after GC invocations=4 (full 0):
 PSYoungGen      total 64000K, used 2532K [0x00000000eab00000, 0x00000000eec00000, 0x0000000100000000)
  eden space 61440K, 0% used [0x00000000eab00000,0x00000000eab00000,0x00000000ee700000)
  from space 2560K, 98% used [0x00000000ee980000,0x00000000eebf9168,0x00000000eec00000)
  to   space 2560K, 0% used [0x00000000ee700000,0x00000000ee700000,0x00000000ee980000)
 ParOldGen       total 40960K, used 13643K [0x00000000c0000000, 0x00000000c2800000, 0x00000000eab00000)
  object space 40960K, 33% used [0x00000000c0000000,0x00000000c0d52e98,0x00000000c2800000)
 Metaspace       used 5758K, capacity 6896K, committed 7040K, reserved 1056768K
  class space    used 580K, capacity 616K, committed 640K, reserved 1048576K
}
Event: 5.222 GC heap before
{Heap before GC invocations=5 (full 0):
 PSYoungGen      total 64000K, used 63972K [0x00000000eab00000, 0x00000000eec00000, 0x0000000100000000)
  eden space 61440K, 100% used [0x00000000eab00000,0x00000000ee700000,0x00000000ee700000)
  from space 2560K, 98% used [0x00000000ee980000,0x00000000eebf9168,0x00000000eec00000)
  to   space 2560K, 0% used [0x00000000ee700000,0x00000000ee700000,0x00000000ee980000)
 ParOldGen       total 40960K, used 13643K [0x00000000c0000000, 0x00000000c2800000, 0x00000000eab00000)
  object space 40960K, 33% used [0x00000000c0000000,0x00000000c0d52e98,0x00000000c2800000)
 Metaspace       used 5830K, capacity 6960K, committed 7040K, reserved 1056768K
  class space    used 581K, capacity 616K, committed 640K, reserved 1048576K
Event: 5.306 GC heap after
Heap after GC invocations=5 (full 0):
 PSYoungGen      total 64000K, used 2531K [0x00000000eab00000, 0x00000000f3b00000, 0x0000000100000000)
  eden space 61440K, 0% used [0x00000000eab00000,0x00000000eab00000,0x00000000ee700000)
  from space 2560K, 98% used [0x00000000ee700000,0x00000000ee978e40,0x00000000ee980000)
  to   space 12288K, 0% used [0x00000000f2f00000,0x00000000f2f00000,0x00000000f3b00000)
 ParOldGen       total 40960K, used 23205K [0x00000000c0000000, 0x00000000c2800000, 0x00000000eab00000)
  object space 40960K, 56% used [0x00000000c0000000,0x00000000c16a9528,0x00000000c2800000)
 Metaspace       used 5830K, capacity 6960K, committed 7040K, reserved 1056768K
  class space    used 581K, capacity 616K, committed 640K, reserved 1048576K
}
Event: 6.120 GC heap before
{Heap before GC invocations=6 (full 0):
 PSYoungGen      total 64000K, used 63971K [0x00000000eab00000, 0x00000000f3b00000, 0x0000000100000000)
  eden space 61440K, 100% used [0x00000000eab00000,0x00000000ee700000,0x00000000ee700000)
  from space 2560K, 98% used [0x00000000ee700000,0x00000000ee978e40,0x00000000ee980000)
  to   space 12288K, 0% used [0x00000000f2f00000,0x00000000f2f00000,0x00000000f3b00000)
 ParOldGen       total 40960K, used 23205K [0x00000000c0000000, 0x00000000c2800000, 0x00000000eab00000)
  object space 40960K, 56% used [0x00000000c0000000,0x00000000c16a9528,0x00000000c2800000)
 Metaspace       used 5957K, capacity 6960K, committed 7040K, reserved 1056768K
  class space    used 600K, capacity 616K, committed 640K, reserved 1048576K
Event: 6.254 GC heap after
Heap after GC invocations=6 (full 0):
 PSYoungGen      total 133632K, used 11473K [0x00000000eab00000, 0x00000000f3e00000, 0x0000000100000000)
  eden space 121344K, 0% used [0x00000000eab00000,0x00000000eab00000,0x00000000f2180000)
  from space 12288K, 93% used [0x00000000f2f00000,0x00000000f3a347f0,0x00000000f3b00000)
  to   space 13824K, 0% used [0x00000000f2180000,0x00000000f2180000,0x00000000f2f00000)
 ParOldGen       total 40960K, used 23213K [0x00000000c0000000, 0x00000000c2800000, 0x00000000eab00000)
  object space 40960K, 56% used [0x00000000c0000000,0x00000000c16ab528,0x00000000c2800000)
 Metaspace       used 5957K, capacity 6960K, committed 7040K, reserved 1056768K
  class space    used 600K, capacity 616K, committed 640K, reserved 1048576K
}
Event: 8.767 GC heap before
{Heap before GC invocations=7 (full 0):
 PSYoungGen      total 133632K, used 132817K [0x00000000eab00000, 0x00000000f3e00000, 0x0000000100000000)
  eden space 121344K, 100% used [0x00000000eab00000,0x00000000f2180000,0x00000000f2180000)
  from space 12288K, 93% used [0x00000000f2f00000,0x00000000f3a347f0,0x00000000f3b00000)
  to   space 13824K, 0% used [0x00000000f2180000,0x00000000f2180000,0x00000000f2f00000)
 ParOldGen       total 40960K, used 23213K [0x00000000c0000000, 0x00000000c2800000, 0x00000000eab00000)
  object space 40960K, 56% used [0x00000000c0000000,0x00000000c16ab528,0x00000000c2800000)
 Metaspace       used 6254K, capacity 7156K, committed 7296K, reserved 1056768K
  class space    used 607K, capacity 620K, committed 640K, reserved 1048576K

Deoptimization events (10 events):
Event: 2.844 Thread 0x00007f9178124800 Uncommon trap: reason=bimorphic action=maybe_recompile pc=0x00007f916921f7f8 method=java.util.HashMap.getNode(ILjava/lang/Object;)Ljava/util/HashMap$Node; @ 126
Event: 2.844 Thread 0x00007f9178124800 Uncommon trap: reason=bimorphic action=maybe_recompile pc=0x00007f91691e4f04 method=java.util.HashMap.getNode(ILjava/lang/Object;)Ljava/util/HashMap$Node; @ 126
Event: 4.118 Thread 0x00007f917800a000 Uncommon trap: reason=unreached action=reinterpret pc=0x00007f916928a23c method=com.android.dx.ssa.SsaMethod.updateOneDefinition(Lcom/android/dx/ssa/SsaInsn;Lcom/android/dx/rop/code/RegisterSpec;)V @ 4
Event: 5.513 Thread 0x00007f917800a000 Uncommon trap: reason=unreached action=reinterpret pc=0x00007f9169350e8c method=java.util.HashMap.getNode(ILjava/lang/Object;)Ljava/util/HashMap$Node; @ 84
Event: 5.895 Thread 0x00007f917800a000 Uncommon trap: reason=unreached action=reinterpret pc=0x00007f91693ebc7c method=java.util.HashMap.putVal(ILjava/lang/Object;Ljava/lang/Object;ZZ)Ljava/lang/Object; @ 109
Event: 8.004 Thread 0x00007f917800a000 Uncommon trap: reason=class_check action=maybe_recompile pc=0x00007f91693e1a00 method=java.util.Arrays.hashCode([Ljava/lang/Object;)I @ 43
Event: 8.004 Thread 0x00007f917800a000 Uncommon trap: reason=class_check action=maybe_recompile pc=0x00007f91693e1a00 method=java.util.Arrays.hashCode([Ljava/lang/Object;)I @ 43
Event: 8.004 Thread 0x00007f917800a000 Uncommon trap: reason=class_check action=maybe_recompile pc=0x00007f91693e1a00 method=java.util.Arrays.hashCode([Ljava/lang/Object;)I @ 43
Event: 8.004 Thread 0x00007f917800a000 Uncommon trap: reason=class_check action=maybe_recompile pc=0x00007f91693e1a00 method=java.util.Arrays.hashCode([Ljava/lang/Object;)I @ 43
Event: 8.004 Thread 0x00007f917800a000 Uncommon trap: reason=class_check action=maybe_recompile pc=0x00007f91693e2280 method=java.util.Arrays.hashCode([Ljava/lang/Object;)I @ 43

Internal exceptions (10 events):
Event: 1.492 Thread 0x00007f917813f800 Exception <a 'java/security/PrivilegedActionException'> (0x00000000eaf777a0) thrown at [/HUDSON/workspace/8-2-build-linux-amd64/jdk8u20/1074/hotspot/src/share/vm/prims/jvm.cpp, line 1275]
Event: 1.557 Thread 0x00007f917813e800 Exception <a 'java/security/PrivilegedActionException'> (0x00000000eb139880) thrown at [/HUDSON/workspace/8-2-build-linux-amd64/jdk8u20/1074/hotspot/src/share/vm/prims/jvm.cpp, line 1275]
Event: 4.103 Thread 0x00007f917800a000 Exception <a 'java/security/PrivilegedActionException'> (0x00000000eb2c86a0) thrown at [/HUDSON/workspace/8-2-build-linux-amd64/jdk8u20/1074/hotspot/src/share/vm/prims/jvm.cpp, line 1275]
Event: 5.510 Thread 0x00007f917800a000 Exception <a 'java/lang/ArrayIndexOutOfBoundsException': 18> (0x00000000ebeb3e88) thrown at [/HUDSON/workspace/8-2-build-linux-amd64/jdk8u20/1074/hotspot/src/share/vm/interpreter/interpreterRuntime.cpp, line 366]
Event: 5.510 Thread 0x00007f917800a000 Exception <a 'java/lang/ArrayIndexOutOfBoundsException': 145> (0x00000000ebeb5920) thrown at [/HUDSON/workspace/8-2-build-linux-amd64/jdk8u20/1074/hotspot/src/share/vm/interpreter/interpreterRuntime.cpp, line 366]
Event: 5.511 Thread 0x00007f917800a000 Exception <a 'java/lang/ArrayIndexOutOfBoundsException': 40> (0x00000000ebeb6b38) thrown at [/HUDSON/workspace/8-2-build-linux-amd64/jdk8u20/1074/hotspot/src/share/vm/interpreter/interpreterRuntime.cpp, line 366]
Event: 8.007 Thread 0x00007f917800a000 Exception <a 'java/security/PrivilegedActionException'> (0x00000000f1d9eb98) thrown at [/HUDSON/workspace/8-2-build-linux-amd64/jdk8u20/1074/hotspot/src/share/vm/prims/jvm.cpp, line 1275]
Event: 8.081 Thread 0x00007f917800a000 Exception <a 'java/security/PrivilegedActionException'> (0x00000000f1de7610) thrown at [/HUDSON/workspace/8-2-build-linux-amd64/jdk8u20/1074/hotspot/src/share/vm/prims/jvm.cpp, line 1275]
Event: 8.401 Thread 0x00007f917800a000 Exception <a 'java/security/PrivilegedActionException'> (0x00000000f207d070) thrown at [/HUDSON/workspace/8-2-build-linux-amd64/jdk8u20/1074/hotspot/src/share/vm/prims/jvm.cpp, line 1275]
Event: 8.522 Thread 0x00007f917800a000 Exception <a 'java/security/PrivilegedActionException'> (0x00000000f21657b0) thrown at [/HUDSON/workspace/8-2-build-linux-amd64/jdk8u20/1074/hotspot/src/share/vm/prims/jvm.cpp, line 1275]

Events (10 events):
Event: 8.357 Thread 0x00007f917800a000 DEOPT UNPACKING pc=0x00007f9169047373 sp=0x00007f91801bc110 mode 0
Event: 8.401 Thread 0x00007f917800a000 DEOPT PACKING pc=0x00007f9169332e32 sp=0x00007f91801bc3f0
Event: 8.401 Thread 0x00007f917800a000 DEOPT UNPACKING pc=0x00007f9169047373 sp=0x00007f91801bc128 mode 0
Event: 8.401 loading class com/android/dx/dex/file/ProtoIdItem
Event: 8.401 loading class com/android/dx/dex/file/ProtoIdItem done
Event: 8.519 Thread 0x00007f917800a000 DEOPT PACKING pc=0x00007f91695cf637 sp=0x00007f91801bc330
Event: 8.519 Thread 0x00007f917800a000 DEOPT UNPACKING pc=0x00007f9169047373 sp=0x00007f91801bc0b0 mode 0
Event: 8.522 loading class com/android/dex/Leb128
Event: 8.522 loading class com/android/dex/Leb128 done
Event: 8.766 Executing VM operation: ParallelGCFailedAllocation


Dynamic libraries:
00400000-00401000 r-xp 00000000 08:03 2625528                            /home/xerxes/program_files/jdk1.8.0_20/bin/java
00600000-00601000 rw-p 00000000 08:03 2625528                            /home/xerxes/program_files/jdk1.8.0_20/bin/java
021a1000-021c2000 rw-p 00000000 00:00 0                                  [heap]
c0000000-c2800000 rw-p 00000000 00:00 0 
c2800000-eab00000 ---p 00000000 00:00 0 
eab00000-f3e00000 rw-p 00000000 00:00 0 
fc300000-100000000 ---p 00000000 00:00 0 
100000000-1000a0000 rw-p 00000000 00:00 0 
1000a0000-140000000 ---p 00000000 00:00 0 
7f9118000000-7f9118026000 rw-p 00000000 00:00 0 
7f9118026000-7f911c000000 ---p 00000000 00:00 0 
7f9120000000-7f9120021000 rw-p 00000000 00:00 0 
7f9120021000-7f9124000000 ---p 00000000 00:00 0 
7f9124000000-7f9124021000 rw-p 00000000 00:00 0 
7f9124021000-7f9128000000 ---p 00000000 00:00 0 
7f9128000000-7f912802e000 rw-p 00000000 00:00 0 
7f912802e000-7f912c000000 ---p 00000000 00:00 0 
7f912c000000-7f912c021000 rw-p 00000000 00:00 0 
7f912c021000-7f9130000000 ---p 00000000 00:00 0 
7f9130000000-7f9130021000 rw-p 00000000 00:00 0 
7f9130021000-7f9134000000 ---p 00000000 00:00 0 
7f9134000000-7f9134021000 rw-p 00000000 00:00 0 
7f9134021000-7f9138000000 ---p 00000000 00:00 0 
7f9138000000-7f9138c25000 rw-p 00000000 00:00 0 
7f9138c25000-7f913c000000 ---p 00000000 00:00 0 
7f913c000000-7f913c90b000 rw-p 00000000 00:00 0 
7f913c90b000-7f9140000000 ---p 00000000 00:00 0 
7f9140000000-7f9140021000 rw-p 00000000 00:00 0 
7f9140021000-7f9144000000 ---p 00000000 00:00 0 
7f9144000000-7f9144f21000 rw-p 00000000 00:00 0 
7f9144f21000-7f9148000000 ---p 00000000 00:00 0 
7f9148000000-7f9148021000 rw-p 00000000 00:00 0 
7f9148021000-7f914c000000 ---p 00000000 00:00 0 
7f914c000000-7f914c021000 rw-p 00000000 00:00 0 
7f914c021000-7f9150000000 ---p 00000000 00:00 0 
7f9150000000-7f9150021000 rw-p 00000000 00:00 0 
7f9150021000-7f9154000000 ---p 00000000 00:00 0 
7f9154000000-7f9154284000 rw-p 00000000 00:00 0 
7f9154284000-7f9158000000 ---p 00000000 00:00 0 
7f9158000000-7f9158021000 rw-p 00000000 00:00 0 
7f9158021000-7f915c000000 ---p 00000000 00:00 0 
7f915c000000-7f915c021000 rw-p 00000000 00:00 0 
7f915c021000-7f9160000000 ---p 00000000 00:00 0 
7f9160000000-7f9160021000 rw-p 00000000 00:00 0 
7f9160021000-7f9164000000 ---p 00000000 00:00 0 
7f9164546000-7f9164549000 ---p 00000000 00:00 0 
7f9164549000-7f9164647000 rw-p 00000000 00:00 0 
7f9164647000-7f916464a000 ---p 00000000 00:00 0 
7f916464a000-7f9164748000 rw-p 00000000 00:00 0 
7f9164748000-7f916474b000 ---p 00000000 00:00 0 
7f916474b000-7f9164849000 rw-p 00000000 00:00 0 
7f9164849000-7f916484c000 ---p 00000000 00:00 0 
7f916484c000-7f916494a000 rw-p 00000000 00:00 0 
7f916494a000-7f916494d000 ---p 00000000 00:00 0 
7f916494d000-7f9164a4b000 rw-p 00000000 00:00 0 
7f9164a54000-7f9164a55000 ---p 00000000 00:00 0 
7f9164a55000-7f9164b55000 rw-p 00000000 00:00 0                          [stack:5620]
7f9164b55000-7f9164b58000 ---p 00000000 00:00 0 
7f9164b58000-7f9164c56000 rw-p 00000000 00:00 0                          [stack:5618]
7f9164c56000-7f9164c59000 ---p 00000000 00:00 0 
7f9164c59000-7f9164d57000 rw-p 00000000 00:00 0                          [stack:5615]
7f9164d57000-7f9164d5a000 ---p 00000000 00:00 0 
7f9164d5a000-7f9164e58000 rw-p 00000000 00:00 0                          [stack:5612]
7f9164e58000-7f9164e5b000 ---p 00000000 00:00 0 
7f9164e5b000-7f9164f59000 rw-p 00000000 00:00 0                          [stack:5611]
7f9164f59000-7f9164f5c000 ---p 00000000 00:00 0 
7f9164f5c000-7f916505a000 rw-p 00000000 00:00 0                          [stack:5609]
7f916505a000-7f916586d000 r--p 00000000 08:03 1056786                    /usr/lib/locale/locale-archive
7f916586d000-7f9165870000 ---p 00000000 00:00 0 
7f9165870000-7f916596e000 rw-p 00000000 00:00 0                          [stack:5600]
7f916596e000-7f9165971000 ---p 00000000 00:00 0 
7f9165971000-7f9165a6f000 rw-p 00000000 00:00 0                          [stack:5597]
7f9165a6f000-7f9165a70000 ---p 00000000 00:00 0 
7f9165a70000-7f9166e80000 rw-p 00000000 00:00 0                          [stack:5592]
7f9166e80000-7f9167000000 ---p 00000000 00:00 0 
7f9167000000-7f9169000000 rw-p 00000000 00:00 0 
7f9169000000-7f9169660000 rwxp 00000000 00:00 0 
7f9169660000-7f9178000000 ---p 00000000 00:00 0 
7f9178000000-7f9178374000 rw-p 00000000 00:00 0 
7f9178374000-7f917c000000 ---p 00000000 00:00 0 
7f917c008000-7f917c017000 r--s 000df000 08:03 924283                     /home/xerxes/program_files/adt-bundle/sdk/build-tools/23.0.1/lib/dx.jar
7f917c017000-7f917c33b000 rw-p 00000000 00:00 0 
7f917c33b000-7f917c511000 r--s 03ca8000 08:03 398403                     /home/xerxes/program_files/jdk1.8.0_20/jre/lib/rt.jar
7f917c511000-7f917c787000 rw-p 00000000 00:00 0 
7f917c787000-7f917c788000 ---p 00000000 00:00 0 
7f917c788000-7f917c888000 rw-p 00000000 00:00 0                          [stack:5586]
7f917c888000-7f917c889000 ---p 00000000 00:00 0 
7f917c889000-7f917c989000 rw-p 00000000 00:00 0                          [stack:5584]
7f917c989000-7f917c98a000 ---p 00000000 00:00 0 
7f917c98a000-7f917ca8a000 rw-p 00000000 00:00 0                          [stack:5583]
7f917ca8a000-7f917ca8b000 ---p 00000000 00:00 0 
7f917ca8b000-7f917cb9f000 rw-p 00000000 00:00 0                          [stack:5575]
7f917cb9f000-7f917cce1000 ---p 00000000 00:00 0 
7f917cce1000-7f917ccf5000 rw-p 00000000 00:00 0 
7f917ccf5000-7f917ce36000 ---p 00000000 00:00 0 
7f917ce36000-7f917ce80000 rw-p 00000000 00:00 0 
7f917ce80000-7f917cee1000 ---p 00000000 00:00 0 
7f917cee1000-7f917cefc000 rw-p 00000000 00:00 0 
7f917cefc000-7f917d2a2000 ---p 00000000 00:00 0 
7f917d2a2000-7f917d2bc000 r-xp 00000000 08:03 398283                     /home/xerxes/program_files/jdk1.8.0_20/jre/lib/amd64/libzip.so
7f917d2bc000-7f917d4bc000 ---p 0001a000 08:03 398283                     /home/xerxes/program_files/jdk1.8.0_20/jre/lib/amd64/libzip.so
7f917d4bc000-7f917d4bd000 rw-p 0001a000 08:03 398283                     /home/xerxes/program_files/jdk1.8.0_20/jre/lib/amd64/libzip.so
7f917d4bd000-7f917d4c8000 r-xp 00000000 08:03 131161                     /lib/x86_64-linux-gnu/libnss_files-2.19.so
7f917d4c8000-7f917d6c7000 ---p 0000b000 08:03 131161                     /lib/x86_64-linux-gnu/libnss_files-2.19.so
7f917d6c7000-7f917d6c8000 r--p 0000a000 08:03 131161                     /lib/x86_64-linux-gnu/libnss_files-2.19.so
7f917d6c8000-7f917d6c9000 rw-p 0000b000 08:03 131161                     /lib/x86_64-linux-gnu/libnss_files-2.19.so
7f917d6c9000-7f917d6d4000 r-xp 00000000 08:03 131278                     /lib/x86_64-linux-gnu/libnss_nis-2.19.so
7f917d6d4000-7f917d8d3000 ---p 0000b000 08:03 131278                     /lib/x86_64-linux-gnu/libnss_nis-2.19.so
7f917d8d3000-7f917d8d4000 r--p 0000a000 08:03 131278                     /lib/x86_64-linux-gnu/libnss_nis-2.19.so
7f917d8d4000-7f917d8d5000 rw-p 0000b000 08:03 131278                     /lib/x86_64-linux-gnu/libnss_nis-2.19.so
7f917d8d5000-7f917d8ec000 r-xp 00000000 08:03 131267                     /lib/x86_64-linux-gnu/libnsl-2.19.so
7f917d8ec000-7f917daeb000 ---p 00017000 08:03 131267                     /lib/x86_64-linux-gnu/libnsl-2.19.so
7f917daeb000-7f917daec000 r--p 00016000 08:03 131267                     /lib/x86_64-linux-gnu/libnsl-2.19.so
7f917daec000-7f917daed000 rw-p 00017000 08:03 131267                     /lib/x86_64-linux-gnu/libnsl-2.19.so
7f917daed000-7f917daef000 rw-p 00000000 00:00 0 
7f917daef000-7f917daf8000 r-xp 00000000 08:03 131175                     /lib/x86_64-linux-gnu/libnss_compat-2.19.so
7f917daf8000-7f917dcf7000 ---p 00009000 08:03 131175                     /lib/x86_64-linux-gnu/libnss_compat-2.19.so
7f917dcf7000-7f917dcf8000 r--p 00008000 08:03 131175                     /lib/x86_64-linux-gnu/libnss_compat-2.19.so
7f917dcf8000-7f917dcf9000 rw-p 00009000 08:03 131175                     /lib/x86_64-linux-gnu/libnss_compat-2.19.so
7f917dcf9000-7f917dd23000 r-xp 00000000 08:03 398260                     /home/xerxes/program_files/jdk1.8.0_20/jre/lib/amd64/libjava.so
7f917dd23000-7f917df23000 ---p 0002a000 08:03 398260                     /home/xerxes/program_files/jdk1.8.0_20/jre/lib/amd64/libjava.so
7f917df23000-7f917df25000 rw-p 0002a000 08:03 398260                     /home/xerxes/program_files/jdk1.8.0_20/jre/lib/amd64/libjava.so
7f917df25000-7f917df32000 r-xp 00000000 08:03 398225                     /home/xerxes/program_files/jdk1.8.0_20/jre/lib/amd64/libverify.so
7f917df32000-7f917e132000 ---p 0000d000 08:03 398225                     /home/xerxes/program_files/jdk1.8.0_20/jre/lib/amd64/libverify.so
7f917e132000-7f917e134000 rw-p 0000d000 08:03 398225                     /home/xerxes/program_files/jdk1.8.0_20/jre/lib/amd64/libverify.so
7f917e134000-7f917e13b000 r-xp 00000000 08:03 131275                     /lib/x86_64-linux-gnu/librt-2.19.so
7f917e13b000-7f917e33a000 ---p 00007000 08:03 131275                     /lib/x86_64-linux-gnu/librt-2.19.so
7f917e33a000-7f917e33b000 r--p 00006000 08:03 131275                     /lib/x86_64-linux-gnu/librt-2.19.so
7f917e33b000-7f917e33c000 rw-p 00007000 08:03 131275                     /lib/x86_64-linux-gnu/librt-2.19.so
7f917e33c000-7f917e441000 r-xp 00000000 08:03 131101                     /lib/x86_64-linux-gnu/libm-2.19.so
7f917e441000-7f917e640000 ---p 00105000 08:03 131101                     /lib/x86_64-linux-gnu/libm-2.19.so
7f917e640000-7f917e641000 r--p 00104000 08:03 131101                     /lib/x86_64-linux-gnu/libm-2.19.so
7f917e641000-7f917e642000 rw-p 00105000 08:03 131101                     /lib/x86_64-linux-gnu/libm-2.19.so
7f917e642000-7f917f2ac000 r-xp 00000000 08:03 398147                     /home/xerxes/program_files/jdk1.8.0_20/jre/lib/amd64/server/libjvm.so
7f917f2ac000-7f917f4ab000 ---p 00c6a000 08:03 398147                     /home/xerxes/program_files/jdk1.8.0_20/jre/lib/amd64/server/libjvm.so
7f917f4ab000-7f917f582000 rw-p 00c69000 08:03 398147                     /home/xerxes/program_files/jdk1.8.0_20/jre/lib/amd64/server/libjvm.so
7f917f582000-7f917f5c4000 rw-p 00000000 00:00 0 
7f917f5c4000-7f917f77f000 r-xp 00000000 08:03 131272                     /lib/x86_64-linux-gnu/libc-2.19.so
7f917f77f000-7f917f97e000 ---p 001bb000 08:03 131272                     /lib/x86_64-linux-gnu/libc-2.19.so
7f917f97e000-7f917f982000 r--p 001ba000 08:03 131272                     /lib/x86_64-linux-gnu/libc-2.19.so
7f917f982000-7f917f984000 rw-p 001be000 08:03 131272                     /lib/x86_64-linux-gnu/libc-2.19.so
7f917f984000-7f917f989000 rw-p 00000000 00:00 0 
7f917f989000-7f917f98c000 r-xp 00000000 08:03 131166                     /lib/x86_64-linux-gnu/libdl-2.19.so
7f917f98c000-7f917fb8b000 ---p 00003000 08:03 131166                     /lib/x86_64-linux-gnu/libdl-2.19.so
7f917fb8b000-7f917fb8c000 r--p 00002000 08:03 131166                     /lib/x86_64-linux-gnu/libdl-2.19.so
7f917fb8c000-7f917fb8d000 rw-p 00003000 08:03 131166                     /lib/x86_64-linux-gnu/libdl-2.19.so
7f917fb8d000-7f917fba2000 r-xp 00000000 08:03 398291                     /home/xerxes/program_files/jdk1.8.0_20/lib/amd64/jli/libjli.so
7f917fba2000-7f917fda1000 ---p 00015000 08:03 398291                     /home/xerxes/program_files/jdk1.8.0_20/lib/amd64/jli/libjli.so
7f917fda1000-7f917fda2000 rw-p 00014000 08:03 398291                     /home/xerxes/program_files/jdk1.8.0_20/lib/amd64/jli/libjli.so
7f917fda2000-7f917fdbb000 r-xp 00000000 08:03 131273                     /lib/x86_64-linux-gnu/libpthread-2.19.so
7f917fdbb000-7f917ffba000 ---p 00019000 08:03 131273                     /lib/x86_64-linux-gnu/libpthread-2.19.so
7f917ffba000-7f917ffbb000 r--p 00018000 08:03 131273                     /lib/x86_64-linux-gnu/libpthread-2.19.so
7f917ffbb000-7f917ffbc000 rw-p 00019000 08:03 131273                     /lib/x86_64-linux-gnu/libpthread-2.19.so
7f917ffbc000-7f917ffc0000 rw-p 00000000 00:00 0 
7f917ffc0000-7f917ffe3000 r-xp 00000000 08:03 131269                     /lib/x86_64-linux-gnu/ld-2.19.so
7f917ffea000-7f91800bd000 rw-p 00000000 00:00 0 
7f91800bd000-7f91800c0000 ---p 00000000 00:00 0 
7f91800c0000-7f91801d6000 rw-p 00000000 00:00 0                          [stack:5571]
7f91801d6000-7f91801de000 rw-s 00000000 08:03 924527                     /tmp/hsperfdata_xerxes/5567
7f91801de000-7f91801df000 rw-p 00000000 00:00 0 
7f91801df000-7f91801e0000 ---p 00000000 00:00 0 
7f91801e0000-7f91801e2000 rw-p 00000000 00:00 0 
7f91801e2000-7f91801e3000 r--p 00022000 08:03 131269                     /lib/x86_64-linux-gnu/ld-2.19.so
7f91801e3000-7f91801e4000 rw-p 00023000 08:03 131269                     /lib/x86_64-linux-gnu/ld-2.19.so
7f91801e4000-7f91801e5000 rw-p 00000000 00:00 0 
7fffc21f8000-7fffc221a000 rw-p 00000000 00:00 0                          [stack]
7fffc239b000-7fffc239d000 r-xp 00000000 00:00 0                          [vdso]
ffffffffff600000-ffffffffff601000 r-xp 00000000 00:00 0                  [vsyscall]

VM Arguments:
jvm_args: -Djava.awt.headless=true -Xmx1024M -Dfile.encoding=UTF-8 -Duser.country=US -Duser.language=en -Duser.variant 
java_command: com.android.dx.command.Main --dex --num-threads=4 --output /home/xerxes/finalyrproject/CDAMAPP/app/build/intermediates/pre-dexed/debug/com.android.support-appcompat-v7-23.1.1_efb16422d96c13181236296239f9ac0830fd4196.jar /home/xerxes/finalyrproject/CDAMAPP/app/build/intermediates/exploded-aar/com.android.support/appcompat-v7/23.1.1/jars/classes.jar
java_class_path (initial): /home/xerxes/program_files/adt-bundle/sdk/build-tools/23.0.1/lib/dx.jar
Launcher Type: SUN_STANDARD

Environment Variables:
JAVA_HOME=/home/xerxes/program_files/jdk1.8.0_20/bin
PATH=/home/xerxes/program_files/android-studio/bin:/home/xerxes/program_files/arduino-1.0.6:/home/xerxes/program_files/argouml-0.34:/home/xerxes/program_files/adt-bundle/sdk/tools:/home/xerxes/program_files/eclipse:/opt/lampp/bin:/home/xerxes/program_files/netbeans-7.1rc1/bin:/home/xerxes/program_files/jdk1.8.0_20/bin:/usr/local/sbin:/usr/local/bin:/usr/sbin:/usr/bin:/sbin:/bin:/usr/games:/usr/local/games
LD_LIBRARY_PATH=program_files/android-studio/bin:
SHELL=/bin/bash
DISPLAY=:0

Signal Handlers:
SIGSEGV: [libjvm.so+0xa77530], sa_mask[0]=11111111011111111101111111111110, sa_flags=SA_RESTART|SA_SIGINFO
SIGBUS: [libjvm.so+0xa77530], sa_mask[0]=11111111011111111101111111111110, sa_flags=SA_RESTART|SA_SIGINFO
SIGFPE: [libjvm.so+0x8e1d90], sa_mask[0]=11111111011111111101111111111110, sa_flags=SA_RESTART|SA_SIGINFO
SIGPIPE: [libjvm.so+0x8e1d90], sa_mask[0]=11111111011111111101111111111110, sa_flags=SA_RESTART|SA_SIGINFO
SIGXFSZ: [libjvm.so+0x8e1d90], sa_mask[0]=11111111011111111101111111111110, sa_flags=SA_RESTART|SA_SIGINFO
SIGILL: [libjvm.so+0x8e1d90], sa_mask[0]=11111111011111111101111111111110, sa_flags=SA_RESTART|SA_SIGINFO
SIGUSR1: SIG_DFL, sa_mask[0]=00000000000000000000000000000000, sa_flags=none
SIGUSR2: [libjvm.so+0x8e35c0], sa_mask[0]=00100000000000000000000000000000, sa_flags=SA_RESTART|SA_SIGINFO
SIGHUP: [libjvm.so+0x8e4980], sa_mask[0]=11111111011111111101111111111110, sa_flags=SA_RESTART|SA_SIGINFO
SIGINT: [libjvm.so+0x8e4980], sa_mask[0]=11111111011111111101111111111110, sa_flags=SA_RESTART|SA_SIGINFO
SIGTERM: [libjvm.so+0x8e4980], sa_mask[0]=11111111011111111101111111111110, sa_flags=SA_RESTART|SA_SIGINFO
SIGQUIT: [libjvm.so+0x8e4980], sa_mask[0]=11111111011111111101111111111110, sa_flags=SA_RESTART|SA_SIGINFO


---------------  S Y S T E M  ---------------

OS:DISTRIB_ID=Ubuntu
DISTRIB_RELEASE=14.04
DISTRIB_CODENAME=trusty
DISTRIB_DESCRIPTION="Ubuntu 14.04.2 LTS"

uname:Linux 3.13.0-49-generic #81-Ubuntu SMP Tue Mar 24 19:29:48 UTC 2015 x86_64
libc:glibc 2.19 NPTL 2.19 
rlimit: STACK 8192k, CORE 0k, NPROC 30235, NOFILE 4096, AS infinity
load average:17.90 9.41 4.36

/proc/meminfo:
MemTotal:        3891756 kB
MemFree:          143024 kB
Buffers:             444 kB
Cached:           197500 kB
SwapCached:         9412 kB
Active:          2579808 kB
Inactive:        1008272 kB
Active(anon):    2575228 kB
Inactive(anon):   983628 kB
Active(file):       4580 kB
Inactive(file):    24644 kB
Unevictable:          56 kB
Mlocked:              56 kB
SwapTotal:        262140 kB
SwapFree:              0 kB
Dirty:               176 kB
Writeback:             0 kB
AnonPages:       3380928 kB
Mapped:            36816 kB
Shmem:            168448 kB
Slab:              64832 kB
SReclaimable:      29140 kB
SUnreclaim:        35692 kB
KernelStack:        5416 kB
PageTables:        39176 kB
NFS_Unstable:          0 kB
Bounce:                0 kB
WritebackTmp:          0 kB
CommitLimit:     2208016 kB
Committed_AS:    6874040 kB
VmallocTotal:   34359738367 kB
VmallocUsed:      402368 kB
VmallocChunk:   34359327400 kB
HardwareCorrupted:     0 kB
AnonHugePages:   2117632 kB
HugePages_Total:       0
HugePages_Free:        0
HugePages_Rsvd:        0
HugePages_Surp:        0
Hugepagesize:       2048 kB
DirectMap4k:       67380 kB
DirectMap2M:     3971072 kB


CPU:total 4 (2 cores per cpu, 2 threads per core) family 6 model 58 stepping 9, cmov, cx8, fxsr, mmx, sse, sse2, sse3, ssse3, sse4.1, sse4.2, popcnt, avx, aes, clmul, erms, ht, tsc, tscinvbit, tscinv

/proc/cpuinfo:
processor	: 0
vendor_id	: GenuineIntel
cpu family	: 6
model		: 58
model name	: Intel(R) Core(TM) i5-3230M CPU @ 2.60GHz
stepping	: 9
microcode	: 0x15
cpu MHz		: 2601.000
cache size	: 3072 KB
physical id	: 0
siblings	: 4
core id		: 0
cpu cores	: 2
apicid		: 0
initial apicid	: 0
fpu		: yes
fpu_exception	: yes
cpuid level	: 13
wp		: yes
flags		: fpu vme de pse tsc msr pae mce cx8 apic sep mtrr pge mca cmov pat pse36 clflush dts acpi mmx fxsr sse sse2 ss ht tm pbe syscall nx rdtscp lm constant_tsc arch_perfmon pebs bts rep_good nopl xtopology nonstop_tsc aperfmperf eagerfpu pni pclmulqdq dtes64 monitor ds_cpl vmx est tm2 ssse3 cx16 xtpr pdcm pcid sse4_1 sse4_2 x2apic popcnt tsc_deadline_timer aes xsave avx f16c rdrand lahf_lm ida arat epb xsaveopt pln pts dtherm tpr_shadow vnmi flexpriority ept vpid fsgsbase smep erms
bogomips	: 5188.52
clflush size	: 64
cache_alignment	: 64
address sizes	: 36 bits physical, 48 bits virtual
power management:

processor	: 1
vendor_id	: GenuineIntel
cpu family	: 6
model		: 58
model name	: Intel(R) Core(TM) i5-3230M CPU @ 2.60GHz
stepping	: 9
microcode	: 0x15
cpu MHz		: 2601.000
cache size	: 3072 KB
physical id	: 0
siblings	: 4
core id		: 0
cpu cores	: 2
apicid		: 1
initial apicid	: 1
fpu		: yes
fpu_exception	: yes
cpuid level	: 13
wp		: yes
flags		: fpu vme de pse tsc msr pae mce cx8 apic sep mtrr pge mca cmov pat pse36 clflush dts acpi mmx fxsr sse sse2 ss ht tm pbe syscall nx rdtscp lm constant_tsc arch_perfmon pebs bts rep_good nopl xtopology nonstop_tsc aperfmperf eagerfpu pni pclmulqdq dtes64 monitor ds_cpl vmx est tm2 ssse3 cx16 xtpr pdcm pcid sse4_1 sse4_2 x2apic popcnt tsc_deadline_timer aes xsave avx f16c rdrand lahf_lm ida arat epb xsaveopt pln pts dtherm tpr_shadow vnmi flexpriority ept vpid fsgsbase smep erms
bogomips	: 5188.52
clflush size	: 64
cache_alignment	: 64
address sizes	: 36 bits physical, 48 bits virtual
power management:

processor	: 2
vendor_id	: GenuineIntel
cpu family	: 6
model		: 58
model name	: Intel(R) Core(TM) i5-3230M CPU @ 2.60GHz
stepping	: 9
microcode	: 0x15
cpu MHz		: 1300.000
cache size	: 3072 KB
physical id	: 0
siblings	: 4
core id		: 1
cpu cores	: 2
apicid		: 2
initial apicid	: 2
fpu		: yes
fpu_exception	: yes
cpuid level	: 13
wp		: yes
flags		: fpu vme de pse tsc msr pae mce cx8 apic sep mtrr pge mca cmov pat pse36 clflush dts acpi mmx fxsr sse sse2 ss ht tm pbe syscall nx rdtscp lm constant_tsc arch_perfmon pebs bts rep_good nopl xtopology nonstop_tsc aperfmperf eagerfpu pni pclmulqdq dtes64 monitor ds_cpl vmx est tm2 ssse3 cx16 xtpr pdcm pcid sse4_1 sse4_2 x2apic popcnt tsc_deadline_timer aes xsave avx f16c rdrand lahf_lm ida arat epb xsaveopt pln pts dtherm tpr_shadow vnmi flexpriority ept vpid fsgsbase smep erms
bogomips	: 5188.52
clflush size	: 64
cache_alignment	: 64
address sizes	: 36 bits physical, 48 bits virtual
power management:

processor	: 3
vendor_id	: GenuineIntel
cpu family	: 6
model		: 58
model name	: Intel(R) Core(TM) i5-3230M CPU @ 2.60GHz
stepping	: 9
microcode	: 0x15
cpu MHz		: 2601.000
cache size	: 3072 KB
physical id	: 0
siblings	: 4
core id		: 1
cpu cores	: 2
apicid		: 3
initial apicid	: 3
fpu		: yes
fpu_exception	: yes
cpuid level	: 13
wp		: yes
flags		: fpu vme de pse tsc msr pae mce cx8 apic sep mtrr pge mca cmov pat pse36 clflush dts acpi mmx fxsr sse sse2 ss ht tm pbe syscall nx rdtscp lm constant_tsc arch_perfmon pebs bts rep_good nopl xtopology nonstop_tsc aperfmperf eagerfpu pni pclmulqdq dtes64 monitor ds_cpl vmx est tm2 ssse3 cx16 xtpr pdcm pcid sse4_1 sse4_2 x2apic popcnt tsc_deadline_timer aes xsave avx f16c rdrand lahf_lm ida arat epb xsaveopt pln pts dtherm tpr_shadow vnmi flexpriority ept vpid fsgsbase smep erms
bogomips	: 5188.52
clflush size	: 64
cache_alignment	: 64
address sizes	: 36 bits physical, 48 bits virtual
power management:



Memory: 4k page, physical 3891756k(143024k free), swap 262140k(0k free)

vm_info: Java HotSpot(TM) 64-Bit Server VM (25.20-b23) for linux-amd64 JRE (1.8.0_20-b26), built on Jul 30 2014 13:13:52 by "java_re" with gcc 4.3.0 20080428 (Red Hat 4.3.0-8)

time: Sun Feb  7 04:05:19 2016
elapsed time: 23 seconds (0d 0h 0m 23s)

