#
# There is insufficient memory for the Java Runtime Environment to continue.
# Native memory allocation (mmap) failed to map 138412032 bytes for committing reserved memory.
# Possible reasons:
#   The system is out of physical RAM or swap space
#   In 32 bit mode, the process size limit was hit
# Possible solutions:
#   Reduce memory load on the system
#   Increase physical memory or swap space
#   Check if swap backing store is full
#   Use 64 bit Java on a 64 bit OS
#   Decrease Java heap size (-Xmx/-Xms)
#   Decrease number of Java threads
#   Decrease Java thread stack sizes (-Xss)
#   Set larger code cache with -XX:ReservedCodeCacheSize=
# This output file may be truncated or incomplete.
#
#  Out of Memory Error (os_linux.cpp:2671), pid=12096, tid=140684596958976
#
# JRE version: Java(TM) SE Runtime Environment (8.0_20-b26) (build 1.8.0_20-b26)
# Java VM: Java HotSpot(TM) 64-Bit Server VM (25.20-b23 mixed mode linux-amd64 compressed oops)
# Failed to write core dump. Core dumps have been disabled. To enable core dumping, try "ulimit -c unlimited" before starting Java again
#

---------------  T H R E A D  ---------------

Current thread (0x00007ff3cc073800):  VMThread [stack: 0x00007ff3af5d5000,0x00007ff3af6d6000] [id=12122]

Stack: [0x00007ff3af5d5000,0x00007ff3af6d6000],  sp=0x00007ff3af6d40f0,  free space=1020k
Native frames: (J=compiled Java code, j=interpreted, Vv=VM code, C=native code)
V  [libjvm.so+0xa76cea]  VMError::report_and_die()+0x2ca
V  [libjvm.so+0x4e52fb]  report_vm_out_of_memory(char const*, int, unsigned long, VMErrorType, char const*)+0x8b
V  [libjvm.so+0x8e4ec3]  os::Linux::commit_memory_impl(char*, unsigned long, bool)+0x103
V  [libjvm.so+0x8e5419]  os::pd_commit_memory(char*, unsigned long, unsigned long, bool)+0x29
V  [libjvm.so+0x8df0ea]  os::commit_memory(char*, unsigned long, unsigned long, bool)+0x2a
V  [libjvm.so+0x94f1f3]  PSVirtualSpace::expand_by(unsigned long)+0x53
V  [libjvm.so+0x9505f8]  PSYoungGen::resize_generation(unsigned long, unsigned long)+0xf8
V  [libjvm.so+0x94f752]  PSYoungGen::resize(unsigned long, unsigned long)+0x22
V  [libjvm.so+0x94ca33]  PSScavenge::invoke_no_policy()+0xf53
V  [libjvm.so+0x94d1b1]  PSScavenge::invoke()+0x41
V  [libjvm.so+0x9070d0]  ParallelScavengeHeap::failed_mem_allocate(unsigned long)+0x70
V  [libjvm.so+0xa78367]  VM_ParallelGCFailedAllocation::doit()+0x97
V  [libjvm.so+0xa7fa85]  VM_Operation::evaluate()+0x55
V  [libjvm.so+0xa7de5a]  VMThread::evaluate_operation(VM_Operation*)+0xba
V  [libjvm.so+0xa7e1de]  VMThread::loop()+0x1ce
V  [libjvm.so+0xa7e650]  VMThread::run()+0x70
V  [libjvm.so+0x8e75f8]  java_start(Thread*)+0x108

VM_Operation (0x00007ff3d5d21f50): ParallelGCFailedAllocation, mode: safepoint, requested by thread 0x00007ff3cc00a000


---------------  P R O C E S S  ---------------

Java Threads: ( => current thread )
  0x00007ff3cc0d0800 JavaThread "Service Thread" daemon [_thread_blocked, id=12143, stack(0x00007ff3ae6bb000,0x00007ff3ae7bc000)]
  0x00007ff3cc0b3000 JavaThread "C1 CompilerThread2" daemon [_thread_blocked, id=12139, stack(0x00007ff3ae7bc000,0x00007ff3ae8bd000)]
  0x00007ff3cc0b1000 JavaThread "C2 CompilerThread1" daemon [_thread_blocked, id=12136, stack(0x00007ff3ae8bd000,0x00007ff3ae9be000)]
  0x00007ff3cc0ae000 JavaThread "C2 CompilerThread0" daemon [_thread_blocked, id=12133, stack(0x00007ff3ae9be000,0x00007ff3aeabf000)]
  0x00007ff3cc0ac000 JavaThread "Signal Dispatcher" daemon [_thread_blocked, id=12132, stack(0x00007ff3aeabf000,0x00007ff3aebc0000)]
  0x00007ff3cc07c800 JavaThread "Finalizer" daemon [_thread_blocked, id=12125, stack(0x00007ff3af3d3000,0x00007ff3af4d4000)]
  0x00007ff3cc07a800 JavaThread "Reference Handler" daemon [_thread_blocked, id=12124, stack(0x00007ff3af4d4000,0x00007ff3af5d5000)]
  0x00007ff3cc00a000 JavaThread "main" [_thread_blocked, id=12099, stack(0x00007ff3d5c23000,0x00007ff3d5d24000)]

Other Threads:
=>0x00007ff3cc073800 VMThread [stack: 0x00007ff3af5d5000,0x00007ff3af6d6000] [id=12122]
  0x00007ff3cc0db000 WatcherThread [stack: 0x00007ff3ae5ba000,0x00007ff3ae6bb000] [id=12144]

VM state:at safepoint (normal execution)

VM Mutex/Monitor currently owned by a thread:  ([mutex/lock_event])
[0x00007ff3cc006670] Threads_lock - owner thread: 0x00007ff3cc073800
[0x00007ff3cc006b70] Heap_lock - owner thread: 0x00007ff3cc00a000

Heap:
 PSYoungGen      total 135168K, used 14311K [0x00000000eab00000, 0x00000000f3f00000, 0x0000000100000000)
  eden space 120832K, 0% used [0x00000000eab00000,0x00000000eab00000,0x00000000f2100000)
  from space 14336K, 99% used [0x00000000f2100000,0x00000000f2ef9ca8,0x00000000f2f00000)
  to   space 12288K, 0% used [0x00000000f2f00000,0x00000000f2f00000,0x00000000f3b00000)
 ParOldGen       total 40960K, used 34761K [0x00000000c0000000, 0x00000000c2800000, 0x00000000eab00000)
  object space 40960K, 84% used [0x00000000c0000000,0x00000000c21f2440,0x00000000c2800000)
 Metaspace       used 6434K, capacity 7348K, committed 7552K, reserved 1056768K
  class space    used 619K, capacity 620K, committed 640K, reserved 1048576K

Card table byte_map: [0x00007ff3d2847000,0x00007ff3d2a48000] byte_map_base: 0x00007ff3d2247000

Marking Bits: (ParMarkBitMap*) 0x00007ff3d50ffac0
 Begin Bits: [0x00007ff3d02ed000, 0x00007ff3d12ed000)
 End Bits:   [0x00007ff3d12ed000, 0x00007ff3d22ed000)

Polling page: 0x00007ff3d5d45000

CodeCache: size=245760Kb used=7199Kb max_used=7199Kb free=238560Kb
 bounds [0x00007ff3bd000000, 0x00007ff3bd710000, 0x00007ff3cc000000]
 total_blobs=2220 nmethods=1957 adapters=178
 compilation: enabled

Compilation events (10 events):
Event: 10.184 Thread 0x00007ff3cc0b3000 nmethod 2397 0x00007ff3bd704c90 code [0x00007ff3bd704e00, 0x00007ff3bd704f70]
Event: 10.184 Thread 0x00007ff3cc0b3000 2393       2       com.android.dx.dex.code.form.Form11x::isCompatible (40 bytes)
Event: 10.185 Thread 0x00007ff3cc0b3000 nmethod 2393 0x00007ff3bd705050 code [0x00007ff3bd7051c0, 0x00007ff3bd705408]
Event: 10.208 Thread 0x00007ff3cc0b3000 2400 %     3       com.android.dx.dex.code.OutputFinisher::calculateReservedCount @ 16 (122 bytes)
Event: 10.238 Thread 0x00007ff3cc0b3000 nmethod 2400% 0x00007ff3bd705590 code [0x00007ff3bd7057c0, 0x00007ff3bd706378]
Event: 10.238 Thread 0x00007ff3cc0b3000 2402 %     3       com.android.dx.dex.code.OutputFinisher::assignAddresses @ 12 (51 bytes)
Event: 10.238 Thread 0x00007ff3cc0b3000 nmethod 2402% 0x00007ff3bd706ad0 code [0x00007ff3bd706cc0, 0x00007ff3bd707598]
Event: 10.238 Thread 0x00007ff3cc0b3000 2403 % !   3       com.android.dx.dex.code.OutputFinisher::fixBranches @ 12 (234 bytes)
Event: 10.244 Thread 0x00007ff3cc0b3000 nmethod 2403% 0x00007ff3bd707a90 code [0x00007ff3bd707ea0, 0x00007ff3bd70a398]
Event: 10.244 Thread 0x00007ff3cc0b3000 2406 %     3       com.android.dx.dex.code.PositionList::make @ 73 (224 bytes)

GC Heap History (10 events):
Event: 2.849 GC heap after
Heap after GC invocations=2 (full 0):
 PSYoungGen      total 33280K, used 2541K [0x00000000eab00000, 0x00000000ece00000, 0x0000000100000000)
  eden space 30720K, 0% used [0x00000000eab00000,0x00000000eab00000,0x00000000ec900000)
  from space 2560K, 99% used [0x00000000ecb80000,0x00000000ecdfb4a0,0x00000000ece00000)
  to   space 2560K, 0% used [0x00000000ec900000,0x00000000ec900000,0x00000000ecb80000)
 ParOldGen       total 40960K, used 4028K [0x00000000c0000000, 0x00000000c2800000, 0x00000000eab00000)
  object space 40960K, 9% used [0x00000000c0000000,0x00000000c03ef020,0x00000000c2800000)
 Metaspace       used 5700K, capacity 6832K, committed 7040K, reserved 1056768K
  class space    used 579K, capacity 616K, committed 640K, reserved 1048576K
}
Event: 3.935 GC heap before
{Heap before GC invocations=3 (full 0):
 PSYoungGen      total 33280K, used 33261K [0x00000000eab00000, 0x00000000ece00000, 0x0000000100000000)
  eden space 30720K, 100% used [0x00000000eab00000,0x00000000ec900000,0x00000000ec900000)
  from space 2560K, 99% used [0x00000000ecb80000,0x00000000ecdfb4a0,0x00000000ece00000)
  to   space 2560K, 0% used [0x00000000ec900000,0x00000000ec900000,0x00000000ecb80000)
 ParOldGen       total 40960K, used 4028K [0x00000000c0000000, 0x00000000c2800000, 0x00000000eab00000)
  object space 40960K, 9% used [0x00000000c0000000,0x00000000c03ef020,0x00000000c2800000)
 Metaspace       used 5756K, capacity 6896K, committed 7040K, reserved 1056768K
  class space    used 580K, capacity 616K, committed 640K, reserved 1048576K
Event: 4.002 GC heap after
Heap after GC invocations=3 (full 0):
 PSYoungGen      total 33280K, used 2535K [0x00000000eab00000, 0x00000000eec00000, 0x0000000100000000)
  eden space 30720K, 0% used [0x00000000eab00000,0x00000000eab00000,0x00000000ec900000)
  from space 2560K, 99% used [0x00000000ec900000,0x00000000ecb79fc0,0x00000000ecb80000)
  to   space 2560K, 0% used [0x00000000ee980000,0x00000000ee980000,0x00000000eec00000)
 ParOldGen       total 40960K, used 9010K [0x00000000c0000000, 0x00000000c2800000, 0x00000000eab00000)
  object space 40960K, 21% used [0x00000000c0000000,0x00000000c08cca40,0x00000000c2800000)
 Metaspace       used 5756K, capacity 6896K, committed 7040K, reserved 1056768K
  class space    used 580K, capacity 616K, committed 640K, reserved 1048576K
}
Event: 4.688 GC heap before
{Heap before GC invocations=4 (full 0):
 PSYoungGen      total 33280K, used 33255K [0x00000000eab00000, 0x00000000eec00000, 0x0000000100000000)
  eden space 30720K, 100% used [0x00000000eab00000,0x00000000ec900000,0x00000000ec900000)
  from space 2560K, 99% used [0x00000000ec900000,0x00000000ecb79fc0,0x00000000ecb80000)
  to   space 2560K, 0% used [0x00000000ee980000,0x00000000ee980000,0x00000000eec00000)
 ParOldGen       total 40960K, used 9010K [0x00000000c0000000, 0x00000000c2800000, 0x00000000eab00000)
  object space 40960K, 21% used [0x00000000c0000000,0x00000000c08cca40,0x00000000c2800000)
 Metaspace       used 5791K, capacity 6896K, committed 7040K, reserved 1056768K
  class space    used 580K, capacity 616K, committed 640K, reserved 1048576K
Event: 4.774 GC heap after
Heap after GC invocations=4 (full 0):
 PSYoungGen      total 64000K, used 2535K [0x00000000eab00000, 0x00000000eec00000, 0x0000000100000000)
  eden space 61440K, 0% used [0x00000000eab00000,0x00000000eab00000,0x00000000ee700000)
  from space 2560K, 99% used [0x00000000ee980000,0x00000000eebf9fc0,0x00000000eec00000)
  to   space 2560K, 0% used [0x00000000ee700000,0x00000000ee700000,0x00000000ee980000)
 ParOldGen       total 40960K, used 13199K [0x00000000c0000000, 0x00000000c2800000, 0x00000000eab00000)
  object space 40960K, 32% used [0x00000000c0000000,0x00000000c0ce3f30,0x00000000c2800000)
 Metaspace       used 5791K, capacity 6896K, committed 7040K, reserved 1056768K
  class space    used 580K, capacity 616K, committed 640K, reserved 1048576K
}
Event: 6.146 GC heap before
{Heap before GC invocations=5 (full 0):
 PSYoungGen      total 64000K, used 63975K [0x00000000eab00000, 0x00000000eec00000, 0x0000000100000000)
  eden space 61440K, 100% used [0x00000000eab00000,0x00000000ee700000,0x00000000ee700000)
  from space 2560K, 99% used [0x00000000ee980000,0x00000000eebf9fc0,0x00000000eec00000)
  to   space 2560K, 0% used [0x00000000ee700000,0x00000000ee700000,0x00000000ee980000)
 ParOldGen       total 40960K, used 13199K [0x00000000c0000000, 0x00000000c2800000, 0x00000000eab00000)
  object space 40960K, 32% used [0x00000000c0000000,0x00000000c0ce3f30,0x00000000c2800000)
 Metaspace       used 5874K, capacity 6960K, committed 7040K, reserved 1056768K
  class space    used 581K, capacity 616K, committed 640K, reserved 1048576K
Event: 6.226 GC heap after
Heap after GC invocations=5 (full 0):
 PSYoungGen      total 64000K, used 2543K [0x00000000eab00000, 0x00000000f3b00000, 0x0000000100000000)
  eden space 61440K, 0% used [0x00000000eab00000,0x00000000eab00000,0x00000000ee700000)
  from space 2560K, 99% used [0x00000000ee700000,0x00000000ee97bfa8,0x00000000ee980000)
  to   space 12288K, 0% used [0x00000000f2f00000,0x00000000f2f00000,0x00000000f3b00000)
 ParOldGen       total 40960K, used 22613K [0x00000000c0000000, 0x00000000c2800000, 0x00000000eab00000)
  object space 40960K, 55% used [0x00000000c0000000,0x00000000c1615770,0x00000000c2800000)
 Metaspace       used 5874K, capacity 6960K, committed 7040K, reserved 1056768K
  class space    used 581K, capacity 616K, committed 640K, reserved 1048576K
}
Event: 7.220 GC heap before
{Heap before GC invocations=6 (full 0):
 PSYoungGen      total 64000K, used 63983K [0x00000000eab00000, 0x00000000f3b00000, 0x0000000100000000)
  eden space 61440K, 100% used [0x00000000eab00000,0x00000000ee700000,0x00000000ee700000)
  from space 2560K, 99% used [0x00000000ee700000,0x00000000ee97bfa8,0x00000000ee980000)
  to   space 12288K, 0% used [0x00000000f2f00000,0x00000000f2f00000,0x00000000f3b00000)
 ParOldGen       total 40960K, used 22613K [0x00000000c0000000, 0x00000000c2800000, 0x00000000eab00000)
  object space 40960K, 55% used [0x00000000c0000000,0x00000000c1615770,0x00000000c2800000)
 Metaspace       used 5994K, capacity 7024K, committed 7296K, reserved 1056768K
  class space    used 600K, capacity 616K, committed 640K, reserved 1048576K
Event: 7.305 GC heap after
Heap after GC invocations=6 (full 0):
 PSYoungGen      total 133120K, used 11816K [0x00000000eab00000, 0x00000000f3f00000, 0x0000000100000000)
  eden space 120832K, 0% used [0x00000000eab00000,0x00000000eab00000,0x00000000f2100000)
  from space 12288K, 96% used [0x00000000f2f00000,0x00000000f3a8a2a8,0x00000000f3b00000)
  to   space 14336K, 0% used [0x00000000f2100000,0x00000000f2100000,0x00000000f2f00000)
 ParOldGen       total 40960K, used 22613K [0x00000000c0000000, 0x00000000c2800000, 0x00000000eab00000)
  object space 40960K, 55% used [0x00000000c0000000,0x00000000c1615770,0x00000000c2800000)
 Metaspace       used 5994K, capacity 7024K, committed 7296K, reserved 1056768K
  class space    used 600K, capacity 616K, committed 640K, reserved 1048576K
}
Event: 10.255 GC heap before
{Heap before GC invocations=7 (full 0):
 PSYoungGen      total 133120K, used 132648K [0x00000000eab00000, 0x00000000f3f00000, 0x0000000100000000)
  eden space 120832K, 100% used [0x00000000eab00000,0x00000000f2100000,0x00000000f2100000)
  from space 12288K, 96% used [0x00000000f2f00000,0x00000000f3a8a2a8,0x00000000f3b00000)
  to   space 14336K, 0% used [0x00000000f2100000,0x00000000f2100000,0x00000000f2f00000)
 ParOldGen       total 40960K, used 22613K [0x00000000c0000000, 0x00000000c2800000, 0x00000000eab00000)
  object space 40960K, 55% used [0x00000000c0000000,0x00000000c1615770,0x00000000c2800000)
 Metaspace       used 6434K, capacity 7348K, committed 7552K, reserved 1056768K
  class space    used 619K, capacity 620K, committed 640K, reserved 1048576K

Deoptimization events (10 events):
Event: 9.186 Thread 0x00007ff3cc00a000 Uncommon trap: reason=class_check action=maybe_recompile pc=0x00007ff3bd4451c0 method=java.util.Arrays.hashCode([Ljava/lang/Object;)I @ 43
Event: 9.186 Thread 0x00007ff3cc00a000 Uncommon trap: reason=class_check action=maybe_recompile pc=0x00007ff3bd41bb00 method=java.util.Arrays.hashCode([Ljava/lang/Object;)I @ 43
Event: 9.936 Thread 0x00007ff3cc00a000 Uncommon trap: reason=speculate_class_check action=maybe_recompile pc=0x00007ff3bd367c30 method=com.android.dx.util.FixedSizeList.equals(Ljava/lang/Object;)Z @ 25
Event: 10.076 Thread 0x00007ff3cc00a000 Uncommon trap: reason=speculate_class_check action=maybe_recompile pc=0x00007ff3bd367c30 method=com.android.dx.util.FixedSizeList.equals(Ljava/lang/Object;)Z @ 25
Event: 10.076 Thread 0x00007ff3cc00a000 Uncommon trap: reason=class_check action=maybe_recompile pc=0x00007ff3bd28d168 method=java.util.Arrays.equals([Ljava/lang/Object;[Ljava/lang/Object;)Z @ 62
Event: 10.076 Thread 0x00007ff3cc00a000 Uncommon trap: reason=speculate_class_check action=maybe_recompile pc=0x00007ff3bd367c30 method=com.android.dx.util.FixedSizeList.equals(Ljava/lang/Object;)Z @ 25
Event: 10.076 Thread 0x00007ff3cc00a000 Uncommon trap: reason=class_check action=maybe_recompile pc=0x00007ff3bd28d168 method=java.util.Arrays.equals([Ljava/lang/Object;[Ljava/lang/Object;)Z @ 62
Event: 10.076 Thread 0x00007ff3cc00a000 Uncommon trap: reason=speculate_class_check action=maybe_recompile pc=0x00007ff3bd367c30 method=com.android.dx.util.FixedSizeList.equals(Ljava/lang/Object;)Z @ 25
Event: 10.077 Thread 0x00007ff3cc00a000 Uncommon trap: reason=class_check action=maybe_recompile pc=0x00007ff3bd28d168 method=java.util.Arrays.equals([Ljava/lang/Object;[Ljava/lang/Object;)Z @ 62
Event: 10.077 Thread 0x00007ff3cc00a000 Uncommon trap: reason=class_check action=maybe_recompile pc=0x00007ff3bd28d168 method=java.util.Arrays.equals([Ljava/lang/Object;[Ljava/lang/Object;)Z @ 62

Internal exceptions (10 events):
Event: 9.874 Thread 0x00007ff3cc00a000 Exception <a 'java/security/PrivilegedActionException'> (0x00000000f1fd15a8) thrown at [/HUDSON/workspace/8-2-build-linux-amd64/jdk8u20/1074/hotspot/src/share/vm/prims/jvm.cpp, line 1275]
Event: 9.881 Thread 0x00007ff3cc00a000 Exception <a 'java/security/PrivilegedActionException'> (0x00000000f1fd6848) thrown at [/HUDSON/workspace/8-2-build-linux-amd64/jdk8u20/1074/hotspot/src/share/vm/prims/jvm.cpp, line 1275]
Event: 9.888 Thread 0x00007ff3cc00a000 Exception <a 'java/security/PrivilegedActionException'> (0x00000000f1fdcea0) thrown at [/HUDSON/workspace/8-2-build-linux-amd64/jdk8u20/1074/hotspot/src/share/vm/prims/jvm.cpp, line 1275]
Event: 9.889 Thread 0x00007ff3cc00a000 Exception <a 'java/security/PrivilegedActionException'> (0x00000000f1fdfec0) thrown at [/HUDSON/workspace/8-2-build-linux-amd64/jdk8u20/1074/hotspot/src/share/vm/prims/jvm.cpp, line 1275]
Event: 9.890 Thread 0x00007ff3cc00a000 Exception <a 'java/security/PrivilegedActionException'> (0x00000000f1fe4de0) thrown at [/HUDSON/workspace/8-2-build-linux-amd64/jdk8u20/1074/hotspot/src/share/vm/prims/jvm.cpp, line 1275]
Event: 9.890 Thread 0x00007ff3cc00a000 Exception <a 'java/security/PrivilegedActionException'> (0x00000000f1fe9588) thrown at [/HUDSON/workspace/8-2-build-linux-amd64/jdk8u20/1074/hotspot/src/share/vm/prims/jvm.cpp, line 1275]
Event: 9.922 Thread 0x00007ff3cc00a000 Exception <a 'java/security/PrivilegedActionException'> (0x00000000f1ffa588) thrown at [/HUDSON/workspace/8-2-build-linux-amd64/jdk8u20/1074/hotspot/src/share/vm/prims/jvm.cpp, line 1275]
Event: 9.938 Thread 0x00007ff3cc00a000 Exception <a 'java/security/PrivilegedActionException'> (0x00000000f1ffd610) thrown at [/HUDSON/workspace/8-2-build-linux-amd64/jdk8u20/1074/hotspot/src/share/vm/prims/jvm.cpp, line 1275]
Event: 9.938 Thread 0x00007ff3cc00a000 Exception <a 'java/security/PrivilegedActionException'> (0x00000000f2000868) thrown at [/HUDSON/workspace/8-2-build-linux-amd64/jdk8u20/1074/hotspot/src/share/vm/prims/jvm.cpp, line 1275]
Event: 9.955 Thread 0x00007ff3cc00a000 Exception <a 'java/security/PrivilegedActionException'> (0x00000000f2011360) thrown at [/HUDSON/workspace/8-2-build-linux-amd64/jdk8u20/1074/hotspot/src/share/vm/prims/jvm.cpp, line 1275]

Events (10 events):
Event: 10.076 Thread 0x00007ff3cc00a000 DEOPT UNPACKING pc=0x00007ff3bd004f69 sp=0x00007ff3d5d22130 mode 2
Event: 10.077 Thread 0x00007ff3cc00a000 Uncommon trap: trap_request=0xffffffde fr.pc=0x00007ff3bd28d168
Event: 10.077 Thread 0x00007ff3cc00a000 DEOPT PACKING pc=0x00007ff3bd28d168 sp=0x00007ff3d5d220e0
Event: 10.077 Thread 0x00007ff3cc00a000 DEOPT UNPACKING pc=0x00007ff3bd004f69 sp=0x00007ff3d5d220a0 mode 2
Event: 10.077 Thread 0x00007ff3cc00a000 Uncommon trap: trap_request=0xffffffde fr.pc=0x00007ff3bd28d168
Event: 10.077 Thread 0x00007ff3cc00a000 DEOPT PACKING pc=0x00007ff3bd28d168 sp=0x00007ff3d5d220e0
Event: 10.077 Thread 0x00007ff3cc00a000 DEOPT UNPACKING pc=0x00007ff3bd004f69 sp=0x00007ff3d5d220a0 mode 2
Event: 10.114 Thread 0x00007ff3cc00a000 DEOPT PACKING pc=0x00007ff3bd6d991e sp=0x00007ff3d5d22250
Event: 10.114 Thread 0x00007ff3cc00a000 DEOPT UNPACKING pc=0x00007ff3bd047373 sp=0x00007ff3d5d22020 mode 0
Event: 10.255 Executing VM operation: ParallelGCFailedAllocation


Dynamic libraries:
00400000-00401000 r-xp 00000000 08:03 2625528                            /home/xerxes/program_files/jdk1.8.0_20/bin/java
00600000-00601000 rw-p 00000000 08:03 2625528                            /home/xerxes/program_files/jdk1.8.0_20/bin/java
0196e000-0198f000 rw-p 00000000 00:00 0                                  [heap]
c0000000-c2800000 rw-p 00000000 00:00 0 
c2800000-eab00000 ---p 00000000 00:00 0 
eab00000-f3f00000 rw-p 00000000 00:00 0 
fc300000-100000000 ---p 00000000 00:00 0 
100000000-1000a0000 rw-p 00000000 00:00 0 
1000a0000-140000000 ---p 00000000 00:00 0 
7ff36c000000-7ff36c02a000 rw-p 00000000 00:00 0 
7ff36c02a000-7ff370000000 ---p 00000000 00:00 0 
7ff374000000-7ff37402c000 rw-p 00000000 00:00 0 
7ff37402c000-7ff378000000 ---p 00000000 00:00 0 
7ff378000000-7ff378021000 rw-p 00000000 00:00 0 
7ff378021000-7ff37c000000 ---p 00000000 00:00 0 
7ff37c000000-7ff37c037000 rw-p 00000000 00:00 0 
7ff37c037000-7ff380000000 ---p 00000000 00:00 0 
7ff380000000-7ff380021000 rw-p 00000000 00:00 0 
7ff380021000-7ff384000000 ---p 00000000 00:00 0 
7ff384000000-7ff384021000 rw-p 00000000 00:00 0 
7ff384021000-7ff388000000 ---p 00000000 00:00 0 
7ff388000000-7ff388021000 rw-p 00000000 00:00 0 
7ff388021000-7ff38c000000 ---p 00000000 00:00 0 
7ff38c000000-7ff38c9a3000 rw-p 00000000 00:00 0 
7ff38c9a3000-7ff390000000 ---p 00000000 00:00 0 
7ff390000000-7ff39093b000 rw-p 00000000 00:00 0 
7ff39093b000-7ff394000000 ---p 00000000 00:00 0 
7ff394000000-7ff394021000 rw-p 00000000 00:00 0 
7ff394021000-7ff398000000 ---p 00000000 00:00 0 
7ff398000000-7ff39876a000 rw-p 00000000 00:00 0 
7ff39876a000-7ff39c000000 ---p 00000000 00:00 0 
7ff39c000000-7ff39c021000 rw-p 00000000 00:00 0 
7ff39c021000-7ff3a0000000 ---p 00000000 00:00 0 
7ff3a0000000-7ff3a0021000 rw-p 00000000 00:00 0 
7ff3a0021000-7ff3a4000000 ---p 00000000 00:00 0 
7ff3a4000000-7ff3a427c000 rw-p 00000000 00:00 0 
7ff3a427c000-7ff3a8000000 ---p 00000000 00:00 0 
7ff3a8000000-7ff3a8021000 rw-p 00000000 00:00 0 
7ff3a8021000-7ff3ac000000 ---p 00000000 00:00 0 
7ff3ae0ac000-7ff3ae0af000 ---p 00000000 00:00 0 
7ff3ae0af000-7ff3ae1ad000 rw-p 00000000 00:00 0 
7ff3ae1ad000-7ff3ae1b0000 ---p 00000000 00:00 0 
7ff3ae1b0000-7ff3ae2ae000 rw-p 00000000 00:00 0 
7ff3ae2ae000-7ff3ae2b1000 ---p 00000000 00:00 0 
7ff3ae2b1000-7ff3ae3af000 rw-p 00000000 00:00 0 
7ff3ae3af000-7ff3ae3b2000 ---p 00000000 00:00 0 
7ff3ae3b2000-7ff3ae4b0000 rw-p 00000000 00:00 0 
7ff3ae4b0000-7ff3ae4b3000 ---p 00000000 00:00 0 
7ff3ae4b3000-7ff3ae5b1000 rw-p 00000000 00:00 0 
7ff3ae5ba000-7ff3ae5bb000 ---p 00000000 00:00 0 
7ff3ae5bb000-7ff3ae6bb000 rw-p 00000000 00:00 0                          [stack:12144]
7ff3ae6bb000-7ff3ae6be000 ---p 00000000 00:00 0 
7ff3ae6be000-7ff3ae7bc000 rw-p 00000000 00:00 0                          [stack:12143]
7ff3ae7bc000-7ff3ae7bf000 ---p 00000000 00:00 0 
7ff3ae7bf000-7ff3ae8bd000 rw-p 00000000 00:00 0                          [stack:12139]
7ff3ae8bd000-7ff3ae8c0000 ---p 00000000 00:00 0 
7ff3ae8c0000-7ff3ae9be000 rw-p 00000000 00:00 0                          [stack:12136]
7ff3ae9be000-7ff3ae9c1000 ---p 00000000 00:00 0 
7ff3ae9c1000-7ff3aeabf000 rw-p 00000000 00:00 0                          [stack:12133]
7ff3aeabf000-7ff3aeac2000 ---p 00000000 00:00 0 
7ff3aeac2000-7ff3aebc0000 rw-p 00000000 00:00 0                          [stack:12132]
7ff3aebc0000-7ff3af3d3000 r--p 00000000 08:03 1056786                    /usr/lib/locale/locale-archive
7ff3af3d3000-7ff3af3d6000 ---p 00000000 00:00 0 
7ff3af3d6000-7ff3af4d4000 rw-p 00000000 00:00 0                          [stack:12125]
7ff3af4d4000-7ff3af4d7000 ---p 00000000 00:00 0 
7ff3af4d7000-7ff3af5d5000 rw-p 00000000 00:00 0                          [stack:12124]
7ff3af5d5000-7ff3af5d6000 ---p 00000000 00:00 0 
7ff3af5d6000-7ff3b0000000 rw-p 00000000 00:00 0                          [stack:12122]
7ff3b0000000-7ff3b0021000 rw-p 00000000 00:00 0 
7ff3b0021000-7ff3b4000000 ---p 00000000 00:00 0 
7ff3b4000000-7ff3b4021000 rw-p 00000000 00:00 0 
7ff3b4021000-7ff3b8000000 ---p 00000000 00:00 0 
7ff3b8000000-7ff3b8021000 rw-p 00000000 00:00 0 
7ff3b8021000-7ff3bc000000 ---p 00000000 00:00 0 
7ff3bc003000-7ff3bc62a000 rw-p 00000000 00:00 0 
7ff3bc62a000-7ff3bc800000 r--s 03ca8000 08:03 398403                     /home/xerxes/program_files/jdk1.8.0_20/jre/lib/rt.jar
7ff3bc800000-7ff3bcec0000 rw-p 00000000 00:00 0 
7ff3bcec0000-7ff3bd000000 ---p 00000000 00:00 0 
7ff3bd000000-7ff3bd710000 rwxp 00000000 00:00 0 
7ff3bd710000-7ff3cc000000 ---p 00000000 00:00 0 
7ff3cc000000-7ff3cc395000 rw-p 00000000 00:00 0 
7ff3cc395000-7ff3d0000000 ---p 00000000 00:00 0 
7ff3d0005000-7ff3d0014000 r--s 000df000 08:03 924283                     /home/xerxes/program_files/adt-bundle/sdk/build-tools/23.0.1/lib/dx.jar
7ff3d0014000-7ff3d22ed000 rw-p 00000000 00:00 0 
7ff3d22ed000-7ff3d22ee000 ---p 00000000 00:00 0 
7ff3d22ee000-7ff3d23ee000 rw-p 00000000 00:00 0                          [stack:12108]
7ff3d23ee000-7ff3d23ef000 ---p 00000000 00:00 0 
7ff3d23ef000-7ff3d24ef000 rw-p 00000000 00:00 0                          [stack:12107]
7ff3d24ef000-7ff3d24f0000 ---p 00000000 00:00 0 
7ff3d24f0000-7ff3d25f0000 rw-p 00000000 00:00 0                          [stack:12106]
7ff3d25f0000-7ff3d25f1000 ---p 00000000 00:00 0 
7ff3d25f1000-7ff3d2705000 rw-p 00000000 00:00 0                          [stack:12105]
7ff3d2705000-7ff3d2847000 ---p 00000000 00:00 0 
7ff3d2847000-7ff3d285b000 rw-p 00000000 00:00 0 
7ff3d285b000-7ff3d299c000 ---p 00000000 00:00 0 
7ff3d299c000-7ff3d29e7000 rw-p 00000000 00:00 0 
7ff3d29e7000-7ff3d2a47000 ---p 00000000 00:00 0 
7ff3d2a47000-7ff3d2a65000 rw-p 00000000 00:00 0 
7ff3d2a65000-7ff3d2e08000 ---p 00000000 00:00 0 
7ff3d2e08000-7ff3d2e22000 r-xp 00000000 08:03 398283                     /home/xerxes/program_files/jdk1.8.0_20/jre/lib/amd64/libzip.so
7ff3d2e22000-7ff3d3022000 ---p 0001a000 08:03 398283                     /home/xerxes/program_files/jdk1.8.0_20/jre/lib/amd64/libzip.so
7ff3d3022000-7ff3d3023000 rw-p 0001a000 08:03 398283                     /home/xerxes/program_files/jdk1.8.0_20/jre/lib/amd64/libzip.so
7ff3d3023000-7ff3d302e000 r-xp 00000000 08:03 131161                     /lib/x86_64-linux-gnu/libnss_files-2.19.so
7ff3d302e000-7ff3d322d000 ---p 0000b000 08:03 131161                     /lib/x86_64-linux-gnu/libnss_files-2.19.so
7ff3d322d000-7ff3d322e000 r--p 0000a000 08:03 131161                     /lib/x86_64-linux-gnu/libnss_files-2.19.so
7ff3d322e000-7ff3d322f000 rw-p 0000b000 08:03 131161                     /lib/x86_64-linux-gnu/libnss_files-2.19.so
7ff3d322f000-7ff3d323a000 r-xp 00000000 08:03 131278                     /lib/x86_64-linux-gnu/libnss_nis-2.19.so
7ff3d323a000-7ff3d3439000 ---p 0000b000 08:03 131278                     /lib/x86_64-linux-gnu/libnss_nis-2.19.so
7ff3d3439000-7ff3d343a000 r--p 0000a000 08:03 131278                     /lib/x86_64-linux-gnu/libnss_nis-2.19.so
7ff3d343a000-7ff3d343b000 rw-p 0000b000 08:03 131278                     /lib/x86_64-linux-gnu/libnss_nis-2.19.so
7ff3d343b000-7ff3d3452000 r-xp 00000000 08:03 131267                     /lib/x86_64-linux-gnu/libnsl-2.19.so
7ff3d3452000-7ff3d3651000 ---p 00017000 08:03 131267                     /lib/x86_64-linux-gnu/libnsl-2.19.so
7ff3d3651000-7ff3d3652000 r--p 00016000 08:03 131267                     /lib/x86_64-linux-gnu/libnsl-2.19.so
7ff3d3652000-7ff3d3653000 rw-p 00017000 08:03 131267                     /lib/x86_64-linux-gnu/libnsl-2.19.so
7ff3d3653000-7ff3d3655000 rw-p 00000000 00:00 0 
7ff3d3655000-7ff3d365e000 r-xp 00000000 08:03 131175                     /lib/x86_64-linux-gnu/libnss_compat-2.19.so
7ff3d365e000-7ff3d385d000 ---p 00009000 08:03 131175                     /lib/x86_64-linux-gnu/libnss_compat-2.19.so
7ff3d385d000-7ff3d385e000 r--p 00008000 08:03 131175                     /lib/x86_64-linux-gnu/libnss_compat-2.19.so
7ff3d385e000-7ff3d385f000 rw-p 00009000 08:03 131175                     /lib/x86_64-linux-gnu/libnss_compat-2.19.so
7ff3d385f000-7ff3d3889000 r-xp 00000000 08:03 398260                     /home/xerxes/program_files/jdk1.8.0_20/jre/lib/amd64/libjava.so
7ff3d3889000-7ff3d3a89000 ---p 0002a000 08:03 398260                     /home/xerxes/program_files/jdk1.8.0_20/jre/lib/amd64/libjava.so
7ff3d3a89000-7ff3d3a8b000 rw-p 0002a000 08:03 398260                     /home/xerxes/program_files/jdk1.8.0_20/jre/lib/amd64/libjava.so
7ff3d3a8b000-7ff3d3a98000 r-xp 00000000 08:03 398225                     /home/xerxes/program_files/jdk1.8.0_20/jre/lib/amd64/libverify.so
7ff3d3a98000-7ff3d3c98000 ---p 0000d000 08:03 398225                     /home/xerxes/program_files/jdk1.8.0_20/jre/lib/amd64/libverify.so
7ff3d3c98000-7ff3d3c9a000 rw-p 0000d000 08:03 398225                     /home/xerxes/program_files/jdk1.8.0_20/jre/lib/amd64/libverify.so
7ff3d3c9a000-7ff3d3ca1000 r-xp 00000000 08:03 131275                     /lib/x86_64-linux-gnu/librt-2.19.so
7ff3d3ca1000-7ff3d3ea0000 ---p 00007000 08:03 131275                     /lib/x86_64-linux-gnu/librt-2.19.so
7ff3d3ea0000-7ff3d3ea1000 r--p 00006000 08:03 131275                     /lib/x86_64-linux-gnu/librt-2.19.so
7ff3d3ea1000-7ff3d3ea2000 rw-p 00007000 08:03 131275                     /lib/x86_64-linux-gnu/librt-2.19.so
7ff3d3ea2000-7ff3d3fa7000 r-xp 00000000 08:03 131101                     /lib/x86_64-linux-gnu/libm-2.19.so
7ff3d3fa7000-7ff3d41a6000 ---p 00105000 08:03 131101                     /lib/x86_64-linux-gnu/libm-2.19.so
7ff3d41a6000-7ff3d41a7000 r--p 00104000 08:03 131101                     /lib/x86_64-linux-gnu/libm-2.19.so
7ff3d41a7000-7ff3d41a8000 rw-p 00105000 08:03 131101                     /lib/x86_64-linux-gnu/libm-2.19.so
7ff3d41a8000-7ff3d4e12000 r-xp 00000000 08:03 398147                     /home/xerxes/program_files/jdk1.8.0_20/jre/lib/amd64/server/libjvm.so
7ff3d4e12000-7ff3d5011000 ---p 00c6a000 08:03 398147                     /home/xerxes/program_files/jdk1.8.0_20/jre/lib/amd64/server/libjvm.so
7ff3d5011000-7ff3d50e8000 rw-p 00c69000 08:03 398147                     /home/xerxes/program_files/jdk1.8.0_20/jre/lib/amd64/server/libjvm.so
7ff3d50e8000-7ff3d512a000 rw-p 00000000 00:00 0 
7ff3d512a000-7ff3d52e5000 r-xp 00000000 08:03 131272                     /lib/x86_64-linux-gnu/libc-2.19.so
7ff3d52e5000-7ff3d54e4000 ---p 001bb000 08:03 131272                     /lib/x86_64-linux-gnu/libc-2.19.so
7ff3d54e4000-7ff3d54e8000 r--p 001ba000 08:03 131272                     /lib/x86_64-linux-gnu/libc-2.19.so
7ff3d54e8000-7ff3d54ea000 rw-p 001be000 08:03 131272                     /lib/x86_64-linux-gnu/libc-2.19.so
7ff3d54ea000-7ff3d54ef000 rw-p 00000000 00:00 0 
7ff3d54ef000-7ff3d54f2000 r-xp 00000000 08:03 131166                     /lib/x86_64-linux-gnu/libdl-2.19.so
7ff3d54f2000-7ff3d56f1000 ---p 00003000 08:03 131166                     /lib/x86_64-linux-gnu/libdl-2.19.so
7ff3d56f1000-7ff3d56f2000 r--p 00002000 08:03 131166                     /lib/x86_64-linux-gnu/libdl-2.19.so
7ff3d56f2000-7ff3d56f3000 rw-p 00003000 08:03 131166                     /lib/x86_64-linux-gnu/libdl-2.19.so
7ff3d56f3000-7ff3d5708000 r-xp 00000000 08:03 398291                     /home/xerxes/program_files/jdk1.8.0_20/lib/amd64/jli/libjli.so
7ff3d5708000-7ff3d5907000 ---p 00015000 08:03 398291                     /home/xerxes/program_files/jdk1.8.0_20/lib/amd64/jli/libjli.so
7ff3d5907000-7ff3d5908000 rw-p 00014000 08:03 398291                     /home/xerxes/program_files/jdk1.8.0_20/lib/amd64/jli/libjli.so
7ff3d5908000-7ff3d5921000 r-xp 00000000 08:03 131273                     /lib/x86_64-linux-gnu/libpthread-2.19.so
7ff3d5921000-7ff3d5b20000 ---p 00019000 08:03 131273                     /lib/x86_64-linux-gnu/libpthread-2.19.so
7ff3d5b20000-7ff3d5b21000 r--p 00018000 08:03 131273                     /lib/x86_64-linux-gnu/libpthread-2.19.so
7ff3d5b21000-7ff3d5b22000 rw-p 00019000 08:03 131273                     /lib/x86_64-linux-gnu/libpthread-2.19.so
7ff3d5b22000-7ff3d5b26000 rw-p 00000000 00:00 0 
7ff3d5b26000-7ff3d5b49000 r-xp 00000000 08:03 131269                     /lib/x86_64-linux-gnu/ld-2.19.so
7ff3d5b50000-7ff3d5c23000 rw-p 00000000 00:00 0 
7ff3d5c23000-7ff3d5c26000 ---p 00000000 00:00 0 
7ff3d5c26000-7ff3d5d3c000 rw-p 00000000 00:00 0                          [stack:12099]
7ff3d5d3c000-7ff3d5d44000 rw-s 00000000 08:03 941982                     /tmp/hsperfdata_xerxes/12096
7ff3d5d44000-7ff3d5d45000 rw-p 00000000 00:00 0 
7ff3d5d45000-7ff3d5d46000 ---p 00000000 00:00 0 
7ff3d5d46000-7ff3d5d48000 rw-p 00000000 00:00 0 
7ff3d5d48000-7ff3d5d49000 r--p 00022000 08:03 131269                     /lib/x86_64-linux-gnu/ld-2.19.so
7ff3d5d49000-7ff3d5d4a000 rw-p 00023000 08:03 131269                     /lib/x86_64-linux-gnu/ld-2.19.so
7ff3d5d4a000-7ff3d5d4b000 rw-p 00000000 00:00 0 
7ffc3c286000-7ffc3c2a8000 rw-p 00000000 00:00 0                          [stack]
7ffc3c2df000-7ffc3c2e1000 r-xp 00000000 00:00 0                          [vdso]
ffffffffff600000-ffffffffff601000 r-xp 00000000 00:00 0                  [vsyscall]

VM Arguments:
jvm_args: -Djava.awt.headless=true -Xmx1024M -Dfile.encoding=UTF-8 -Duser.country=US -Duser.language=en -Duser.variant 
java_command: com.android.dx.command.Main --dex --num-threads=4 --output /home/xerxes/finalyrproject/CDAMAPP/app/build/intermediates/pre-dexed/debug/com.android.support-appcompat-v7-23.1.1_efb16422d96c13181236296239f9ac0830fd4196.jar /home/xerxes/finalyrproject/CDAMAPP/app/build/intermediates/exploded-aar/com.android.support/appcompat-v7/23.1.1/jars/classes.jar
java_class_path (initial): /home/xerxes/program_files/adt-bundle/sdk/build-tools/23.0.1/lib/dx.jar
Launcher Type: SUN_STANDARD

Environment Variables:
JAVA_HOME=/home/xerxes/program_files/jdk1.8.0_20/bin
PATH=/home/xerxes/program_files/android-studio/bin:/home/xerxes/program_files/arduino-1.0.6:/home/xerxes/program_files/argouml-0.34:/home/xerxes/program_files/adt-bundle/sdk/tools:/home/xerxes/program_files/eclipse:/opt/lampp/bin:/home/xerxes/program_files/netbeans-7.1rc1/bin:/home/xerxes/program_files/jdk1.8.0_20/bin:/usr/local/sbin:/usr/local/bin:/usr/sbin:/usr/bin:/sbin:/bin:/usr/games:/usr/local/games
LD_LIBRARY_PATH=program_files/android-studio/bin:
SHELL=/bin/bash
DISPLAY=:0

Signal Handlers:
SIGSEGV: [libjvm.so+0xa77530], sa_mask[0]=11111111011111111101111111111110, sa_flags=SA_RESTART|SA_SIGINFO
SIGBUS: [libjvm.so+0xa77530], sa_mask[0]=11111111011111111101111111111110, sa_flags=SA_RESTART|SA_SIGINFO
SIGFPE: [libjvm.so+0x8e1d90], sa_mask[0]=11111111011111111101111111111110, sa_flags=SA_RESTART|SA_SIGINFO
SIGPIPE: [libjvm.so+0x8e1d90], sa_mask[0]=11111111011111111101111111111110, sa_flags=SA_RESTART|SA_SIGINFO
SIGXFSZ: [libjvm.so+0x8e1d90], sa_mask[0]=11111111011111111101111111111110, sa_flags=SA_RESTART|SA_SIGINFO
SIGILL: [libjvm.so+0x8e1d90], sa_mask[0]=11111111011111111101111111111110, sa_flags=SA_RESTART|SA_SIGINFO
SIGUSR1: SIG_DFL, sa_mask[0]=00000000000000000000000000000000, sa_flags=none
SIGUSR2: [libjvm.so+0x8e35c0], sa_mask[0]=00100000000000000000000000000000, sa_flags=SA_RESTART|SA_SIGINFO
SIGHUP: [libjvm.so+0x8e4980], sa_mask[0]=11111111011111111101111111111110, sa_flags=SA_RESTART|SA_SIGINFO
SIGINT: [libjvm.so+0x8e4980], sa_mask[0]=11111111011111111101111111111110, sa_flags=SA_RESTART|SA_SIGINFO
SIGTERM: [libjvm.so+0x8e4980], sa_mask[0]=11111111011111111101111111111110, sa_flags=SA_RESTART|SA_SIGINFO
SIGQUIT: [libjvm.so+0x8e4980], sa_mask[0]=11111111011111111101111111111110, sa_flags=SA_RESTART|SA_SIGINFO


---------------  S Y S T E M  ---------------

OS:DISTRIB_ID=Ubuntu
DISTRIB_RELEASE=14.04
DISTRIB_CODENAME=trusty
DISTRIB_DESCRIPTION="Ubuntu 14.04.2 LTS"

uname:Linux 3.13.0-49-generic #81-Ubuntu SMP Tue Mar 24 19:29:48 UTC 2015 x86_64
libc:glibc 2.19 NPTL 2.19 
rlimit: STACK 8192k, CORE 0k, NPROC 30235, NOFILE 4096, AS infinity
load average:5.61 1.94 1.68

/proc/meminfo:
MemTotal:        3891756 kB
MemFree:          108780 kB
Buffers:             964 kB
Cached:           269680 kB
SwapCached:        18588 kB
Active:          2599328 kB
Inactive:        1023000 kB
Active(anon):    2581424 kB
Inactive(anon):  1007548 kB
Active(file):      17904 kB
Inactive(file):    15452 kB
Unevictable:          56 kB
Mlocked:              56 kB
SwapTotal:        262140 kB
SwapFree:              0 kB
Dirty:               136 kB
Writeback:             0 kB
AnonPages:       3333552 kB
Mapped:            36736 kB
Shmem:            237132 kB
Slab:              64676 kB
SReclaimable:      28344 kB
SUnreclaim:        36332 kB
KernelStack:        5480 kB
PageTables:        39688 kB
NFS_Unstable:          0 kB
Bounce:                0 kB
WritebackTmp:          0 kB
CommitLimit:     2208016 kB
Committed_AS:    7351584 kB
VmallocTotal:   34359738367 kB
VmallocUsed:      402360 kB
VmallocChunk:   34359327736 kB
HardwareCorrupted:     0 kB
AnonHugePages:   1474560 kB
HugePages_Total:       0
HugePages_Free:        0
HugePages_Rsvd:        0
HugePages_Surp:        0
Hugepagesize:       2048 kB
DirectMap4k:       77620 kB
DirectMap2M:     3960832 kB


CPU:total 4 (2 cores per cpu, 2 threads per core) family 6 model 58 stepping 9, cmov, cx8, fxsr, mmx, sse, sse2, sse3, ssse3, sse4.1, sse4.2, popcnt, avx, aes, clmul, erms, ht, tsc, tscinvbit, tscinv

/proc/cpuinfo:
processor	: 0
vendor_id	: GenuineIntel
cpu family	: 6
model		: 58
model name	: Intel(R) Core(TM) i5-3230M CPU @ 2.60GHz
stepping	: 9
microcode	: 0x15
cpu MHz		: 2601.000
cache size	: 3072 KB
physical id	: 0
siblings	: 4
core id		: 0
cpu cores	: 2
apicid		: 0
initial apicid	: 0
fpu		: yes
fpu_exception	: yes
cpuid level	: 13
wp		: yes
flags		: fpu vme de pse tsc msr pae mce cx8 apic sep mtrr pge mca cmov pat pse36 clflush dts acpi mmx fxsr sse sse2 ss ht tm pbe syscall nx rdtscp lm constant_tsc arch_perfmon pebs bts rep_good nopl xtopology nonstop_tsc aperfmperf eagerfpu pni pclmulqdq dtes64 monitor ds_cpl vmx est tm2 ssse3 cx16 xtpr pdcm pcid sse4_1 sse4_2 x2apic popcnt tsc_deadline_timer aes xsave avx f16c rdrand lahf_lm ida arat epb xsaveopt pln pts dtherm tpr_shadow vnmi flexpriority ept vpid fsgsbase smep erms
bogomips	: 5188.35
clflush size	: 64
cache_alignment	: 64
address sizes	: 36 bits physical, 48 bits virtual
power management:

processor	: 1
vendor_id	: GenuineIntel
cpu family	: 6
model		: 58
model name	: Intel(R) Core(TM) i5-3230M CPU @ 2.60GHz
stepping	: 9
microcode	: 0x15
cpu MHz		: 2601.000
cache size	: 3072 KB
physical id	: 0
siblings	: 4
core id		: 0
cpu cores	: 2
apicid		: 1
initial apicid	: 1
fpu		: yes
fpu_exception	: yes
cpuid level	: 13
wp		: yes
flags		: fpu vme de pse tsc msr pae mce cx8 apic sep mtrr pge mca cmov pat pse36 clflush dts acpi mmx fxsr sse sse2 ss ht tm pbe syscall nx rdtscp lm constant_tsc arch_perfmon pebs bts rep_good nopl xtopology nonstop_tsc aperfmperf eagerfpu pni pclmulqdq dtes64 monitor ds_cpl vmx est tm2 ssse3 cx16 xtpr pdcm pcid sse4_1 sse4_2 x2apic popcnt tsc_deadline_timer aes xsave avx f16c rdrand lahf_lm ida arat epb xsaveopt pln pts dtherm tpr_shadow vnmi flexpriority ept vpid fsgsbase smep erms
bogomips	: 5188.35
clflush size	: 64
cache_alignment	: 64
address sizes	: 36 bits physical, 48 bits virtual
power management:

processor	: 2
vendor_id	: GenuineIntel
cpu family	: 6
model		: 58
model name	: Intel(R) Core(TM) i5-3230M CPU @ 2.60GHz
stepping	: 9
microcode	: 0x15
cpu MHz		: 2601.000
cache size	: 3072 KB
physical id	: 0
siblings	: 4
core id		: 1
cpu cores	: 2
apicid		: 2
initial apicid	: 2
fpu		: yes
fpu_exception	: yes
cpuid level	: 13
wp		: yes
flags		: fpu vme de pse tsc msr pae mce cx8 apic sep mtrr pge mca cmov pat pse36 clflush dts acpi mmx fxsr sse sse2 ss ht tm pbe syscall nx rdtscp lm constant_tsc arch_perfmon pebs bts rep_good nopl xtopology nonstop_tsc aperfmperf eagerfpu pni pclmulqdq dtes64 monitor ds_cpl vmx est tm2 ssse3 cx16 xtpr pdcm pcid sse4_1 sse4_2 x2apic popcnt tsc_deadline_timer aes xsave avx f16c rdrand lahf_lm ida arat epb xsaveopt pln pts dtherm tpr_shadow vnmi flexpriority ept vpid fsgsbase smep erms
bogomips	: 5188.35
clflush size	: 64
cache_alignment	: 64
address sizes	: 36 bits physical, 48 bits virtual
power management:

processor	: 3
vendor_id	: GenuineIntel
cpu family	: 6
model		: 58
model name	: Intel(R) Core(TM) i5-3230M CPU @ 2.60GHz
stepping	: 9
microcode	: 0x15
cpu MHz		: 2601.000
cache size	: 3072 KB
physical id	: 0
siblings	: 4
core id		: 1
cpu cores	: 2
apicid		: 3
initial apicid	: 3
fpu		: yes
fpu_exception	: yes
cpuid level	: 13
wp		: yes
flags		: fpu vme de pse tsc msr pae mce cx8 apic sep mtrr pge mca cmov pat pse36 clflush dts acpi mmx fxsr sse sse2 ss ht tm pbe syscall nx rdtscp lm constant_tsc arch_perfmon pebs bts rep_good nopl xtopology nonstop_tsc aperfmperf eagerfpu pni pclmulqdq dtes64 monitor ds_cpl vmx est tm2 ssse3 cx16 xtpr pdcm pcid sse4_1 sse4_2 x2apic popcnt tsc_deadline_timer aes xsave avx f16c rdrand lahf_lm ida arat epb xsaveopt pln pts dtherm tpr_shadow vnmi flexpriority ept vpid fsgsbase smep erms
bogomips	: 5188.35
clflush size	: 64
cache_alignment	: 64
address sizes	: 36 bits physical, 48 bits virtual
power management:



Memory: 4k page, physical 3891756k(108780k free), swap 262140k(0k free)

vm_info: Java HotSpot(TM) 64-Bit Server VM (25.20-b23) for linux-amd64 JRE (1.8.0_20-b26), built on Jul 30 2014 13:13:52 by "java_re" with gcc 4.3.0 20080428 (Red Hat 4.3.0-8)

time: Sun Feb  7 02:57:08 2016
elapsed time: 13 seconds (0d 0h 0m 13s)

